[0.315s] DEBUG:colcon:Command line arguments: ['/usr/bin/colcon', 'list', '-p', '--base-paths', '/home/sash/smart_cane_ws']
[0.317s] DEBUG:colcon:Parsed command line arguments: Namespace(log_base=None, log_level=None, verb_name='list', build_base='build', ignore_user_meta=False, metas=['./colcon.meta'], base_paths=['/home/sash/smart_cane_ws'], packages_ignore=None, packages_ignore_regex=None, paths=None, packages_up_to=None, packages_up_to_regex=None, packages_above=None, packages_above_and_dependencies=None, packages_above_depth=None, packages_select_by_dep=None, packages_skip_by_dep=None, packages_skip_up_to=None, packages_select_build_failed=False, packages_skip_build_finished=False, packages_select_test_failures=False, packages_skip_test_passed=False, packages_select=None, packages_skip=None, packages_select_regex=None, packages_skip_regex=None, packages_start=None, packages_end=None, allow_overriding=[], topological_order=False, names_only=False, paths_only=True, topological_graph=False, topological_graph_dot=False, topological_graph_density=False, topological_graph_legend=False, topological_graph_dot_cluster=False, topological_graph_dot_include_skipped=False, verb_parser=<colcon_defaults.argument_parser.defaults.DefaultArgumentsDecorator object at 0x7b9797003ee0>, verb_extension=<colcon_package_information.verb.list.ListVerb object at 0x7b97971cce50>, main=<bound method ListVerb.main of <colcon_package_information.verb.list.ListVerb object at 0x7b97971cce50>>)
[1.029s] Level 1:colcon.colcon_core.package_discovery:discover_packages(colcon_meta) check parameters
[1.029s] Level 1:colcon.colcon_core.package_discovery:discover_packages(recursive) check parameters
[1.029s] Level 1:colcon.colcon_core.package_discovery:discover_packages(ignore) check parameters
[1.029s] Level 1:colcon.colcon_core.package_discovery:discover_packages(path) check parameters
[1.029s] Level 1:colcon.colcon_core.package_discovery:discover_packages(recursive) discover
[1.030s] INFO:colcon.colcon_core.package_discovery:Crawling recursively for packages in '/home/sash/smart_cane_ws'
[1.030s] Level 1:colcon.colcon_core.package_identification:_identify(/home/sash/smart_cane_ws) by extensions ['ignore', 'ignore_ament_install']
[1.031s] Level 1:colcon.colcon_core.package_identification:_identify(/home/sash/smart_cane_ws) by extension 'ignore'
[1.031s] Level 1:colcon.colcon_core.package_identification:_identify(/home/sash/smart_cane_ws) by extension 'ignore_ament_install'
[1.031s] Level 1:colcon.colcon_core.package_identification:_identify(/home/sash/smart_cane_ws) by extensions ['colcon_pkg']
[1.032s] Level 1:colcon.colcon_core.package_identification:_identify(/home/sash/smart_cane_ws) by extension 'colcon_pkg'
[1.032s] Level 1:colcon.colcon_core.package_identification:_identify(/home/sash/smart_cane_ws) by extensions ['colcon_meta']
[1.032s] Level 1:colcon.colcon_core.package_identification:_identify(/home/sash/smart_cane_ws) by extension 'colcon_meta'
[1.032s] Level 1:colcon.colcon_core.package_identification:_identify(/home/sash/smart_cane_ws) by extensions ['ros']
[1.032s] Level 1:colcon.colcon_core.package_identification:_identify(/home/sash/smart_cane_ws) by extension 'ros'
[1.063s] Level 1:colcon.colcon_core.package_identification:_identify(/home/sash/smart_cane_ws) by extensions ['cmake', 'python']
[1.063s] Level 1:colcon.colcon_core.package_identification:_identify(/home/sash/smart_cane_ws) by extension 'cmake'
[1.064s] Level 1:colcon.colcon_core.package_identification:_identify(/home/sash/smart_cane_ws) by extension 'python'
[1.064s] Level 1:colcon.colcon_core.package_identification:_identify(/home/sash/smart_cane_ws) by extensions ['python_setup_py']
[1.064s] Level 1:colcon.colcon_core.package_identification:_identify(/home/sash/smart_cane_ws) by extension 'python_setup_py'
[1.064s] Level 1:colcon.colcon_core.package_identification:_identify(/home/sash/smart_cane_ws/build) by extensions ['ignore', 'ignore_ament_install']
[1.065s] Level 1:colcon.colcon_core.package_identification:_identify(/home/sash/smart_cane_ws/build) by extension 'ignore'
[1.065s] Level 1:colcon.colcon_core.package_identification:_identify(/home/sash/smart_cane_ws/build) ignored
[1.066s] Level 1:colcon.colcon_core.package_identification:_identify(/home/sash/smart_cane_ws/install) by extensions ['ignore', 'ignore_ament_install']
[1.066s] Level 1:colcon.colcon_core.package_identification:_identify(/home/sash/smart_cane_ws/install) by extension 'ignore'
[1.066s] Level 1:colcon.colcon_core.package_identification:_identify(/home/sash/smart_cane_ws/install) ignored
[1.067s] Level 1:colcon.colcon_core.package_identification:_identify(/home/sash/smart_cane_ws/log) by extensions ['ignore', 'ignore_ament_install']
[1.067s] Level 1:colcon.colcon_core.package_identification:_identify(/home/sash/smart_cane_ws/log) by extension 'ignore'
[1.067s] Level 1:colcon.colcon_core.package_identification:_identify(/home/sash/smart_cane_ws/log) ignored
[1.068s] Level 1:colcon.colcon_core.package_identification:_identify(/home/sash/smart_cane_ws/src) by extensions ['ignore', 'ignore_ament_install']
[1.068s] Level 1:colcon.colcon_core.package_identification:_identify(/home/sash/smart_cane_ws/src) by extension 'ignore'
[1.068s] Level 1:colcon.colcon_core.package_identification:_identify(/home/sash/smart_cane_ws/src) by extension 'ignore_ament_install'
[1.068s] Level 1:colcon.colcon_core.package_identification:_identify(/home/sash/smart_cane_ws/src) by extensions ['colcon_pkg']
[1.068s] Level 1:colcon.colcon_core.package_identification:_identify(/home/sash/smart_cane_ws/src) by extension 'colcon_pkg'
[1.069s] Level 1:colcon.colcon_core.package_identification:_identify(/home/sash/smart_cane_ws/src) by extensions ['colcon_meta']
[1.069s] Level 1:colcon.colcon_core.package_identification:_identify(/home/sash/smart_cane_ws/src) by extension 'colcon_meta'
[1.069s] Level 1:colcon.colcon_core.package_identification:_identify(/home/sash/smart_cane_ws/src) by extensions ['ros']
[1.069s] Level 1:colcon.colcon_core.package_identification:_identify(/home/sash/smart_cane_ws/src) by extension 'ros'
[1.069s] Level 1:colcon.colcon_core.package_identification:_identify(/home/sash/smart_cane_ws/src) by extensions ['cmake', 'python']
[1.069s] Level 1:colcon.colcon_core.package_identification:_identify(/home/sash/smart_cane_ws/src) by extension 'cmake'
[1.069s] Level 1:colcon.colcon_core.package_identification:_identify(/home/sash/smart_cane_ws/src) by extension 'python'
[1.069s] Level 1:colcon.colcon_core.package_identification:_identify(/home/sash/smart_cane_ws/src) by extensions ['python_setup_py']
[1.069s] Level 1:colcon.colcon_core.package_identification:_identify(/home/sash/smart_cane_ws/src) by extension 'python_setup_py'
[1.069s] Level 1:colcon.colcon_core.package_identification:_identify(/home/sash/smart_cane_ws/src/smart_cane_interfaces) by extensions ['ignore', 'ignore_ament_install']
[1.070s] Level 1:colcon.colcon_core.package_identification:_identify(/home/sash/smart_cane_ws/src/smart_cane_interfaces) by extension 'ignore'
[1.070s] Level 1:colcon.colcon_core.package_identification:_identify(/home/sash/smart_cane_ws/src/smart_cane_interfaces) by extension 'ignore_ament_install'
[1.070s] Level 1:colcon.colcon_core.package_identification:_identify(/home/sash/smart_cane_ws/src/smart_cane_interfaces) by extensions ['colcon_pkg']
[1.070s] Level 1:colcon.colcon_core.package_identification:_identify(/home/sash/smart_cane_ws/src/smart_cane_interfaces) by extension 'colcon_pkg'
[1.071s] Level 1:colcon.colcon_core.package_identification:_identify(/home/sash/smart_cane_ws/src/smart_cane_interfaces) by extensions ['colcon_meta']
[1.071s] Level 1:colcon.colcon_core.package_identification:_identify(/home/sash/smart_cane_ws/src/smart_cane_interfaces) by extension 'colcon_meta'
[1.071s] Level 1:colcon.colcon_core.package_identification:_identify(/home/sash/smart_cane_ws/src/smart_cane_interfaces) by extensions ['ros']
[1.071s] Level 1:colcon.colcon_core.package_identification:_identify(/home/sash/smart_cane_ws/src/smart_cane_interfaces) by extension 'ros'
[1.078s] DEBUG:colcon.colcon_core.package_identification:Package '/home/sash/smart_cane_ws/src/smart_cane_interfaces' with type 'ros.ament_cmake' and name 'smart_cane_interfaces'
[1.078s] Level 1:colcon.colcon_core.package_identification:_identify(/home/sash/smart_cane_ws/src/smart_cane_system) by extensions ['ignore', 'ignore_ament_install']
[1.078s] Level 1:colcon.colcon_core.package_identification:_identify(/home/sash/smart_cane_ws/src/smart_cane_system) by extension 'ignore'
[1.079s] Level 1:colcon.colcon_core.package_identification:_identify(/home/sash/smart_cane_ws/src/smart_cane_system) by extension 'ignore_ament_install'
[1.079s] Level 1:colcon.colcon_core.package_identification:_identify(/home/sash/smart_cane_ws/src/smart_cane_system) by extensions ['colcon_pkg']
[1.079s] Level 1:colcon.colcon_core.package_identification:_identify(/home/sash/smart_cane_ws/src/smart_cane_system) by extension 'colcon_pkg'
[1.079s] Level 1:colcon.colcon_core.package_identification:_identify(/home/sash/smart_cane_ws/src/smart_cane_system) by extensions ['colcon_meta']
[1.080s] Level 1:colcon.colcon_core.package_identification:_identify(/home/sash/smart_cane_ws/src/smart_cane_system) by extension 'colcon_meta'
[1.080s] Level 1:colcon.colcon_core.package_identification:_identify(/home/sash/smart_cane_ws/src/smart_cane_system) by extensions ['ros']
[1.082s] Level 1:colcon.colcon_core.package_identification:_identify(/home/sash/smart_cane_ws/src/smart_cane_system) by extension 'ros'
[1.084s] DEBUG:colcon.colcon_core.package_identification:Package '/home/sash/smart_cane_ws/src/smart_cane_system' with type 'ros.ament_python' and name 'smart_cane_system'
[1.084s] Level 1:colcon.colcon_core.package_discovery:discover_packages(recursive) using defaults
