running egg_info
creating ../build/smart_cane_system/smart_cane_system.egg-info
writing ../build/smart_cane_system/smart_cane_system.egg-info/PKG-INFO
writing dependency_links to ../build/smart_cane_system/smart_cane_system.egg-info/dependency_links.txt
writing entry points to ../build/smart_cane_system/smart_cane_system.egg-info/entry_points.txt
writing requirements to ../build/smart_cane_system/smart_cane_system.egg-info/requires.txt
writing top-level names to ../build/smart_cane_system/smart_cane_system.egg-info/top_level.txt
writing manifest file '../build/smart_cane_system/smart_cane_system.egg-info/SOURCES.txt'
reading manifest file '../build/smart_cane_system/smart_cane_system.egg-info/SOURCES.txt'
writing manifest file '../build/smart_cane_system/smart_cane_system.egg-info/SOURCES.txt'
running build
running build_py
creating /home/sash/smart_cane_ws/src/build/smart_cane_system/build
creating /home/sash/smart_cane_ws/src/build/smart_cane_system/build/lib
creating /home/sash/smart_cane_ws/src/build/smart_cane_system/build/lib/smart_cane_system
copying smart_cane_system/camera_node.py -> /home/sash/smart_cane_ws/src/build/smart_cane_system/build/lib/smart_cane_system
copying smart_cane_system/ultrasonic_node.py -> /home/sash/smart_cane_ws/src/build/smart_cane_system/build/lib/smart_cane_system
copying smart_cane_system/detection_node.py -> /home/sash/smart_cane_ws/src/build/smart_cane_system/build/lib/smart_cane_system
copying smart_cane_system/obstacle_fushion.py -> /home/sash/smart_cane_ws/src/build/smart_cane_system/build/lib/smart_cane_system
copying smart_cane_system/__init__.py -> /home/sash/smart_cane_ws/src/build/smart_cane_system/build/lib/smart_cane_system
running install
running install_lib
creating /home/sash/smart_cane_ws/src/install/smart_cane_system/lib/python3.10/site-packages/smart_cane_system
copying /home/sash/smart_cane_ws/src/build/smart_cane_system/build/lib/smart_cane_system/camera_node.py -> /home/sash/smart_cane_ws/src/install/smart_cane_system/lib/python3.10/site-packages/smart_cane_system
copying /home/sash/smart_cane_ws/src/build/smart_cane_system/build/lib/smart_cane_system/ultrasonic_node.py -> /home/sash/smart_cane_ws/src/install/smart_cane_system/lib/python3.10/site-packages/smart_cane_system
copying /home/sash/smart_cane_ws/src/build/smart_cane_system/build/lib/smart_cane_system/detection_node.py -> /home/sash/smart_cane_ws/src/install/smart_cane_system/lib/python3.10/site-packages/smart_cane_system
copying /home/sash/smart_cane_ws/src/build/smart_cane_system/build/lib/smart_cane_system/obstacle_fushion.py -> /home/sash/smart_cane_ws/src/install/smart_cane_system/lib/python3.10/site-packages/smart_cane_system
copying /home/sash/smart_cane_ws/src/build/smart_cane_system/build/lib/smart_cane_system/__init__.py -> /home/sash/smart_cane_ws/src/install/smart_cane_system/lib/python3.10/site-packages/smart_cane_system
byte-compiling /home/sash/smart_cane_ws/src/install/smart_cane_system/lib/python3.10/site-packages/smart_cane_system/camera_node.py to camera_node.cpython-310.pyc
byte-compiling /home/sash/smart_cane_ws/src/install/smart_cane_system/lib/python3.10/site-packages/smart_cane_system/ultrasonic_node.py to ultrasonic_node.cpython-310.pyc
byte-compiling /home/sash/smart_cane_ws/src/install/smart_cane_system/lib/python3.10/site-packages/smart_cane_system/detection_node.py to detection_node.cpython-310.pyc
byte-compiling /home/sash/smart_cane_ws/src/install/smart_cane_system/lib/python3.10/site-packages/smart_cane_system/obstacle_fushion.py to obstacle_fushion.cpython-310.pyc
byte-compiling /home/sash/smart_cane_ws/src/install/smart_cane_system/lib/python3.10/site-packages/smart_cane_system/__init__.py to __init__.cpython-310.pyc
running install_data
creating /home/sash/smart_cane_ws/src/install/smart_cane_system/share/ament_index
creating /home/sash/smart_cane_ws/src/install/smart_cane_system/share/ament_index/resource_index
creating /home/sash/smart_cane_ws/src/install/smart_cane_system/share/ament_index/resource_index/packages
copying resource/smart_cane_system -> /home/sash/smart_cane_ws/src/install/smart_cane_system/share/ament_index/resource_index/packages
copying package.xml -> /home/sash/smart_cane_ws/src/install/smart_cane_system/share/smart_cane_system
creating /home/sash/smart_cane_ws/src/install/smart_cane_system/share/smart_cane_system/launch
running install_egg_info
Copying ../build/smart_cane_system/smart_cane_system.egg-info to /home/sash/smart_cane_ws/src/install/smart_cane_system/lib/python3.10/site-packages/smart_cane_system-0.0.0-py3.10.egg-info
running install_scripts
Installing camera_node script to /home/sash/smart_cane_ws/src/install/smart_cane_system/lib/smart_cane_system
Installing detection_node script to /home/sash/smart_cane_ws/src/install/smart_cane_system/lib/smart_cane_system
Installing feedback_node script to /home/sash/smart_cane_ws/src/install/smart_cane_system/lib/smart_cane_system
Installing ultrasonic_node script to /home/sash/smart_cane_ws/src/install/smart_cane_system/lib/smart_cane_system
writing list of installed files to '/home/sash/smart_cane_ws/src/build/smart_cane_system/install.log'
