-- The C compiler identification is GNU 11.4.0
-- The CXX compiler identification is GNU 11.4.0
-- Detecting C compiler ABI info
-- Detecting C compiler ABI info - done
-- Check for working C compiler: /usr/bin/cc - skipped
-- Detecting C compile features
-- Detecting C compile features - done
-- Detecting CXX compiler ABI info
-- Detecting CXX compiler ABI info - done
-- Check for working CXX compiler: /usr/bin/c++ - skipped
-- Detecting CXX compile features
-- Detecting CXX compile features - done
-- Found ament_cmake: 1.3.11 (/opt/ros/humble/share/ament_cmake/cmake)
-- Found Python3: /usr/bin/python3 (found version "3.10.12") found components: Interpreter 
-- Found std_msgs: 4.8.0 (/opt/ros/humble/share/std_msgs/cmake)
-- Found rosidl_generator_c: 3.1.6 (/opt/ros/humble/share/rosidl_generator_c/cmake)
-- Found rosidl_adapter: 3.1.6 (/opt/ros/humble/share/rosidl_adapter/cmake)
-- Found rosidl_generator_cpp: 3.1.6 (/opt/ros/humble/share/rosidl_generator_cpp/cmake)
-- Using all available rosidl_typesupport_c: rosidl_typesupport_fastrtps_c;rosidl_typesupport_introspection_c
-- Using all available rosidl_typesupport_cpp: rosidl_typesupport_fastrtps_cpp;rosidl_typesupport_introspection_cpp
-- Found sensor_msgs: 4.8.0 (/opt/ros/humble/share/sensor_msgs/cmake)
-- Found ament_cmake_ros: 0.10.0 (/opt/ros/humble/share/ament_cmake_ros/cmake)
-- Using all available rosidl_typesupport_c: rosidl_typesupport_fastrtps_c;rosidl_typesupport_introspection_c
-- Using all available rosidl_typesupport_cpp: rosidl_typesupport_fastrtps_cpp;rosidl_typesupport_introspection_cpp
-- Found ament_lint_auto: 0.12.12 (/opt/ros/humble/share/ament_lint_auto/cmake)
-- Added test 'lint_cmake' to check CMake code style
-- Added test 'xmllint' to check XML markup files
-- Configuring done
-- Generating done
-- Build files have been written to: /home/sash/smart_cane_ws/src/build/smart_cane_interfaces
[  2%] [34m[1mGenerating C code for ROS interfaces[0m
[  5%] [34m[1mGenerating C++ code for ROS interfaces[0m
[  5%] Built target smart_cane_interfaces__cpp
[  8%] [34m[1mGenerating C++ type support dispatch for ROS interfaces[0m
[ 11%] [34m[1mGenerating C++ type support for eProsima Fast-RTPS[0m
[ 13%] [34m[1mGenerating C++ introspection for ROS interfaces[0m
[ 16%] [32mBuilding C object CMakeFiles/smart_cane_interfaces__rosidl_generator_c.dir/rosidl_generator_c/smart_cane_interfaces/msg/detail/ultrasonic_data__functions.c.o[0m
[ 19%] [32mBuilding C object CMakeFiles/smart_cane_interfaces__rosidl_generator_c.dir/rosidl_generator_c/smart_cane_interfaces/msg/detail/detection_result__functions.c.o[0m
[ 22%] [32mBuilding C object CMakeFiles/smart_cane_interfaces__rosidl_generator_c.dir/rosidl_generator_c/smart_cane_interfaces/msg/detail/feedback_command__functions.c.o[0m
[ 25%] [32mBuilding CXX object CMakeFiles/smart_cane_interfaces__rosidl_typesupport_cpp.dir/rosidl_typesupport_cpp/smart_cane_interfaces/msg/ultrasonic_data__type_support.cpp.o[0m
[ 27%] [32m[1mLinking C shared library libsmart_cane_interfaces__rosidl_generator_c.so[0m
[ 30%] [32mBuilding CXX object CMakeFiles/smart_cane_interfaces__rosidl_typesupport_introspection_cpp.dir/rosidl_typesupport_introspection_cpp/smart_cane_interfaces/msg/detail/ultrasonic_data__type_support.cpp.o[0m
[ 33%] [32mBuilding CXX object CMakeFiles/smart_cane_interfaces__rosidl_typesupport_fastrtps_cpp.dir/rosidl_typesupport_fastrtps_cpp/smart_cane_interfaces/msg/detail/dds_fastrtps/ultrasonic_data__type_support.cpp.o[0m
[ 33%] Built target smart_cane_interfaces__rosidl_generator_c
[ 36%] [32mBuilding CXX object CMakeFiles/smart_cane_interfaces__rosidl_typesupport_fastrtps_cpp.dir/rosidl_typesupport_fastrtps_cpp/smart_cane_interfaces/msg/detail/dds_fastrtps/detection_result__type_support.cpp.o[0m
[ 38%] [32mBuilding CXX object CMakeFiles/smart_cane_interfaces__rosidl_typesupport_cpp.dir/rosidl_typesupport_cpp/smart_cane_interfaces/msg/detection_result__type_support.cpp.o[0m
[ 41%] [32mBuilding CXX object CMakeFiles/smart_cane_interfaces__rosidl_typesupport_introspection_cpp.dir/rosidl_typesupport_introspection_cpp/smart_cane_interfaces/msg/detail/detection_result__type_support.cpp.o[0m
[ 44%] [32mBuilding CXX object CMakeFiles/smart_cane_interfaces__rosidl_typesupport_introspection_cpp.dir/rosidl_typesupport_introspection_cpp/smart_cane_interfaces/msg/detail/feedback_command__type_support.cpp.o[0m
[ 47%] [32mBuilding CXX object CMakeFiles/smart_cane_interfaces__rosidl_typesupport_fastrtps_cpp.dir/rosidl_typesupport_fastrtps_cpp/smart_cane_interfaces/msg/detail/dds_fastrtps/feedback_command__type_support.cpp.o[0m
[ 50%] [32mBuilding CXX object CMakeFiles/smart_cane_interfaces__rosidl_typesupport_cpp.dir/rosidl_typesupport_cpp/smart_cane_interfaces/msg/feedback_command__type_support.cpp.o[0m
[ 52%] [32m[1mLinking CXX shared library libsmart_cane_interfaces__rosidl_typesupport_cpp.so[0m
[ 55%] [34m[1mGenerating C type support for eProsima Fast-RTPS[0m
[ 58%] [32m[1mLinking CXX shared library libsmart_cane_interfaces__rosidl_typesupport_introspection_cpp.so[0m
[ 58%] Built target smart_cane_interfaces__rosidl_typesupport_cpp
[ 61%] [34m[1mGenerating C introspection for ROS interfaces[0m
[ 61%] Built target smart_cane_interfaces__rosidl_typesupport_introspection_cpp
[ 63%] [32m[1mLinking CXX shared library libsmart_cane_interfaces__rosidl_typesupport_fastrtps_cpp.so[0m
[ 66%] [34m[1mGenerating C type support dispatch for ROS interfaces[0m
[ 66%] Built target smart_cane_interfaces__rosidl_typesupport_fastrtps_cpp
[ 69%] [32mBuilding CXX object CMakeFiles/smart_cane_interfaces__rosidl_typesupport_fastrtps_c.dir/rosidl_typesupport_fastrtps_c/smart_cane_interfaces/msg/detail/ultrasonic_data__type_support_c.cpp.o[0m
[ 72%] [32mBuilding CXX object CMakeFiles/smart_cane_interfaces__rosidl_typesupport_fastrtps_c.dir/rosidl_typesupport_fastrtps_c/smart_cane_interfaces/msg/detail/detection_result__type_support_c.cpp.o[0m
[ 75%] [32mBuilding C object CMakeFiles/smart_cane_interfaces__rosidl_typesupport_introspection_c.dir/rosidl_typesupport_introspection_c/smart_cane_interfaces/msg/detail/ultrasonic_data__type_support.c.o[0m
[ 77%] [32mBuilding CXX object CMakeFiles/smart_cane_interfaces__rosidl_typesupport_c.dir/rosidl_typesupport_c/smart_cane_interfaces/msg/ultrasonic_data__type_support.cpp.o[0m
[ 80%] [32mBuilding CXX object CMakeFiles/smart_cane_interfaces__rosidl_typesupport_c.dir/rosidl_typesupport_c/smart_cane_interfaces/msg/detection_result__type_support.cpp.o[0m
[ 83%] [32mBuilding C object CMakeFiles/smart_cane_interfaces__rosidl_typesupport_introspection_c.dir/rosidl_typesupport_introspection_c/smart_cane_interfaces/msg/detail/detection_result__type_support.c.o[0m
[ 86%] [32mBuilding CXX object CMakeFiles/smart_cane_interfaces__rosidl_typesupport_c.dir/rosidl_typesupport_c/smart_cane_interfaces/msg/feedback_command__type_support.cpp.o[0m
[ 88%] [32m[1mLinking CXX shared library libsmart_cane_interfaces__rosidl_typesupport_c.so[0m
[ 91%] [32mBuilding C object CMakeFiles/smart_cane_interfaces__rosidl_typesupport_introspection_c.dir/rosidl_typesupport_introspection_c/smart_cane_interfaces/msg/detail/feedback_command__type_support.c.o[0m
[ 94%] [32m[1mLinking C shared library libsmart_cane_interfaces__rosidl_typesupport_introspection_c.so[0m
[ 94%] Built target smart_cane_interfaces__rosidl_typesupport_c
[ 97%] [32mBuilding CXX object CMakeFiles/smart_cane_interfaces__rosidl_typesupport_fastrtps_c.dir/rosidl_typesupport_fastrtps_c/smart_cane_interfaces/msg/detail/feedback_command__type_support_c.cpp.o[0m
[ 97%] Built target smart_cane_interfaces__rosidl_typesupport_introspection_c
[100%] [32m[1mLinking CXX shared library libsmart_cane_interfaces__rosidl_typesupport_fastrtps_c.so[0m
[100%] Built target smart_cane_interfaces__rosidl_typesupport_fastrtps_c
[100%] Built target smart_cane_interfaces
-- Install configuration: ""
-- Installing: /home/sash/smart_cane_ws/src/install/smart_cane_interfaces/share/ament_index/resource_index/rosidl_interfaces/smart_cane_interfaces
-- Installing: /home/sash/smart_cane_ws/src/install/smart_cane_interfaces/include/smart_cane_interfaces/smart_cane_interfaces
-- Installing: /home/sash/smart_cane_ws/src/install/smart_cane_interfaces/include/smart_cane_interfaces/smart_cane_interfaces/msg
-- Installing: /home/sash/smart_cane_ws/src/install/smart_cane_interfaces/include/smart_cane_interfaces/smart_cane_interfaces/msg/detection_result.h
-- Installing: /home/sash/smart_cane_ws/src/install/smart_cane_interfaces/include/smart_cane_interfaces/smart_cane_interfaces/msg/feedback_command.h
-- Installing: /home/sash/smart_cane_ws/src/install/smart_cane_interfaces/include/smart_cane_interfaces/smart_cane_interfaces/msg/detail
-- Installing: /home/sash/smart_cane_ws/src/install/smart_cane_interfaces/include/smart_cane_interfaces/smart_cane_interfaces/msg/detail/detection_result__type_support.h
-- Installing: /home/sash/smart_cane_ws/src/install/smart_cane_interfaces/include/smart_cane_interfaces/smart_cane_interfaces/msg/detail/detection_result__struct.h
-- Installing: /home/sash/smart_cane_ws/src/install/smart_cane_interfaces/include/smart_cane_interfaces/smart_cane_interfaces/msg/detail/ultrasonic_data__functions.h
-- Installing: /home/sash/smart_cane_ws/src/install/smart_cane_interfaces/include/smart_cane_interfaces/smart_cane_interfaces/msg/detail/feedback_command__type_support.h
-- Installing: /home/sash/smart_cane_ws/src/install/smart_cane_interfaces/include/smart_cane_interfaces/smart_cane_interfaces/msg/detail/ultrasonic_data__struct.h
-- Installing: /home/sash/smart_cane_ws/src/install/smart_cane_interfaces/include/smart_cane_interfaces/smart_cane_interfaces/msg/detail/detection_result__functions.h
-- Installing: /home/sash/smart_cane_ws/src/install/smart_cane_interfaces/include/smart_cane_interfaces/smart_cane_interfaces/msg/detail/ultrasonic_data__functions.c
-- Installing: /home/sash/smart_cane_ws/src/install/smart_cane_interfaces/include/smart_cane_interfaces/smart_cane_interfaces/msg/detail/feedback_command__struct.h
-- Installing: /home/sash/smart_cane_ws/src/install/smart_cane_interfaces/include/smart_cane_interfaces/smart_cane_interfaces/msg/detail/feedback_command__functions.c
-- Installing: /home/sash/smart_cane_ws/src/install/smart_cane_interfaces/include/smart_cane_interfaces/smart_cane_interfaces/msg/detail/ultrasonic_data__type_support.h
-- Installing: /home/sash/smart_cane_ws/src/install/smart_cane_interfaces/include/smart_cane_interfaces/smart_cane_interfaces/msg/detail/feedback_command__functions.h
-- Installing: /home/sash/smart_cane_ws/src/install/smart_cane_interfaces/include/smart_cane_interfaces/smart_cane_interfaces/msg/detail/detection_result__functions.c
-- Installing: /home/sash/smart_cane_ws/src/install/smart_cane_interfaces/include/smart_cane_interfaces/smart_cane_interfaces/msg/rosidl_generator_c__visibility_control.h
-- Installing: /home/sash/smart_cane_ws/src/install/smart_cane_interfaces/include/smart_cane_interfaces/smart_cane_interfaces/msg/ultrasonic_data.h
-- Installing: /home/sash/smart_cane_ws/src/install/smart_cane_interfaces/share/smart_cane_interfaces/environment/library_path.sh
-- Installing: /home/sash/smart_cane_ws/src/install/smart_cane_interfaces/share/smart_cane_interfaces/environment/library_path.dsv
-- Installing: /home/sash/smart_cane_ws/src/install/smart_cane_interfaces/lib/libsmart_cane_interfaces__rosidl_generator_c.so
-- Set runtime path of "/home/sash/smart_cane_ws/src/install/smart_cane_interfaces/lib/libsmart_cane_interfaces__rosidl_generator_c.so" to ""
-- Up-to-date: /home/sash/smart_cane_ws/src/install/smart_cane_interfaces/include/smart_cane_interfaces/smart_cane_interfaces
-- Up-to-date: /home/sash/smart_cane_ws/src/install/smart_cane_interfaces/include/smart_cane_interfaces/smart_cane_interfaces/msg
-- Installing: /home/sash/smart_cane_ws/src/install/smart_cane_interfaces/include/smart_cane_interfaces/smart_cane_interfaces/msg/rosidl_typesupport_fastrtps_c__visibility_control.h
-- Up-to-date: /home/sash/smart_cane_ws/src/install/smart_cane_interfaces/include/smart_cane_interfaces/smart_cane_interfaces/msg/detail
-- Installing: /home/sash/smart_cane_ws/src/install/smart_cane_interfaces/include/smart_cane_interfaces/smart_cane_interfaces/msg/detail/detection_result__rosidl_typesupport_fastrtps_c.h
-- Installing: /home/sash/smart_cane_ws/src/install/smart_cane_interfaces/include/smart_cane_interfaces/smart_cane_interfaces/msg/detail/ultrasonic_data__rosidl_typesupport_fastrtps_c.h
-- Installing: /home/sash/smart_cane_ws/src/install/smart_cane_interfaces/include/smart_cane_interfaces/smart_cane_interfaces/msg/detail/feedback_command__rosidl_typesupport_fastrtps_c.h
-- Installing: /home/sash/smart_cane_ws/src/install/smart_cane_interfaces/lib/libsmart_cane_interfaces__rosidl_typesupport_fastrtps_c.so
-- Set runtime path of "/home/sash/smart_cane_ws/src/install/smart_cane_interfaces/lib/libsmart_cane_interfaces__rosidl_typesupport_fastrtps_c.so" to ""
-- Up-to-date: /home/sash/smart_cane_ws/src/install/smart_cane_interfaces/include/smart_cane_interfaces/smart_cane_interfaces
-- Up-to-date: /home/sash/smart_cane_ws/src/install/smart_cane_interfaces/include/smart_cane_interfaces/smart_cane_interfaces/msg
-- Installing: /home/sash/smart_cane_ws/src/install/smart_cane_interfaces/include/smart_cane_interfaces/smart_cane_interfaces/msg/feedback_command.hpp
-- Up-to-date: /home/sash/smart_cane_ws/src/install/smart_cane_interfaces/include/smart_cane_interfaces/smart_cane_interfaces/msg/detail
-- Installing: /home/sash/smart_cane_ws/src/install/smart_cane_interfaces/include/smart_cane_interfaces/smart_cane_interfaces/msg/detail/ultrasonic_data__traits.hpp
-- Installing: /home/sash/smart_cane_ws/src/install/smart_cane_interfaces/include/smart_cane_interfaces/smart_cane_interfaces/msg/detail/feedback_command__type_support.hpp
-- Installing: /home/sash/smart_cane_ws/src/install/smart_cane_interfaces/include/smart_cane_interfaces/smart_cane_interfaces/msg/detail/ultrasonic_data__struct.hpp
-- Installing: /home/sash/smart_cane_ws/src/install/smart_cane_interfaces/include/smart_cane_interfaces/smart_cane_interfaces/msg/detail/feedback_command__traits.hpp
-- Installing: /home/sash/smart_cane_ws/src/install/smart_cane_interfaces/include/smart_cane_interfaces/smart_cane_interfaces/msg/detail/detection_result__builder.hpp
-- Installing: /home/sash/smart_cane_ws/src/install/smart_cane_interfaces/include/smart_cane_interfaces/smart_cane_interfaces/msg/detail/ultrasonic_data__type_support.hpp
-- Installing: /home/sash/smart_cane_ws/src/install/smart_cane_interfaces/include/smart_cane_interfaces/smart_cane_interfaces/msg/detail/detection_result__type_support.hpp
-- Installing: /home/sash/smart_cane_ws/src/install/smart_cane_interfaces/include/smart_cane_interfaces/smart_cane_interfaces/msg/detail/ultrasonic_data__builder.hpp
-- Installing: /home/sash/smart_cane_ws/src/install/smart_cane_interfaces/include/smart_cane_interfaces/smart_cane_interfaces/msg/detail/detection_result__struct.hpp
-- Installing: /home/sash/smart_cane_ws/src/install/smart_cane_interfaces/include/smart_cane_interfaces/smart_cane_interfaces/msg/detail/feedback_command__builder.hpp
-- Installing: /home/sash/smart_cane_ws/src/install/smart_cane_interfaces/include/smart_cane_interfaces/smart_cane_interfaces/msg/detail/detection_result__traits.hpp
-- Installing: /home/sash/smart_cane_ws/src/install/smart_cane_interfaces/include/smart_cane_interfaces/smart_cane_interfaces/msg/detail/feedback_command__struct.hpp
-- Installing: /home/sash/smart_cane_ws/src/install/smart_cane_interfaces/include/smart_cane_interfaces/smart_cane_interfaces/msg/rosidl_generator_cpp__visibility_control.hpp
-- Installing: /home/sash/smart_cane_ws/src/install/smart_cane_interfaces/include/smart_cane_interfaces/smart_cane_interfaces/msg/detection_result.hpp
-- Installing: /home/sash/smart_cane_ws/src/install/smart_cane_interfaces/include/smart_cane_interfaces/smart_cane_interfaces/msg/ultrasonic_data.hpp
-- Up-to-date: /home/sash/smart_cane_ws/src/install/smart_cane_interfaces/include/smart_cane_interfaces/smart_cane_interfaces
-- Up-to-date: /home/sash/smart_cane_ws/src/install/smart_cane_interfaces/include/smart_cane_interfaces/smart_cane_interfaces/msg
-- Up-to-date: /home/sash/smart_cane_ws/src/install/smart_cane_interfaces/include/smart_cane_interfaces/smart_cane_interfaces/msg/detail
-- Installing: /home/sash/smart_cane_ws/src/install/smart_cane_interfaces/include/smart_cane_interfaces/smart_cane_interfaces/msg/detail/ultrasonic_data__rosidl_typesupport_fastrtps_cpp.hpp
-- Installing: /home/sash/smart_cane_ws/src/install/smart_cane_interfaces/include/smart_cane_interfaces/smart_cane_interfaces/msg/detail/dds_fastrtps
-- Installing: /home/sash/smart_cane_ws/src/install/smart_cane_interfaces/include/smart_cane_interfaces/smart_cane_interfaces/msg/detail/feedback_command__rosidl_typesupport_fastrtps_cpp.hpp
-- Installing: /home/sash/smart_cane_ws/src/install/smart_cane_interfaces/include/smart_cane_interfaces/smart_cane_interfaces/msg/detail/detection_result__rosidl_typesupport_fastrtps_cpp.hpp
-- Installing: /home/sash/smart_cane_ws/src/install/smart_cane_interfaces/include/smart_cane_interfaces/smart_cane_interfaces/msg/rosidl_typesupport_fastrtps_cpp__visibility_control.h
-- Installing: /home/sash/smart_cane_ws/src/install/smart_cane_interfaces/lib/libsmart_cane_interfaces__rosidl_typesupport_fastrtps_cpp.so
-- Set runtime path of "/home/sash/smart_cane_ws/src/install/smart_cane_interfaces/lib/libsmart_cane_interfaces__rosidl_typesupport_fastrtps_cpp.so" to ""
-- Up-to-date: /home/sash/smart_cane_ws/src/install/smart_cane_interfaces/include/smart_cane_interfaces/smart_cane_interfaces
-- Up-to-date: /home/sash/smart_cane_ws/src/install/smart_cane_interfaces/include/smart_cane_interfaces/smart_cane_interfaces/msg
-- Installing: /home/sash/smart_cane_ws/src/install/smart_cane_interfaces/include/smart_cane_interfaces/smart_cane_interfaces/msg/rosidl_typesupport_introspection_c__visibility_control.h
-- Up-to-date: /home/sash/smart_cane_ws/src/install/smart_cane_interfaces/include/smart_cane_interfaces/smart_cane_interfaces/msg/detail
-- Installing: /home/sash/smart_cane_ws/src/install/smart_cane_interfaces/include/smart_cane_interfaces/smart_cane_interfaces/msg/detail/feedback_command__rosidl_typesupport_introspection_c.h
-- Installing: /home/sash/smart_cane_ws/src/install/smart_cane_interfaces/include/smart_cane_interfaces/smart_cane_interfaces/msg/detail/detection_result__type_support.c
-- Installing: /home/sash/smart_cane_ws/src/install/smart_cane_interfaces/include/smart_cane_interfaces/smart_cane_interfaces/msg/detail/feedback_command__type_support.c
-- Installing: /home/sash/smart_cane_ws/src/install/smart_cane_interfaces/include/smart_cane_interfaces/smart_cane_interfaces/msg/detail/ultrasonic_data__rosidl_typesupport_introspection_c.h
-- Installing: /home/sash/smart_cane_ws/src/install/smart_cane_interfaces/include/smart_cane_interfaces/smart_cane_interfaces/msg/detail/ultrasonic_data__type_support.c
-- Installing: /home/sash/smart_cane_ws/src/install/smart_cane_interfaces/include/smart_cane_interfaces/smart_cane_interfaces/msg/detail/detection_result__rosidl_typesupport_introspection_c.h
-- Installing: /home/sash/smart_cane_ws/src/install/smart_cane_interfaces/lib/libsmart_cane_interfaces__rosidl_typesupport_introspection_c.so
-- Set runtime path of "/home/sash/smart_cane_ws/src/install/smart_cane_interfaces/lib/libsmart_cane_interfaces__rosidl_typesupport_introspection_c.so" to ""
-- Installing: /home/sash/smart_cane_ws/src/install/smart_cane_interfaces/lib/libsmart_cane_interfaces__rosidl_typesupport_c.so
-- Set runtime path of "/home/sash/smart_cane_ws/src/install/smart_cane_interfaces/lib/libsmart_cane_interfaces__rosidl_typesupport_c.so" to ""
-- Up-to-date: /home/sash/smart_cane_ws/src/install/smart_cane_interfaces/include/smart_cane_interfaces/smart_cane_interfaces
-- Up-to-date: /home/sash/smart_cane_ws/src/install/smart_cane_interfaces/include/smart_cane_interfaces/smart_cane_interfaces/msg
-- Up-to-date: /home/sash/smart_cane_ws/src/install/smart_cane_interfaces/include/smart_cane_interfaces/smart_cane_interfaces/msg/detail
-- Installing: /home/sash/smart_cane_ws/src/install/smart_cane_interfaces/include/smart_cane_interfaces/smart_cane_interfaces/msg/detail/detection_result__type_support.cpp
-- Installing: /home/sash/smart_cane_ws/src/install/smart_cane_interfaces/include/smart_cane_interfaces/smart_cane_interfaces/msg/detail/feedback_command__rosidl_typesupport_introspection_cpp.hpp
-- Installing: /home/sash/smart_cane_ws/src/install/smart_cane_interfaces/include/smart_cane_interfaces/smart_cane_interfaces/msg/detail/ultrasonic_data__type_support.cpp
-- Installing: /home/sash/smart_cane_ws/src/install/smart_cane_interfaces/include/smart_cane_interfaces/smart_cane_interfaces/msg/detail/ultrasonic_data__rosidl_typesupport_introspection_cpp.hpp
-- Installing: /home/sash/smart_cane_ws/src/install/smart_cane_interfaces/include/smart_cane_interfaces/smart_cane_interfaces/msg/detail/detection_result__rosidl_typesupport_introspection_cpp.hpp
-- Installing: /home/sash/smart_cane_ws/src/install/smart_cane_interfaces/include/smart_cane_interfaces/smart_cane_interfaces/msg/detail/feedback_command__type_support.cpp
-- Installing: /home/sash/smart_cane_ws/src/install/smart_cane_interfaces/lib/libsmart_cane_interfaces__rosidl_typesupport_introspection_cpp.so
-- Set runtime path of "/home/sash/smart_cane_ws/src/install/smart_cane_interfaces/lib/libsmart_cane_interfaces__rosidl_typesupport_introspection_cpp.so" to ""
-- Installing: /home/sash/smart_cane_ws/src/install/smart_cane_interfaces/lib/libsmart_cane_interfaces__rosidl_typesupport_cpp.so
-- Set runtime path of "/home/sash/smart_cane_ws/src/install/smart_cane_interfaces/lib/libsmart_cane_interfaces__rosidl_typesupport_cpp.so" to ""
-- Installing: /home/sash/smart_cane_ws/src/install/smart_cane_interfaces/share/smart_cane_interfaces/msg/UltrasonicData.idl
-- Installing: /home/sash/smart_cane_ws/src/install/smart_cane_interfaces/share/smart_cane_interfaces/msg/DetectionResult.idl
-- Installing: /home/sash/smart_cane_ws/src/install/smart_cane_interfaces/share/smart_cane_interfaces/msg/FeedbackCommand.idl
-- Installing: /home/sash/smart_cane_ws/src/install/smart_cane_interfaces/share/smart_cane_interfaces/msg/UltrasonicData.msg
-- Installing: /home/sash/smart_cane_ws/src/install/smart_cane_interfaces/share/smart_cane_interfaces/msg/DetectionResult.msg
-- Installing: /home/sash/smart_cane_ws/src/install/smart_cane_interfaces/share/smart_cane_interfaces/msg/FeedbackCommand.msg
-- Installing: /home/sash/smart_cane_ws/src/install/smart_cane_interfaces/share/ament_index/resource_index/package_run_dependencies/smart_cane_interfaces
-- Installing: /home/sash/smart_cane_ws/src/install/smart_cane_interfaces/share/ament_index/resource_index/parent_prefix_path/smart_cane_interfaces
-- Installing: /home/sash/smart_cane_ws/src/install/smart_cane_interfaces/share/smart_cane_interfaces/environment/ament_prefix_path.sh
-- Installing: /home/sash/smart_cane_ws/src/install/smart_cane_interfaces/share/smart_cane_interfaces/environment/ament_prefix_path.dsv
-- Installing: /home/sash/smart_cane_ws/src/install/smart_cane_interfaces/share/smart_cane_interfaces/environment/path.sh
-- Installing: /home/sash/smart_cane_ws/src/install/smart_cane_interfaces/share/smart_cane_interfaces/environment/path.dsv
-- Installing: /home/sash/smart_cane_ws/src/install/smart_cane_interfaces/share/smart_cane_interfaces/local_setup.bash
-- Installing: /home/sash/smart_cane_ws/src/install/smart_cane_interfaces/share/smart_cane_interfaces/local_setup.sh
-- Installing: /home/sash/smart_cane_ws/src/install/smart_cane_interfaces/share/smart_cane_interfaces/local_setup.zsh
-- Installing: /home/sash/smart_cane_ws/src/install/smart_cane_interfaces/share/smart_cane_interfaces/local_setup.dsv
-- Installing: /home/sash/smart_cane_ws/src/install/smart_cane_interfaces/share/smart_cane_interfaces/package.dsv
-- Installing: /home/sash/smart_cane_ws/src/install/smart_cane_interfaces/share/ament_index/resource_index/packages/smart_cane_interfaces
-- Installing: /home/sash/smart_cane_ws/src/install/smart_cane_interfaces/share/smart_cane_interfaces/cmake/export_smart_cane_interfaces__rosidl_generator_cExport.cmake
-- Installing: /home/sash/smart_cane_ws/src/install/smart_cane_interfaces/share/smart_cane_interfaces/cmake/export_smart_cane_interfaces__rosidl_generator_cExport-noconfig.cmake
-- Installing: /home/sash/smart_cane_ws/src/install/smart_cane_interfaces/share/smart_cane_interfaces/cmake/export_smart_cane_interfaces__rosidl_typesupport_fastrtps_cExport.cmake
-- Installing: /home/sash/smart_cane_ws/src/install/smart_cane_interfaces/share/smart_cane_interfaces/cmake/export_smart_cane_interfaces__rosidl_typesupport_fastrtps_cExport-noconfig.cmake
-- Installing: /home/sash/smart_cane_ws/src/install/smart_cane_interfaces/share/smart_cane_interfaces/cmake/export_smart_cane_interfaces__rosidl_generator_cppExport.cmake
-- Installing: /home/sash/smart_cane_ws/src/install/smart_cane_interfaces/share/smart_cane_interfaces/cmake/export_smart_cane_interfaces__rosidl_typesupport_fastrtps_cppExport.cmake
-- Installing: /home/sash/smart_cane_ws/src/install/smart_cane_interfaces/share/smart_cane_interfaces/cmake/export_smart_cane_interfaces__rosidl_typesupport_fastrtps_cppExport-noconfig.cmake
-- Installing: /home/sash/smart_cane_ws/src/install/smart_cane_interfaces/share/smart_cane_interfaces/cmake/smart_cane_interfaces__rosidl_typesupport_introspection_cExport.cmake
-- Installing: /home/sash/smart_cane_ws/src/install/smart_cane_interfaces/share/smart_cane_interfaces/cmake/smart_cane_interfaces__rosidl_typesupport_introspection_cExport-noconfig.cmake
-- Installing: /home/sash/smart_cane_ws/src/install/smart_cane_interfaces/share/smart_cane_interfaces/cmake/smart_cane_interfaces__rosidl_typesupport_cExport.cmake
-- Installing: /home/sash/smart_cane_ws/src/install/smart_cane_interfaces/share/smart_cane_interfaces/cmake/smart_cane_interfaces__rosidl_typesupport_cExport-noconfig.cmake
-- Installing: /home/sash/smart_cane_ws/src/install/smart_cane_interfaces/share/smart_cane_interfaces/cmake/smart_cane_interfaces__rosidl_typesupport_introspection_cppExport.cmake
-- Installing: /home/sash/smart_cane_ws/src/install/smart_cane_interfaces/share/smart_cane_interfaces/cmake/smart_cane_interfaces__rosidl_typesupport_introspection_cppExport-noconfig.cmake
-- Installing: /home/sash/smart_cane_ws/src/install/smart_cane_interfaces/share/smart_cane_interfaces/cmake/smart_cane_interfaces__rosidl_typesupport_cppExport.cmake
-- Installing: /home/sash/smart_cane_ws/src/install/smart_cane_interfaces/share/smart_cane_interfaces/cmake/smart_cane_interfaces__rosidl_typesupport_cppExport-noconfig.cmake
-- Installing: /home/sash/smart_cane_ws/src/install/smart_cane_interfaces/share/smart_cane_interfaces/cmake/rosidl_cmake-extras.cmake
-- Installing: /home/sash/smart_cane_ws/src/install/smart_cane_interfaces/share/smart_cane_interfaces/cmake/ament_cmake_export_dependencies-extras.cmake
-- Installing: /home/sash/smart_cane_ws/src/install/smart_cane_interfaces/share/smart_cane_interfaces/cmake/ament_cmake_export_include_directories-extras.cmake
-- Installing: /home/sash/smart_cane_ws/src/install/smart_cane_interfaces/share/smart_cane_interfaces/cmake/ament_cmake_export_libraries-extras.cmake
-- Installing: /home/sash/smart_cane_ws/src/install/smart_cane_interfaces/share/smart_cane_interfaces/cmake/ament_cmake_export_targets-extras.cmake
-- Installing: /home/sash/smart_cane_ws/src/install/smart_cane_interfaces/share/smart_cane_interfaces/cmake/rosidl_cmake_export_typesupport_targets-extras.cmake
-- Installing: /home/sash/smart_cane_ws/src/install/smart_cane_interfaces/share/smart_cane_interfaces/cmake/rosidl_cmake_export_typesupport_libraries-extras.cmake
-- Installing: /home/sash/smart_cane_ws/src/install/smart_cane_interfaces/share/smart_cane_interfaces/cmake/smart_cane_interfacesConfig.cmake
-- Installing: /home/sash/smart_cane_ws/src/install/smart_cane_interfaces/share/smart_cane_interfaces/cmake/smart_cane_interfacesConfig-version.cmake
-- Installing: /home/sash/smart_cane_ws/src/install/smart_cane_interfaces/share/smart_cane_interfaces/package.xml
