[0.178s] DEBUG:colcon:Command line arguments: ['/usr/bin/colcon', 'build']
[0.178s] DEBUG:colcon:Parsed command line arguments: Namespace(log_base=None, log_level=None, verb_name='build', build_base='build', install_base='install', merge_install=False, symlink_install=False, test_result_base=None, continue_on_error=False, executor='parallel', parallel_workers=4, event_handlers=None, ignore_user_meta=False, metas=['./colcon.meta'], base_paths=['.'], packages_ignore=None, packages_ignore_regex=None, paths=None, packages_up_to=None, packages_up_to_regex=None, packages_above=None, packages_above_and_dependencies=None, packages_above_depth=None, packages_select_by_dep=None, packages_skip_by_dep=None, packages_skip_up_to=None, packages_select_build_failed=False, packages_skip_build_finished=False, packages_select_test_failures=False, packages_skip_test_passed=False, packages_select=None, packages_skip=None, packages_select_regex=None, packages_skip_regex=None, packages_start=None, packages_end=None, allow_overriding=[], cmake_args=None, cmake_target=None, cmake_target_skip_unavailable=False, cmake_clean_cache=False, cmake_clean_first=False, cmake_force_configure=False, ament_cmake_args=None, catkin_cmake_args=None, catkin_skip_building_tests=False, verb_parser=<colcon_defaults.argument_parser.defaults.DefaultArgumentsDecorator object at 0x7f9616f3f790>, verb_extension=<colcon_core.verb.build.BuildVerb object at 0x7f961715c550>, main=<bound method BuildVerb.main of <colcon_core.verb.build.BuildVerb object at 0x7f961715c550>>)
[0.407s] Level 1:colcon.colcon_core.package_discovery:discover_packages(colcon_meta) check parameters
[0.407s] Level 1:colcon.colcon_core.package_discovery:discover_packages(recursive) check parameters
[0.407s] Level 1:colcon.colcon_core.package_discovery:discover_packages(ignore) check parameters
[0.408s] Level 1:colcon.colcon_core.package_discovery:discover_packages(path) check parameters
[0.408s] Level 1:colcon.colcon_core.package_discovery:discover_packages(colcon_meta) discover
[0.408s] Level 1:colcon.colcon_core.package_discovery:discover_packages(recursive) discover
[0.408s] INFO:colcon.colcon_core.package_discovery:Crawling recursively for packages in '/home/sash/smart_cane_ws'
[0.408s] Level 1:colcon.colcon_core.package_identification:_identify(.) by extensions ['ignore', 'ignore_ament_install']
[0.408s] Level 1:colcon.colcon_core.package_identification:_identify(.) by extension 'ignore'
[0.408s] Level 1:colcon.colcon_core.package_identification:_identify(.) by extension 'ignore_ament_install'
[0.408s] Level 1:colcon.colcon_core.package_identification:_identify(.) by extensions ['colcon_pkg']
[0.408s] Level 1:colcon.colcon_core.package_identification:_identify(.) by extension 'colcon_pkg'
[0.408s] Level 1:colcon.colcon_core.package_identification:_identify(.) by extensions ['colcon_meta']
[0.408s] Level 1:colcon.colcon_core.package_identification:_identify(.) by extension 'colcon_meta'
[0.408s] Level 1:colcon.colcon_core.package_identification:_identify(.) by extensions ['ros']
[0.408s] Level 1:colcon.colcon_core.package_identification:_identify(.) by extension 'ros'
[0.423s] Level 1:colcon.colcon_core.package_identification:_identify(.) by extensions ['cmake', 'python']
[0.423s] Level 1:colcon.colcon_core.package_identification:_identify(.) by extension 'cmake'
[0.423s] Level 1:colcon.colcon_core.package_identification:_identify(.) by extension 'python'
[0.423s] Level 1:colcon.colcon_core.package_identification:_identify(.) by extensions ['python_setup_py']
[0.423s] Level 1:colcon.colcon_core.package_identification:_identify(.) by extension 'python_setup_py'
[0.424s] Level 1:colcon.colcon_core.package_identification:_identify(build) by extensions ['ignore', 'ignore_ament_install']
[0.424s] Level 1:colcon.colcon_core.package_identification:_identify(build) by extension 'ignore'
[0.424s] Level 1:colcon.colcon_core.package_identification:_identify(build) ignored
[0.424s] Level 1:colcon.colcon_core.package_identification:_identify(install) by extensions ['ignore', 'ignore_ament_install']
[0.424s] Level 1:colcon.colcon_core.package_identification:_identify(install) by extension 'ignore'
[0.424s] Level 1:colcon.colcon_core.package_identification:_identify(install) ignored
[0.425s] Level 1:colcon.colcon_core.package_identification:_identify(log) by extensions ['ignore', 'ignore_ament_install']
[0.425s] Level 1:colcon.colcon_core.package_identification:_identify(log) by extension 'ignore'
[0.425s] Level 1:colcon.colcon_core.package_identification:_identify(log) ignored
[0.425s] Level 1:colcon.colcon_core.package_identification:_identify(src) by extensions ['ignore', 'ignore_ament_install']
[0.425s] Level 1:colcon.colcon_core.package_identification:_identify(src) by extension 'ignore'
[0.425s] Level 1:colcon.colcon_core.package_identification:_identify(src) by extension 'ignore_ament_install'
[0.426s] Level 1:colcon.colcon_core.package_identification:_identify(src) by extensions ['colcon_pkg']
[0.426s] Level 1:colcon.colcon_core.package_identification:_identify(src) by extension 'colcon_pkg'
[0.426s] Level 1:colcon.colcon_core.package_identification:_identify(src) by extensions ['colcon_meta']
[0.426s] Level 1:colcon.colcon_core.package_identification:_identify(src) by extension 'colcon_meta'
[0.426s] Level 1:colcon.colcon_core.package_identification:_identify(src) by extensions ['ros']
[0.426s] Level 1:colcon.colcon_core.package_identification:_identify(src) by extension 'ros'
[0.426s] Level 1:colcon.colcon_core.package_identification:_identify(src) by extensions ['cmake', 'python']
[0.426s] Level 1:colcon.colcon_core.package_identification:_identify(src) by extension 'cmake'
[0.426s] Level 1:colcon.colcon_core.package_identification:_identify(src) by extension 'python'
[0.426s] Level 1:colcon.colcon_core.package_identification:_identify(src) by extensions ['python_setup_py']
[0.426s] Level 1:colcon.colcon_core.package_identification:_identify(src) by extension 'python_setup_py'
[0.427s] Level 1:colcon.colcon_core.package_identification:_identify(src/smart_cane_interfaces) by extensions ['ignore', 'ignore_ament_install']
[0.427s] Level 1:colcon.colcon_core.package_identification:_identify(src/smart_cane_interfaces) by extension 'ignore'
[0.427s] Level 1:colcon.colcon_core.package_identification:_identify(src/smart_cane_interfaces) by extension 'ignore_ament_install'
[0.427s] Level 1:colcon.colcon_core.package_identification:_identify(src/smart_cane_interfaces) by extensions ['colcon_pkg']
[0.427s] Level 1:colcon.colcon_core.package_identification:_identify(src/smart_cane_interfaces) by extension 'colcon_pkg'
[0.427s] Level 1:colcon.colcon_core.package_identification:_identify(src/smart_cane_interfaces) by extensions ['colcon_meta']
[0.427s] Level 1:colcon.colcon_core.package_identification:_identify(src/smart_cane_interfaces) by extension 'colcon_meta'
[0.427s] Level 1:colcon.colcon_core.package_identification:_identify(src/smart_cane_interfaces) by extensions ['ros']
[0.427s] Level 1:colcon.colcon_core.package_identification:_identify(src/smart_cane_interfaces) by extension 'ros'
[0.431s] DEBUG:colcon.colcon_core.package_identification:Package 'src/smart_cane_interfaces' with type 'ros.ament_cmake' and name 'smart_cane_interfaces'
[0.431s] Level 1:colcon.colcon_core.package_identification:_identify(src/smart_cane_system) by extensions ['ignore', 'ignore_ament_install']
[0.431s] Level 1:colcon.colcon_core.package_identification:_identify(src/smart_cane_system) by extension 'ignore'
[0.431s] Level 1:colcon.colcon_core.package_identification:_identify(src/smart_cane_system) by extension 'ignore_ament_install'
[0.432s] Level 1:colcon.colcon_core.package_identification:_identify(src/smart_cane_system) by extensions ['colcon_pkg']
[0.432s] Level 1:colcon.colcon_core.package_identification:_identify(src/smart_cane_system) by extension 'colcon_pkg'
[0.432s] Level 1:colcon.colcon_core.package_identification:_identify(src/smart_cane_system) by extensions ['colcon_meta']
[0.432s] Level 1:colcon.colcon_core.package_identification:_identify(src/smart_cane_system) by extension 'colcon_meta'
[0.432s] Level 1:colcon.colcon_core.package_identification:_identify(src/smart_cane_system) by extensions ['ros']
[0.432s] Level 1:colcon.colcon_core.package_identification:_identify(src/smart_cane_system) by extension 'ros'
[0.433s] DEBUG:colcon.colcon_core.package_identification:Package 'src/smart_cane_system' with type 'ros.ament_python' and name 'smart_cane_system'
[0.434s] Level 1:colcon.colcon_core.package_discovery:discover_packages(recursive) using defaults
[0.434s] Level 1:colcon.colcon_core.package_discovery:discover_packages(ignore) discover
[0.434s] Level 1:colcon.colcon_core.package_discovery:discover_packages(ignore) using defaults
[0.434s] Level 1:colcon.colcon_core.package_discovery:discover_packages(path) discover
[0.434s] Level 1:colcon.colcon_core.package_discovery:discover_packages(path) using defaults
[0.472s] Level 1:colcon.colcon_core.package_discovery:discover_packages(prefix_path) check parameters
[0.473s] Level 1:colcon.colcon_core.package_discovery:discover_packages(prefix_path) discover
[0.474s] DEBUG:colcon.colcon_installed_package_information.package_discovery:Found 1 installed packages in /home/sash/smart_cane_ws/install
[0.476s] DEBUG:colcon.colcon_installed_package_information.package_discovery:Found 271 installed packages in /opt/ros/humble
[0.477s] Level 1:colcon.colcon_core.package_discovery:discover_packages(prefix_path) using defaults
[0.527s] Level 5:colcon.colcon_core.verb:set package 'smart_cane_interfaces' build argument 'cmake_args' from command line to 'None'
[0.527s] Level 5:colcon.colcon_core.verb:set package 'smart_cane_interfaces' build argument 'cmake_target' from command line to 'None'
[0.527s] Level 5:colcon.colcon_core.verb:set package 'smart_cane_interfaces' build argument 'cmake_target_skip_unavailable' from command line to 'False'
[0.527s] Level 5:colcon.colcon_core.verb:set package 'smart_cane_interfaces' build argument 'cmake_clean_cache' from command line to 'False'
[0.527s] Level 5:colcon.colcon_core.verb:set package 'smart_cane_interfaces' build argument 'cmake_clean_first' from command line to 'False'
[0.527s] Level 5:colcon.colcon_core.verb:set package 'smart_cane_interfaces' build argument 'cmake_force_configure' from command line to 'False'
[0.527s] Level 5:colcon.colcon_core.verb:set package 'smart_cane_interfaces' build argument 'ament_cmake_args' from command line to 'None'
[0.527s] Level 5:colcon.colcon_core.verb:set package 'smart_cane_interfaces' build argument 'catkin_cmake_args' from command line to 'None'
[0.527s] Level 5:colcon.colcon_core.verb:set package 'smart_cane_interfaces' build argument 'catkin_skip_building_tests' from command line to 'False'
[0.527s] DEBUG:colcon.colcon_core.verb:Building package 'smart_cane_interfaces' with the following arguments: {'ament_cmake_args': None, 'build_base': '/home/sash/smart_cane_ws/build/smart_cane_interfaces', 'catkin_cmake_args': None, 'catkin_skip_building_tests': False, 'cmake_args': None, 'cmake_clean_cache': False, 'cmake_clean_first': False, 'cmake_force_configure': False, 'cmake_target': None, 'cmake_target_skip_unavailable': False, 'install_base': '/home/sash/smart_cane_ws/install/smart_cane_interfaces', 'merge_install': False, 'path': '/home/sash/smart_cane_ws/src/smart_cane_interfaces', 'symlink_install': False, 'test_result_base': None}
[0.528s] Level 5:colcon.colcon_core.verb:set package 'smart_cane_system' build argument 'cmake_args' from command line to 'None'
[0.528s] Level 5:colcon.colcon_core.verb:set package 'smart_cane_system' build argument 'cmake_target' from command line to 'None'
[0.528s] Level 5:colcon.colcon_core.verb:set package 'smart_cane_system' build argument 'cmake_target_skip_unavailable' from command line to 'False'
[0.528s] Level 5:colcon.colcon_core.verb:set package 'smart_cane_system' build argument 'cmake_clean_cache' from command line to 'False'
[0.528s] Level 5:colcon.colcon_core.verb:set package 'smart_cane_system' build argument 'cmake_clean_first' from command line to 'False'
[0.528s] Level 5:colcon.colcon_core.verb:set package 'smart_cane_system' build argument 'cmake_force_configure' from command line to 'False'
[0.528s] Level 5:colcon.colcon_core.verb:set package 'smart_cane_system' build argument 'ament_cmake_args' from command line to 'None'
[0.528s] Level 5:colcon.colcon_core.verb:set package 'smart_cane_system' build argument 'catkin_cmake_args' from command line to 'None'
[0.528s] Level 5:colcon.colcon_core.verb:set package 'smart_cane_system' build argument 'catkin_skip_building_tests' from command line to 'False'
[0.528s] DEBUG:colcon.colcon_core.verb:Building package 'smart_cane_system' with the following arguments: {'ament_cmake_args': None, 'build_base': '/home/sash/smart_cane_ws/build/smart_cane_system', 'catkin_cmake_args': None, 'catkin_skip_building_tests': False, 'cmake_args': None, 'cmake_clean_cache': False, 'cmake_clean_first': False, 'cmake_force_configure': False, 'cmake_target': None, 'cmake_target_skip_unavailable': False, 'install_base': '/home/sash/smart_cane_ws/install/smart_cane_system', 'merge_install': False, 'path': '/home/sash/smart_cane_ws/src/smart_cane_system', 'symlink_install': False, 'test_result_base': None}
[0.528s] INFO:colcon.colcon_core.executor:Executing jobs using 'parallel' executor
[0.530s] DEBUG:colcon.colcon_parallel_executor.executor.parallel:run_until_complete
[0.531s] INFO:colcon.colcon_ros.task.ament_cmake.build:Building ROS package in '/home/sash/smart_cane_ws/src/smart_cane_interfaces' with build type 'ament_cmake'
[0.532s] INFO:colcon.colcon_cmake.task.cmake.build:Building CMake package in '/home/sash/smart_cane_ws/src/smart_cane_interfaces'
[0.535s] INFO:colcon.colcon_core.plugin_system:Skipping extension 'colcon_core.shell.bat': Not used on non-Windows systems
[0.535s] INFO:colcon.colcon_core.shell:Skip shell extension 'powershell' for command environment: Not usable outside of PowerShell
[0.535s] DEBUG:colcon.colcon_core.shell:Skip shell extension 'dsv' for command environment
[0.567s] INFO:colcon.colcon_ros.task.ament_python.build:Building ROS package in '/home/sash/smart_cane_ws/src/smart_cane_system' with build type 'ament_python'
[0.569s] Level 1:colcon.colcon_core.shell:create_environment_hook('smart_cane_system', 'ament_prefix_path')
[0.569s] INFO:colcon.colcon_core.shell:Creating environment hook '/home/sash/smart_cane_ws/install/smart_cane_system/share/smart_cane_system/hook/ament_prefix_path.ps1'
[0.570s] INFO:colcon.colcon_core.shell:Creating environment descriptor '/home/sash/smart_cane_ws/install/smart_cane_system/share/smart_cane_system/hook/ament_prefix_path.dsv'
[0.571s] INFO:colcon.colcon_core.shell:Creating environment hook '/home/sash/smart_cane_ws/install/smart_cane_system/share/smart_cane_system/hook/ament_prefix_path.sh'
[0.572s] INFO:colcon.colcon_core.shell:Skip shell extension 'powershell' for command environment: Not usable outside of PowerShell
[0.572s] DEBUG:colcon.colcon_core.shell:Skip shell extension 'dsv' for command environment
[0.673s] DEBUG:colcon.colcon_core.event_handler.log_command:Invoking command in '/home/sash/smart_cane_ws/build/smart_cane_interfaces': CMAKE_PREFIX_PATH=/home/sash/smart_cane_ws/install/smart_cane_system:/opt/ros/humble /usr/bin/cmake /home/sash/smart_cane_ws/src/smart_cane_interfaces -DCMAKE_INSTALL_PREFIX=/home/sash/smart_cane_ws/install/smart_cane_interfaces
[1.230s] INFO:colcon.colcon_core.task.python.build:Building Python package in '/home/sash/smart_cane_ws/src/smart_cane_system'
[1.230s] INFO:colcon.colcon_core.shell:Skip shell extension 'powershell' for command environment: Not usable outside of PowerShell
[1.230s] DEBUG:colcon.colcon_core.shell:Skip shell extension 'dsv' for command environment
[1.818s] DEBUG:colcon.colcon_core.event_handler.log_command:Invoking command in '/home/sash/smart_cane_ws/src/smart_cane_system': PYTHONPATH=/home/sash/smart_cane_ws/build/smart_cane_system/prefix_override:/usr/lib/python3/dist-packages/colcon_core/task/python/colcon_distutils_commands:/home/sash/smart_cane_ws/install/smart_cane_system/lib/python3.10/site-packages:${PYTHONPATH} /usr/bin/python3 -W ignore:setup.py install is deprecated -W ignore:easy_install command is deprecated setup.py egg_info --egg-base ../../build/smart_cane_system build --build-base /home/sash/smart_cane_ws/build/smart_cane_system/build install --record /home/sash/smart_cane_ws/build/smart_cane_system/install.log --single-version-externally-managed install_data
[2.291s] DEBUG:colcon.colcon_core.event_handler.log_command:Invoked command in '/home/sash/smart_cane_ws/src/smart_cane_system' returned '0': PYTHONPATH=/home/sash/smart_cane_ws/build/smart_cane_system/prefix_override:/usr/lib/python3/dist-packages/colcon_core/task/python/colcon_distutils_commands:/home/sash/smart_cane_ws/install/smart_cane_system/lib/python3.10/site-packages:${PYTHONPATH} /usr/bin/python3 -W ignore:setup.py install is deprecated -W ignore:easy_install command is deprecated setup.py egg_info --egg-base ../../build/smart_cane_system build --build-base /home/sash/smart_cane_ws/build/smart_cane_system/build install --record /home/sash/smart_cane_ws/build/smart_cane_system/install.log --single-version-externally-managed install_data
[2.294s] Level 1:colcon.colcon_core.environment:checking '/home/sash/smart_cane_ws/install/smart_cane_system' for CMake module files
[2.294s] Level 1:colcon.colcon_core.environment:checking '/home/sash/smart_cane_ws/install/smart_cane_system' for CMake config files
[2.295s] Level 1:colcon.colcon_core.environment:checking '/home/sash/smart_cane_ws/install/smart_cane_system/lib'
[2.296s] Level 1:colcon.colcon_core.environment:checking '/home/sash/smart_cane_ws/install/smart_cane_system/bin'
[2.296s] Level 1:colcon.colcon_core.environment:checking '/home/sash/smart_cane_ws/install/smart_cane_system/lib/pkgconfig/smart_cane_system.pc'
[2.296s] Level 1:colcon.colcon_core.environment:checking '/home/sash/smart_cane_ws/install/smart_cane_system/lib/python3.10/site-packages'
[2.296s] Level 1:colcon.colcon_core.shell:create_environment_hook('smart_cane_system', 'pythonpath')
[2.297s] INFO:colcon.colcon_core.shell:Creating environment hook '/home/sash/smart_cane_ws/install/smart_cane_system/share/smart_cane_system/hook/pythonpath.ps1'
[2.297s] INFO:colcon.colcon_core.shell:Creating environment descriptor '/home/sash/smart_cane_ws/install/smart_cane_system/share/smart_cane_system/hook/pythonpath.dsv'
[2.298s] INFO:colcon.colcon_core.shell:Creating environment hook '/home/sash/smart_cane_ws/install/smart_cane_system/share/smart_cane_system/hook/pythonpath.sh'
[2.300s] Level 1:colcon.colcon_core.environment:checking '/home/sash/smart_cane_ws/install/smart_cane_system/bin'
[2.300s] Level 1:colcon.colcon_core.environment:create_environment_scripts_only(smart_cane_system)
[2.301s] INFO:colcon.colcon_core.shell:Creating package script '/home/sash/smart_cane_ws/install/smart_cane_system/share/smart_cane_system/package.ps1'
[2.302s] INFO:colcon.colcon_core.shell:Creating package descriptor '/home/sash/smart_cane_ws/install/smart_cane_system/share/smart_cane_system/package.dsv'
[2.303s] INFO:colcon.colcon_core.shell:Creating package script '/home/sash/smart_cane_ws/install/smart_cane_system/share/smart_cane_system/package.sh'
[2.305s] INFO:colcon.colcon_core.shell:Creating package script '/home/sash/smart_cane_ws/install/smart_cane_system/share/smart_cane_system/package.bash'
[2.307s] INFO:colcon.colcon_core.shell:Creating package script '/home/sash/smart_cane_ws/install/smart_cane_system/share/smart_cane_system/package.zsh'
[2.309s] Level 1:colcon.colcon_core.environment:create_file_with_runtime_dependencies(/home/sash/smart_cane_ws/install/smart_cane_system/share/colcon-core/packages/smart_cane_system)
[12.473s] DEBUG:colcon.colcon_core.event_handler.log_command:Invoked command in '/home/sash/smart_cane_ws/build/smart_cane_interfaces' returned '0': CMAKE_PREFIX_PATH=/home/sash/smart_cane_ws/install/smart_cane_system:/opt/ros/humble /usr/bin/cmake /home/sash/smart_cane_ws/src/smart_cane_interfaces -DCMAKE_INSTALL_PREFIX=/home/sash/smart_cane_ws/install/smart_cane_interfaces
[12.479s] DEBUG:colcon.colcon_core.event_handler.log_command:Invoking command in '/home/sash/smart_cane_ws/build/smart_cane_interfaces': CMAKE_PREFIX_PATH=/home/sash/smart_cane_ws/install/smart_cane_system:/opt/ros/humble /usr/bin/cmake --build /home/sash/smart_cane_ws/build/smart_cane_interfaces -- -j4 -l4
[20.572s] DEBUG:colcon.colcon_core.event_handler.log_command:Invoked command in '/home/sash/smart_cane_ws/build/smart_cane_interfaces' returned '0': CMAKE_PREFIX_PATH=/home/sash/smart_cane_ws/install/smart_cane_system:/opt/ros/humble /usr/bin/cmake --build /home/sash/smart_cane_ws/build/smart_cane_interfaces -- -j4 -l4
[20.585s] DEBUG:colcon.colcon_core.event_handler.log_command:Invoking command in '/home/sash/smart_cane_ws/build/smart_cane_interfaces': CMAKE_PREFIX_PATH=/home/sash/smart_cane_ws/install/smart_cane_system:/opt/ros/humble /usr/bin/cmake --install /home/sash/smart_cane_ws/build/smart_cane_interfaces
[20.657s] Level 1:colcon.colcon_core.environment:create_environment_scripts_only(smart_cane_interfaces)
[20.658s] Level 1:colcon.colcon_core.environment:checking '/home/sash/smart_cane_ws/install/smart_cane_interfaces' for CMake module files
[20.658s] DEBUG:colcon.colcon_core.event_handler.log_command:Invoked command in '/home/sash/smart_cane_ws/build/smart_cane_interfaces' returned '0': CMAKE_PREFIX_PATH=/home/sash/smart_cane_ws/install/smart_cane_system:/opt/ros/humble /usr/bin/cmake --install /home/sash/smart_cane_ws/build/smart_cane_interfaces
[20.660s] Level 1:colcon.colcon_core.environment:checking '/home/sash/smart_cane_ws/install/smart_cane_interfaces' for CMake config files
[20.660s] Level 1:colcon.colcon_core.shell:create_environment_hook('smart_cane_interfaces', 'cmake_prefix_path')
[20.660s] INFO:colcon.colcon_core.shell:Creating environment hook '/home/sash/smart_cane_ws/install/smart_cane_interfaces/share/smart_cane_interfaces/hook/cmake_prefix_path.ps1'
[20.661s] INFO:colcon.colcon_core.shell:Creating environment descriptor '/home/sash/smart_cane_ws/install/smart_cane_interfaces/share/smart_cane_interfaces/hook/cmake_prefix_path.dsv'
[20.662s] INFO:colcon.colcon_core.shell:Creating environment hook '/home/sash/smart_cane_ws/install/smart_cane_interfaces/share/smart_cane_interfaces/hook/cmake_prefix_path.sh'
[20.663s] Level 1:colcon.colcon_core.environment:checking '/home/sash/smart_cane_ws/install/smart_cane_interfaces/lib'
[20.663s] Level 1:colcon.colcon_core.shell:create_environment_hook('smart_cane_interfaces', 'ld_library_path_lib')
[20.663s] INFO:colcon.colcon_core.shell:Creating environment hook '/home/sash/smart_cane_ws/install/smart_cane_interfaces/share/smart_cane_interfaces/hook/ld_library_path_lib.ps1'
[20.664s] INFO:colcon.colcon_core.shell:Creating environment descriptor '/home/sash/smart_cane_ws/install/smart_cane_interfaces/share/smart_cane_interfaces/hook/ld_library_path_lib.dsv'
[20.665s] INFO:colcon.colcon_core.shell:Creating environment hook '/home/sash/smart_cane_ws/install/smart_cane_interfaces/share/smart_cane_interfaces/hook/ld_library_path_lib.sh'
[20.665s] Level 1:colcon.colcon_core.environment:checking '/home/sash/smart_cane_ws/install/smart_cane_interfaces/bin'
[20.665s] Level 1:colcon.colcon_core.environment:checking '/home/sash/smart_cane_ws/install/smart_cane_interfaces/lib/pkgconfig/smart_cane_interfaces.pc'
[20.666s] Level 1:colcon.colcon_core.environment:checking '/home/sash/smart_cane_ws/install/smart_cane_interfaces/lib/python3.10/site-packages'
[20.666s] Level 1:colcon.colcon_core.environment:checking '/home/sash/smart_cane_ws/install/smart_cane_interfaces/bin'
[20.667s] INFO:colcon.colcon_core.shell:Creating package script '/home/sash/smart_cane_ws/install/smart_cane_interfaces/share/smart_cane_interfaces/package.ps1'
[20.668s] INFO:colcon.colcon_core.shell:Creating package descriptor '/home/sash/smart_cane_ws/install/smart_cane_interfaces/share/smart_cane_interfaces/package.dsv'
[20.669s] INFO:colcon.colcon_core.shell:Creating package script '/home/sash/smart_cane_ws/install/smart_cane_interfaces/share/smart_cane_interfaces/package.sh'
[20.669s] INFO:colcon.colcon_core.shell:Creating package script '/home/sash/smart_cane_ws/install/smart_cane_interfaces/share/smart_cane_interfaces/package.bash'
[20.670s] INFO:colcon.colcon_core.shell:Creating package script '/home/sash/smart_cane_ws/install/smart_cane_interfaces/share/smart_cane_interfaces/package.zsh'
[20.671s] Level 1:colcon.colcon_core.environment:create_file_with_runtime_dependencies(/home/sash/smart_cane_ws/install/smart_cane_interfaces/share/colcon-core/packages/smart_cane_interfaces)
[20.672s] Level 1:colcon.colcon_core.environment:create_environment_scripts_only(smart_cane_interfaces)
[20.673s] Level 1:colcon.colcon_core.environment:checking '/home/sash/smart_cane_ws/install/smart_cane_interfaces' for CMake module files
[20.674s] Level 1:colcon.colcon_core.environment:checking '/home/sash/smart_cane_ws/install/smart_cane_interfaces' for CMake config files
[20.674s] Level 1:colcon.colcon_core.shell:create_environment_hook('smart_cane_interfaces', 'cmake_prefix_path')
[20.674s] INFO:colcon.colcon_core.shell:Creating environment hook '/home/sash/smart_cane_ws/install/smart_cane_interfaces/share/smart_cane_interfaces/hook/cmake_prefix_path.ps1'
[20.675s] INFO:colcon.colcon_core.shell:Creating environment descriptor '/home/sash/smart_cane_ws/install/smart_cane_interfaces/share/smart_cane_interfaces/hook/cmake_prefix_path.dsv'
[20.675s] INFO:colcon.colcon_core.shell:Creating environment hook '/home/sash/smart_cane_ws/install/smart_cane_interfaces/share/smart_cane_interfaces/hook/cmake_prefix_path.sh'
[20.676s] Level 1:colcon.colcon_core.environment:checking '/home/sash/smart_cane_ws/install/smart_cane_interfaces/lib'
[20.676s] Level 1:colcon.colcon_core.shell:create_environment_hook('smart_cane_interfaces', 'ld_library_path_lib')
[20.676s] INFO:colcon.colcon_core.shell:Creating environment hook '/home/sash/smart_cane_ws/install/smart_cane_interfaces/share/smart_cane_interfaces/hook/ld_library_path_lib.ps1'
[20.677s] INFO:colcon.colcon_core.shell:Creating environment descriptor '/home/sash/smart_cane_ws/install/smart_cane_interfaces/share/smart_cane_interfaces/hook/ld_library_path_lib.dsv'
[20.678s] INFO:colcon.colcon_core.shell:Creating environment hook '/home/sash/smart_cane_ws/install/smart_cane_interfaces/share/smart_cane_interfaces/hook/ld_library_path_lib.sh'
[20.680s] Level 1:colcon.colcon_core.environment:checking '/home/sash/smart_cane_ws/install/smart_cane_interfaces/bin'
[20.680s] Level 1:colcon.colcon_core.environment:checking '/home/sash/smart_cane_ws/install/smart_cane_interfaces/lib/pkgconfig/smart_cane_interfaces.pc'
[20.680s] Level 1:colcon.colcon_core.environment:checking '/home/sash/smart_cane_ws/install/smart_cane_interfaces/lib/python3.10/site-packages'
[20.680s] Level 1:colcon.colcon_core.environment:checking '/home/sash/smart_cane_ws/install/smart_cane_interfaces/bin'
[20.681s] INFO:colcon.colcon_core.shell:Creating package script '/home/sash/smart_cane_ws/install/smart_cane_interfaces/share/smart_cane_interfaces/package.ps1'
[20.682s] INFO:colcon.colcon_core.shell:Creating package descriptor '/home/sash/smart_cane_ws/install/smart_cane_interfaces/share/smart_cane_interfaces/package.dsv'
[20.682s] INFO:colcon.colcon_core.shell:Creating package script '/home/sash/smart_cane_ws/install/smart_cane_interfaces/share/smart_cane_interfaces/package.sh'
[20.683s] INFO:colcon.colcon_core.shell:Creating package script '/home/sash/smart_cane_ws/install/smart_cane_interfaces/share/smart_cane_interfaces/package.bash'
[20.684s] INFO:colcon.colcon_core.shell:Creating package script '/home/sash/smart_cane_ws/install/smart_cane_interfaces/share/smart_cane_interfaces/package.zsh'
[20.685s] Level 1:colcon.colcon_core.environment:create_file_with_runtime_dependencies(/home/sash/smart_cane_ws/install/smart_cane_interfaces/share/colcon-core/packages/smart_cane_interfaces)
[20.686s] DEBUG:colcon.colcon_parallel_executor.executor.parallel:closing loop
[20.687s] DEBUG:colcon.colcon_parallel_executor.executor.parallel:loop closed
[20.687s] DEBUG:colcon.colcon_parallel_executor.executor.parallel:run_until_complete finished with '0'
[20.687s] DEBUG:colcon.colcon_core.event_reactor:joining thread
[20.724s] INFO:colcon.colcon_core.plugin_system:Skipping extension 'colcon_notification.desktop_notification.notify_send': Could not find 'notify-send'
[20.725s] INFO:colcon.colcon_core.plugin_system:Skipping extension 'colcon_notification.desktop_notification.terminal_notifier': Not used on non-Darwin systems
[20.725s] INFO:colcon.colcon_core.plugin_system:Skipping extension 'colcon_notification.desktop_notification.win32': Not used on non-Windows systems
[20.725s] INFO:colcon.colcon_notification.desktop_notification:Sending desktop notification using 'notify2'
[20.726s] DEBUG:colcon.colcon_notification.desktop_notification.notify2:Failed to initialize notify2: org.freedesktop.DBus.Error.FileNotFound: Failed to connect to socket /run/user/1000/bus: No such file or directory
[20.726s] DEBUG:colcon.colcon_core.event_reactor:joined thread
[20.727s] INFO:colcon.colcon_core.shell:Creating prefix script '/home/sash/smart_cane_ws/install/local_setup.ps1'
[20.730s] INFO:colcon.colcon_core.shell:Creating prefix util module '/home/sash/smart_cane_ws/install/_local_setup_util_ps1.py'
[20.732s] INFO:colcon.colcon_core.shell:Creating prefix chain script '/home/sash/smart_cane_ws/install/setup.ps1'
[20.735s] INFO:colcon.colcon_core.shell:Creating prefix script '/home/sash/smart_cane_ws/install/local_setup.sh'
[20.736s] INFO:colcon.colcon_core.shell:Creating prefix util module '/home/sash/smart_cane_ws/install/_local_setup_util_sh.py'
[20.741s] INFO:colcon.colcon_core.shell:Creating prefix chain script '/home/sash/smart_cane_ws/install/setup.sh'
[20.745s] INFO:colcon.colcon_core.shell:Creating prefix script '/home/sash/smart_cane_ws/install/local_setup.bash'
[20.746s] INFO:colcon.colcon_core.shell:Creating prefix chain script '/home/sash/smart_cane_ws/install/setup.bash'
[20.750s] INFO:colcon.colcon_core.shell:Creating prefix script '/home/sash/smart_cane_ws/install/local_setup.zsh'
[20.751s] INFO:colcon.colcon_core.shell:Creating prefix chain script '/home/sash/smart_cane_ws/install/setup.zsh'
