[0.000000] (-) TimerEvent: {}
[0.000677] (smart_cane_interfaces) JobQueued: {'identifier': 'smart_cane_interfaces', 'dependencies': OrderedDict()}
[0.000806] (smart_cane_system) JobQueued: {'identifier': 'smart_cane_system', 'dependencies': OrderedDict([('smart_cane_interfaces', '/home/sash/smart_cane_ws/install/smart_cane_interfaces')])}
[0.000945] (smart_cane_interfaces) JobStarted: {'identifier': 'smart_cane_interfaces'}
[0.013151] (smart_cane_interfaces) JobProgress: {'identifier': 'smart_cane_interfaces', 'progress': 'cmake'}
[0.014504] (smart_cane_interfaces) JobProgress: {'identifier': 'smart_cane_interfaces', 'progress': 'build'}
[0.016164] (smart_cane_interfaces) Command: {'cmd': ['/usr/bin/cmake', '--build', '/home/sash/smart_cane_ws/build/smart_cane_interfaces', '--', '-j4', '-l4'], 'cwd': '/home/sash/smart_cane_ws/build/smart_cane_interfaces', 'env': OrderedDict([('USER', 'sash'), ('GIT_ASKPASS', '/home/sash/.vscode-server/bin/848b80aeb52026648a8ff9f7c45a9b0a80641e2e/extensions/git/dist/askpass.sh'), ('SHLVL', '2'), ('LD_LIBRARY_PATH', '/home/sash/smart_cane_ws/install/smart_cane_interfaces/lib:/opt/ros/humble/opt/rviz_ogre_vendor/lib:/opt/ros/humble/lib/x86_64-linux-gnu:/opt/ros/humble/lib'), ('HOME', '/home/sash'), ('OLDPWD', '/home/sash'), ('TERM_PROGRAM_VERSION', '1.100.2'), ('VSCODE_IPC_HOOK_CLI', '/run/user/1000/vscode-ipc-fc4a81bf-b41f-44aa-90f8-4138926224f1.sock'), ('ROS_PYTHON_VERSION', '3'), ('VSCODE_GIT_ASKPASS_MAIN', '/home/sash/.vscode-server/bin/848b80aeb52026648a8ff9f7c45a9b0a80641e2e/extensions/git/dist/askpass-main.js'), ('VSCODE_GIT_ASKPASS_NODE', '/home/sash/.vscode-server/bin/848b80aeb52026648a8ff9f7c45a9b0a80641e2e/node'), ('PYDEVD_DISABLE_FILE_VALIDATION', '1'), ('BUNDLED_DEBUGPY_PATH', '/home/sash/.vscode-server/extensions/ms-python.debugpy-2025.8.0-linux-x64/bundled/libs/debugpy'), ('DBUS_SESSION_BUS_ADDRESS', 'unix:path=/run/user/1000/bus'), ('COLORTERM', 'truecolor'), ('WSL_DISTRO_NAME', 'Ubuntu-22.04'), ('WAYLAND_DISPLAY', 'wayland-0'), ('COLCON_PREFIX_PATH', '/home/sash/smart_cane_ws/install'), ('ROS_DISTRO', 'humble'), ('LOGNAME', 'sash'), ('NAME', 'Code'), ('WSL_INTEROP', '/run/WSL/500_interop'), ('PULSE_SERVER', 'unix:/mnt/wslg/PulseServer'), ('_', '/usr/bin/colcon'), ('ROS_VERSION', '2'), ('TERM', 'xterm-256color'), ('ROS_LOCALHOST_ONLY', '0'), ('PATH', '/opt/ros/humble/bin:/home/sash/.vscode-server/bin/848b80aeb52026648a8ff9f7c45a9b0a80641e2e/bin/remote-cli:/usr/local/sbin:/usr/local/bin:/usr/sbin:/usr/bin:/sbin:/bin:/usr/games:/usr/local/games:/usr/lib/wsl/lib:/mnt/c/Program Files/WindowsApps/CanonicalGroupLimited.Ubuntu22.04LTS_2204.5.10021.0_x64__79rhkp1fndgsc:/mnt/c/Program Files/Python311/Scripts/:/mnt/c/Program Files/Python311/:/mnt/c/WINDOWS/system32:/mnt/c/WINDOWS:/mnt/c/WINDOWS/System32/Wbem:/mnt/c/WINDOWS/System32/WindowsPowerShell/v1.0/:/mnt/c/WINDOWS/System32/OpenSSH/:/mnt/c/Program Files/Git/cmd:/mnt/c/Users/Sash/AppData/Local/Microsoft/WindowsApps:/mnt/c/Users/Sash/AppData/Local/Programs/Microsoft VS Code/bin:/snap/bin:/home/sash/.vscode-server/extensions/ms-python.debugpy-2025.8.0-linux-x64/bundled/scripts/noConfigScripts'), ('XDG_RUNTIME_DIR', '/run/user/1000/'), ('DISPLAY', ':0'), ('VSCODE_DEBUGPY_ADAPTER_ENDPOINTS', '/home/sash/.vscode-server/extensions/ms-python.debugpy-2025.8.0-linux-x64/.noConfigDebugAdapterEndpoints/endpoint-91b46a9bf0008868.txt'), ('LANG', 'en_US.UTF-8'), ('VSCODE_GIT_IPC_HANDLE', '/run/user/1000/vscode-git-cd77fc1bd3.sock'), ('TERM_PROGRAM', 'vscode'), ('AMENT_PREFIX_PATH', '/home/sash/smart_cane_ws/install/smart_cane_system:/home/sash/smart_cane_ws/install/smart_cane_interfaces:/opt/ros/humble'), ('SHELL', '/bin/bash'), ('VSCODE_GIT_ASKPASS_EXTRA_ARGS', ''), ('PWD', '/home/sash/smart_cane_ws/build/smart_cane_interfaces'), ('XDG_DATA_DIRS', '/usr/local/share:/usr/share:/var/lib/snapd/desktop'), ('PYTHONPATH', '/home/sash/smart_cane_ws/install/smart_cane_system/lib/python3.10/site-packages:/opt/ros/humble/lib/python3.10/site-packages:/opt/ros/humble/local/lib/python3.10/dist-packages'), ('COLCON', '1'), ('WSL2_GUI_APPS_ENABLED', '1'), ('HOSTTYPE', 'x86_64'), ('CMAKE_PREFIX_PATH', '/home/sash/smart_cane_ws/install/smart_cane_interfaces:/home/sash/smart_cane_ws/install/smart_cane_system:/opt/ros/humble'), ('WSLENV', 'ELECTRON_RUN_AS_NODE/w:')]), 'shell': False}
[0.098464] (-) TimerEvent: {}
[0.138381] (smart_cane_interfaces) StdoutLine: {'line': b'[  2%] Built target smart_cane_interfaces__cpp\n'}
[0.142766] (smart_cane_interfaces) StdoutLine: {'line': b'[ 16%] Built target smart_cane_interfaces__rosidl_generator_c\n'}
[0.197820] (smart_cane_interfaces) StdoutLine: {'line': b'[ 44%] Built target smart_cane_interfaces__rosidl_typesupport_fastrtps_c\n'}
[0.198614] (smart_cane_interfaces) StdoutLine: {'line': b'[ 44%] Built target smart_cane_interfaces__rosidl_typesupport_fastrtps_cpp\n'}
[0.198912] (-) TimerEvent: {}
[0.201363] (smart_cane_interfaces) StdoutLine: {'line': b'[ 58%] Built target smart_cane_interfaces__rosidl_typesupport_introspection_cpp\n'}
[0.202623] (smart_cane_interfaces) StdoutLine: {'line': b'[ 72%] Built target smart_cane_interfaces__rosidl_typesupport_cpp\n'}
[0.256209] (smart_cane_interfaces) StdoutLine: {'line': b'[ 86%] Built target smart_cane_interfaces__rosidl_typesupport_introspection_c\n'}
[0.257075] (smart_cane_interfaces) StdoutLine: {'line': b'[100%] Built target smart_cane_interfaces__rosidl_typesupport_c\n'}
[0.286969] (smart_cane_interfaces) StdoutLine: {'line': b'[100%] Built target smart_cane_interfaces\n'}
[0.299081] (-) TimerEvent: {}
[0.304526] (smart_cane_interfaces) CommandEnded: {'returncode': 0}
[0.305836] (smart_cane_interfaces) JobProgress: {'identifier': 'smart_cane_interfaces', 'progress': 'install'}
[0.326521] (smart_cane_interfaces) Command: {'cmd': ['/usr/bin/cmake', '--install', '/home/sash/smart_cane_ws/build/smart_cane_interfaces'], 'cwd': '/home/sash/smart_cane_ws/build/smart_cane_interfaces', 'env': OrderedDict([('USER', 'sash'), ('GIT_ASKPASS', '/home/sash/.vscode-server/bin/848b80aeb52026648a8ff9f7c45a9b0a80641e2e/extensions/git/dist/askpass.sh'), ('SHLVL', '2'), ('LD_LIBRARY_PATH', '/home/sash/smart_cane_ws/install/smart_cane_interfaces/lib:/opt/ros/humble/opt/rviz_ogre_vendor/lib:/opt/ros/humble/lib/x86_64-linux-gnu:/opt/ros/humble/lib'), ('HOME', '/home/sash'), ('OLDPWD', '/home/sash'), ('TERM_PROGRAM_VERSION', '1.100.2'), ('VSCODE_IPC_HOOK_CLI', '/run/user/1000/vscode-ipc-fc4a81bf-b41f-44aa-90f8-4138926224f1.sock'), ('ROS_PYTHON_VERSION', '3'), ('VSCODE_GIT_ASKPASS_MAIN', '/home/sash/.vscode-server/bin/848b80aeb52026648a8ff9f7c45a9b0a80641e2e/extensions/git/dist/askpass-main.js'), ('VSCODE_GIT_ASKPASS_NODE', '/home/sash/.vscode-server/bin/848b80aeb52026648a8ff9f7c45a9b0a80641e2e/node'), ('PYDEVD_DISABLE_FILE_VALIDATION', '1'), ('BUNDLED_DEBUGPY_PATH', '/home/sash/.vscode-server/extensions/ms-python.debugpy-2025.8.0-linux-x64/bundled/libs/debugpy'), ('DBUS_SESSION_BUS_ADDRESS', 'unix:path=/run/user/1000/bus'), ('COLORTERM', 'truecolor'), ('WSL_DISTRO_NAME', 'Ubuntu-22.04'), ('WAYLAND_DISPLAY', 'wayland-0'), ('COLCON_PREFIX_PATH', '/home/sash/smart_cane_ws/install'), ('ROS_DISTRO', 'humble'), ('LOGNAME', 'sash'), ('NAME', 'Code'), ('WSL_INTEROP', '/run/WSL/500_interop'), ('PULSE_SERVER', 'unix:/mnt/wslg/PulseServer'), ('_', '/usr/bin/colcon'), ('ROS_VERSION', '2'), ('TERM', 'xterm-256color'), ('ROS_LOCALHOST_ONLY', '0'), ('PATH', '/opt/ros/humble/bin:/home/sash/.vscode-server/bin/848b80aeb52026648a8ff9f7c45a9b0a80641e2e/bin/remote-cli:/usr/local/sbin:/usr/local/bin:/usr/sbin:/usr/bin:/sbin:/bin:/usr/games:/usr/local/games:/usr/lib/wsl/lib:/mnt/c/Program Files/WindowsApps/CanonicalGroupLimited.Ubuntu22.04LTS_2204.5.10021.0_x64__79rhkp1fndgsc:/mnt/c/Program Files/Python311/Scripts/:/mnt/c/Program Files/Python311/:/mnt/c/WINDOWS/system32:/mnt/c/WINDOWS:/mnt/c/WINDOWS/System32/Wbem:/mnt/c/WINDOWS/System32/WindowsPowerShell/v1.0/:/mnt/c/WINDOWS/System32/OpenSSH/:/mnt/c/Program Files/Git/cmd:/mnt/c/Users/Sash/AppData/Local/Microsoft/WindowsApps:/mnt/c/Users/Sash/AppData/Local/Programs/Microsoft VS Code/bin:/snap/bin:/home/sash/.vscode-server/extensions/ms-python.debugpy-2025.8.0-linux-x64/bundled/scripts/noConfigScripts'), ('XDG_RUNTIME_DIR', '/run/user/1000/'), ('DISPLAY', ':0'), ('VSCODE_DEBUGPY_ADAPTER_ENDPOINTS', '/home/sash/.vscode-server/extensions/ms-python.debugpy-2025.8.0-linux-x64/.noConfigDebugAdapterEndpoints/endpoint-91b46a9bf0008868.txt'), ('LANG', 'en_US.UTF-8'), ('VSCODE_GIT_IPC_HANDLE', '/run/user/1000/vscode-git-cd77fc1bd3.sock'), ('TERM_PROGRAM', 'vscode'), ('AMENT_PREFIX_PATH', '/home/sash/smart_cane_ws/install/smart_cane_system:/home/sash/smart_cane_ws/install/smart_cane_interfaces:/opt/ros/humble'), ('SHELL', '/bin/bash'), ('VSCODE_GIT_ASKPASS_EXTRA_ARGS', ''), ('PWD', '/home/sash/smart_cane_ws/build/smart_cane_interfaces'), ('XDG_DATA_DIRS', '/usr/local/share:/usr/share:/var/lib/snapd/desktop'), ('PYTHONPATH', '/home/sash/smart_cane_ws/install/smart_cane_system/lib/python3.10/site-packages:/opt/ros/humble/lib/python3.10/site-packages:/opt/ros/humble/local/lib/python3.10/dist-packages'), ('COLCON', '1'), ('WSL2_GUI_APPS_ENABLED', '1'), ('HOSTTYPE', 'x86_64'), ('CMAKE_PREFIX_PATH', '/home/sash/smart_cane_ws/install/smart_cane_interfaces:/home/sash/smart_cane_ws/install/smart_cane_system:/opt/ros/humble'), ('WSLENV', 'ELECTRON_RUN_AS_NODE/w:')]), 'shell': False}
[0.340101] (smart_cane_interfaces) StdoutLine: {'line': b'-- Install configuration: ""\n'}
[0.340901] (smart_cane_interfaces) StdoutLine: {'line': b'-- Up-to-date: /home/sash/smart_cane_ws/install/smart_cane_interfaces/share/ament_index/resource_index/rosidl_interfaces/smart_cane_interfaces\n'}
[0.341606] (smart_cane_interfaces) StdoutLine: {'line': b'-- Up-to-date: /home/sash/smart_cane_ws/install/smart_cane_interfaces/include/smart_cane_interfaces/smart_cane_interfaces\n'}
[0.341976] (smart_cane_interfaces) StdoutLine: {'line': b'-- Up-to-date: /home/sash/smart_cane_ws/install/smart_cane_interfaces/include/smart_cane_interfaces/smart_cane_interfaces/msg\n'}
[0.342545] (smart_cane_interfaces) StdoutLine: {'line': b'-- Up-to-date: /home/sash/smart_cane_ws/install/smart_cane_interfaces/include/smart_cane_interfaces/smart_cane_interfaces/msg/detection_result.h\n'}
[0.342730] (smart_cane_interfaces) StdoutLine: {'line': b'-- Up-to-date: /home/sash/smart_cane_ws/install/smart_cane_interfaces/include/smart_cane_interfaces/smart_cane_interfaces/msg/feedback_command.h\n'}
[0.343093] (smart_cane_interfaces) StdoutLine: {'line': b'-- Up-to-date: /home/sash/smart_cane_ws/install/smart_cane_interfaces/include/smart_cane_interfaces/smart_cane_interfaces/msg/detail\n'}
[0.343281] (smart_cane_interfaces) StdoutLine: {'line': b'-- Up-to-date: /home/sash/smart_cane_ws/install/smart_cane_interfaces/include/smart_cane_interfaces/smart_cane_interfaces/msg/detail/detection_result__type_support.h\n'}
[0.343627] (smart_cane_interfaces) StdoutLine: {'line': b'-- Up-to-date: /home/sash/smart_cane_ws/install/smart_cane_interfaces/include/smart_cane_interfaces/smart_cane_interfaces/msg/detail/detection_result__struct.h\n'}
[0.343955] (smart_cane_interfaces) StdoutLine: {'line': b'-- Up-to-date: /home/sash/smart_cane_ws/install/smart_cane_interfaces/include/smart_cane_interfaces/smart_cane_interfaces/msg/detail/ultrasonic_data__functions.h\n'}
[0.344310] (smart_cane_interfaces) StdoutLine: {'line': b'-- Up-to-date: /home/sash/smart_cane_ws/install/smart_cane_interfaces/include/smart_cane_interfaces/smart_cane_interfaces/msg/detail/feedback_command__type_support.h\n'}
[0.344632] (smart_cane_interfaces) StdoutLine: {'line': b'-- Up-to-date: /home/sash/smart_cane_ws/install/smart_cane_interfaces/include/smart_cane_interfaces/smart_cane_interfaces/msg/detail/ultrasonic_data__struct.h\n'}
[0.344809] (smart_cane_interfaces) StdoutLine: {'line': b'-- Up-to-date: /home/sash/smart_cane_ws/install/smart_cane_interfaces/include/smart_cane_interfaces/smart_cane_interfaces/msg/detail/detection_result__functions.h\n'}
[0.345276] (smart_cane_interfaces) StdoutLine: {'line': b'-- Up-to-date: /home/sash/smart_cane_ws/install/smart_cane_interfaces/include/smart_cane_interfaces/smart_cane_interfaces/msg/detail/ultrasonic_data__functions.c\n'}
[0.345756] (smart_cane_interfaces) StdoutLine: {'line': b'-- Up-to-date: /home/sash/smart_cane_ws/install/smart_cane_interfaces/include/smart_cane_interfaces/smart_cane_interfaces/msg/detail/feedback_command__struct.h\n'}
[0.346216] (smart_cane_interfaces) StdoutLine: {'line': b'-- Up-to-date: /home/sash/smart_cane_ws/install/smart_cane_interfaces/include/smart_cane_interfaces/smart_cane_interfaces/msg/detail/feedback_command__functions.c\n'}
[0.346567] (smart_cane_interfaces) StdoutLine: {'line': b'-- Up-to-date: /home/sash/smart_cane_ws/install/smart_cane_interfaces/include/smart_cane_interfaces/smart_cane_interfaces/msg/detail/ultrasonic_data__type_support.h\n'}
[0.347083] (smart_cane_interfaces) StdoutLine: {'line': b'-- Up-to-date: /home/sash/smart_cane_ws/install/smart_cane_interfaces/include/smart_cane_interfaces/smart_cane_interfaces/msg/detail/feedback_command__functions.h\n'}
[0.347651] (smart_cane_interfaces) StdoutLine: {'line': b'-- Up-to-date: /home/sash/smart_cane_ws/install/smart_cane_interfaces/include/smart_cane_interfaces/smart_cane_interfaces/msg/detail/detection_result__functions.c\n'}
[0.347832] (smart_cane_interfaces) StdoutLine: {'line': b'-- Up-to-date: /home/sash/smart_cane_ws/install/smart_cane_interfaces/include/smart_cane_interfaces/smart_cane_interfaces/msg/rosidl_generator_c__visibility_control.h\n'}
[0.348160] (smart_cane_interfaces) StdoutLine: {'line': b'-- Up-to-date: /home/sash/smart_cane_ws/install/smart_cane_interfaces/include/smart_cane_interfaces/smart_cane_interfaces/msg/ultrasonic_data.h\n'}
[0.348356] (smart_cane_interfaces) StdoutLine: {'line': b'-- Up-to-date: /home/sash/smart_cane_ws/install/smart_cane_interfaces/share/smart_cane_interfaces/environment/library_path.sh\n'}
[0.348744] (smart_cane_interfaces) StdoutLine: {'line': b'-- Up-to-date: /home/sash/smart_cane_ws/install/smart_cane_interfaces/share/smart_cane_interfaces/environment/library_path.dsv\n'}
[0.349069] (smart_cane_interfaces) StdoutLine: {'line': b'-- Up-to-date: /home/sash/smart_cane_ws/install/smart_cane_interfaces/lib/libsmart_cane_interfaces__rosidl_generator_c.so\n'}
[0.349387] (smart_cane_interfaces) StdoutLine: {'line': b'-- Up-to-date: /home/sash/smart_cane_ws/install/smart_cane_interfaces/include/smart_cane_interfaces/smart_cane_interfaces\n'}
[0.349853] (smart_cane_interfaces) StdoutLine: {'line': b'-- Up-to-date: /home/sash/smart_cane_ws/install/smart_cane_interfaces/include/smart_cane_interfaces/smart_cane_interfaces/msg\n'}
[0.350003] (smart_cane_interfaces) StdoutLine: {'line': b'-- Up-to-date: /home/sash/smart_cane_ws/install/smart_cane_interfaces/include/smart_cane_interfaces/smart_cane_interfaces/msg/rosidl_typesupport_fastrtps_c__visibility_control.h\n'}
[0.350165] (smart_cane_interfaces) StdoutLine: {'line': b'-- Up-to-date: /home/sash/smart_cane_ws/install/smart_cane_interfaces/include/smart_cane_interfaces/smart_cane_interfaces/msg/detail\n'}
[0.350412] (smart_cane_interfaces) StdoutLine: {'line': b'-- Up-to-date: /home/sash/smart_cane_ws/install/smart_cane_interfaces/include/smart_cane_interfaces/smart_cane_interfaces/msg/detail/detection_result__rosidl_typesupport_fastrtps_c.h\n'}
[0.350627] (smart_cane_interfaces) StdoutLine: {'line': b'-- Up-to-date: /home/sash/smart_cane_ws/install/smart_cane_interfaces/include/smart_cane_interfaces/smart_cane_interfaces/msg/detail/ultrasonic_data__rosidl_typesupport_fastrtps_c.h\n'}
[0.350875] (smart_cane_interfaces) StdoutLine: {'line': b'-- Up-to-date: /home/sash/smart_cane_ws/install/smart_cane_interfaces/include/smart_cane_interfaces/smart_cane_interfaces/msg/detail/feedback_command__rosidl_typesupport_fastrtps_c.h\n'}
[0.351556] (smart_cane_interfaces) StdoutLine: {'line': b'-- Up-to-date: /home/sash/smart_cane_ws/install/smart_cane_interfaces/lib/libsmart_cane_interfaces__rosidl_typesupport_fastrtps_c.so\n'}
[0.352802] (smart_cane_interfaces) StdoutLine: {'line': b'-- Up-to-date: /home/sash/smart_cane_ws/install/smart_cane_interfaces/include/smart_cane_interfaces/smart_cane_interfaces\n'}
[0.353152] (smart_cane_interfaces) StdoutLine: {'line': b'-- Up-to-date: /home/sash/smart_cane_ws/install/smart_cane_interfaces/include/smart_cane_interfaces/smart_cane_interfaces/msg\n'}
[0.353471] (smart_cane_interfaces) StdoutLine: {'line': b'-- Up-to-date: /home/sash/smart_cane_ws/install/smart_cane_interfaces/include/smart_cane_interfaces/smart_cane_interfaces/msg/feedback_command.hpp\n'}
[0.353729] (smart_cane_interfaces) StdoutLine: {'line': b'-- Up-to-date: /home/sash/smart_cane_ws/install/smart_cane_interfaces/include/smart_cane_interfaces/smart_cane_interfaces/msg/detail\n'}
[0.354214] (smart_cane_interfaces) StdoutLine: {'line': b'-- Up-to-date: /home/sash/smart_cane_ws/install/smart_cane_interfaces/include/smart_cane_interfaces/smart_cane_interfaces/msg/detail/ultrasonic_data__traits.hpp\n'}
[0.354503] (smart_cane_interfaces) StdoutLine: {'line': b'-- Up-to-date: /home/sash/smart_cane_ws/install/smart_cane_interfaces/include/smart_cane_interfaces/smart_cane_interfaces/msg/detail/feedback_command__type_support.hpp\n'}
[0.354914] (smart_cane_interfaces) StdoutLine: {'line': b'-- Up-to-date: /home/sash/smart_cane_ws/install/smart_cane_interfaces/include/smart_cane_interfaces/smart_cane_interfaces/msg/detail/ultrasonic_data__struct.hpp\n'}
[0.355171] (smart_cane_interfaces) StdoutLine: {'line': b'-- Up-to-date: /home/sash/smart_cane_ws/install/smart_cane_interfaces/include/smart_cane_interfaces/smart_cane_interfaces/msg/detail/feedback_command__traits.hpp\n'}
[0.355533] (smart_cane_interfaces) StdoutLine: {'line': b'-- Up-to-date: /home/sash/smart_cane_ws/install/smart_cane_interfaces/include/smart_cane_interfaces/smart_cane_interfaces/msg/detail/detection_result__builder.hpp\n'}
[0.355627] (smart_cane_interfaces) StdoutLine: {'line': b'-- Up-to-date: /home/sash/smart_cane_ws/install/smart_cane_interfaces/include/smart_cane_interfaces/smart_cane_interfaces/msg/detail/ultrasonic_data__type_support.hpp\n'}
[0.355704] (smart_cane_interfaces) StdoutLine: {'line': b'-- Up-to-date: /home/sash/smart_cane_ws/install/smart_cane_interfaces/include/smart_cane_interfaces/smart_cane_interfaces/msg/detail/detection_result__type_support.hpp\n'}
[0.355930] (smart_cane_interfaces) StdoutLine: {'line': b'-- Up-to-date: /home/sash/smart_cane_ws/install/smart_cane_interfaces/include/smart_cane_interfaces/smart_cane_interfaces/msg/detail/ultrasonic_data__builder.hpp\n'}
[0.356198] (smart_cane_interfaces) StdoutLine: {'line': b'-- Up-to-date: /home/sash/smart_cane_ws/install/smart_cane_interfaces/include/smart_cane_interfaces/smart_cane_interfaces/msg/detail/detection_result__struct.hpp\n'}
[0.356458] (smart_cane_interfaces) StdoutLine: {'line': b'-- Up-to-date: /home/sash/smart_cane_ws/install/smart_cane_interfaces/include/smart_cane_interfaces/smart_cane_interfaces/msg/detail/feedback_command__builder.hpp\n'}
[0.356851] (smart_cane_interfaces) StdoutLine: {'line': b'-- Up-to-date: /home/sash/smart_cane_ws/install/smart_cane_interfaces/include/smart_cane_interfaces/smart_cane_interfaces/msg/detail/detection_result__traits.hpp\n'}
[0.356989] (smart_cane_interfaces) StdoutLine: {'line': b'-- Up-to-date: /home/sash/smart_cane_ws/install/smart_cane_interfaces/include/smart_cane_interfaces/smart_cane_interfaces/msg/detail/feedback_command__struct.hpp\n'}
[0.357359] (smart_cane_interfaces) StdoutLine: {'line': b'-- Up-to-date: /home/sash/smart_cane_ws/install/smart_cane_interfaces/include/smart_cane_interfaces/smart_cane_interfaces/msg/rosidl_generator_cpp__visibility_control.hpp\n'}
[0.357601] (smart_cane_interfaces) StdoutLine: {'line': b'-- Up-to-date: /home/sash/smart_cane_ws/install/smart_cane_interfaces/include/smart_cane_interfaces/smart_cane_interfaces/msg/detection_result.hpp\n'}
[0.357835] (smart_cane_interfaces) StdoutLine: {'line': b'-- Up-to-date: /home/sash/smart_cane_ws/install/smart_cane_interfaces/include/smart_cane_interfaces/smart_cane_interfaces/msg/ultrasonic_data.hpp\n'}
[0.358087] (smart_cane_interfaces) StdoutLine: {'line': b'-- Up-to-date: /home/sash/smart_cane_ws/install/smart_cane_interfaces/include/smart_cane_interfaces/smart_cane_interfaces\n'}
[0.358345] (smart_cane_interfaces) StdoutLine: {'line': b'-- Up-to-date: /home/sash/smart_cane_ws/install/smart_cane_interfaces/include/smart_cane_interfaces/smart_cane_interfaces/msg\n'}
[0.358543] (smart_cane_interfaces) StdoutLine: {'line': b'-- Up-to-date: /home/sash/smart_cane_ws/install/smart_cane_interfaces/include/smart_cane_interfaces/smart_cane_interfaces/msg/detail\n'}
[0.358797] (smart_cane_interfaces) StdoutLine: {'line': b'-- Up-to-date: /home/sash/smart_cane_ws/install/smart_cane_interfaces/include/smart_cane_interfaces/smart_cane_interfaces/msg/detail/ultrasonic_data__rosidl_typesupport_fastrtps_cpp.hpp\n'}
[0.359229] (smart_cane_interfaces) StdoutLine: {'line': b'-- Up-to-date: /home/sash/smart_cane_ws/install/smart_cane_interfaces/include/smart_cane_interfaces/smart_cane_interfaces/msg/detail/dds_fastrtps\n'}
[0.359603] (smart_cane_interfaces) StdoutLine: {'line': b'-- Up-to-date: /home/sash/smart_cane_ws/install/smart_cane_interfaces/include/smart_cane_interfaces/smart_cane_interfaces/msg/detail/feedback_command__rosidl_typesupport_fastrtps_cpp.hpp\n'}
[0.359933] (smart_cane_interfaces) StdoutLine: {'line': b'-- Up-to-date: /home/sash/smart_cane_ws/install/smart_cane_interfaces/include/smart_cane_interfaces/smart_cane_interfaces/msg/detail/detection_result__rosidl_typesupport_fastrtps_cpp.hpp\n'}
[0.360516] (smart_cane_interfaces) StdoutLine: {'line': b'-- Up-to-date: /home/sash/smart_cane_ws/install/smart_cane_interfaces/include/smart_cane_interfaces/smart_cane_interfaces/msg/rosidl_typesupport_fastrtps_cpp__visibility_control.h\n'}
[0.360675] (smart_cane_interfaces) StdoutLine: {'line': b'-- Up-to-date: /home/sash/smart_cane_ws/install/smart_cane_interfaces/lib/libsmart_cane_interfaces__rosidl_typesupport_fastrtps_cpp.so\n'}
[0.360810] (smart_cane_interfaces) StdoutLine: {'line': b'-- Up-to-date: /home/sash/smart_cane_ws/install/smart_cane_interfaces/include/smart_cane_interfaces/smart_cane_interfaces\n'}
[0.360939] (smart_cane_interfaces) StdoutLine: {'line': b'-- Up-to-date: /home/sash/smart_cane_ws/install/smart_cane_interfaces/include/smart_cane_interfaces/smart_cane_interfaces/msg\n'}
[0.361063] (smart_cane_interfaces) StdoutLine: {'line': b'-- Up-to-date: /home/sash/smart_cane_ws/install/smart_cane_interfaces/include/smart_cane_interfaces/smart_cane_interfaces/msg/rosidl_typesupport_introspection_c__visibility_control.h\n'}
[0.361182] (smart_cane_interfaces) StdoutLine: {'line': b'-- Up-to-date: /home/sash/smart_cane_ws/install/smart_cane_interfaces/include/smart_cane_interfaces/smart_cane_interfaces/msg/detail\n'}
[0.361294] (smart_cane_interfaces) StdoutLine: {'line': b'-- Up-to-date: /home/sash/smart_cane_ws/install/smart_cane_interfaces/include/smart_cane_interfaces/smart_cane_interfaces/msg/detail/feedback_command__rosidl_typesupport_introspection_c.h\n'}
[0.361460] (smart_cane_interfaces) StdoutLine: {'line': b'-- Up-to-date: /home/sash/smart_cane_ws/install/smart_cane_interfaces/include/smart_cane_interfaces/smart_cane_interfaces/msg/detail/detection_result__type_support.c\n'}
[0.361549] (smart_cane_interfaces) StdoutLine: {'line': b'-- Up-to-date: /home/sash/smart_cane_ws/install/smart_cane_interfaces/include/smart_cane_interfaces/smart_cane_interfaces/msg/detail/feedback_command__type_support.c\n'}
[0.361623] (smart_cane_interfaces) StdoutLine: {'line': b'-- Up-to-date: /home/sash/smart_cane_ws/install/smart_cane_interfaces/include/smart_cane_interfaces/smart_cane_interfaces/msg/detail/ultrasonic_data__rosidl_typesupport_introspection_c.h\n'}
[0.361705] (smart_cane_interfaces) StdoutLine: {'line': b'-- Up-to-date: /home/sash/smart_cane_ws/install/smart_cane_interfaces/include/smart_cane_interfaces/smart_cane_interfaces/msg/detail/ultrasonic_data__type_support.c\n'}
[0.361774] (smart_cane_interfaces) StdoutLine: {'line': b'-- Up-to-date: /home/sash/smart_cane_ws/install/smart_cane_interfaces/include/smart_cane_interfaces/smart_cane_interfaces/msg/detail/detection_result__rosidl_typesupport_introspection_c.h\n'}
[0.361850] (smart_cane_interfaces) StdoutLine: {'line': b'-- Up-to-date: /home/sash/smart_cane_ws/install/smart_cane_interfaces/lib/libsmart_cane_interfaces__rosidl_typesupport_introspection_c.so\n'}
[0.361967] (smart_cane_interfaces) StdoutLine: {'line': b'-- Up-to-date: /home/sash/smart_cane_ws/install/smart_cane_interfaces/lib/libsmart_cane_interfaces__rosidl_typesupport_c.so\n'}
[0.362087] (smart_cane_interfaces) StdoutLine: {'line': b'-- Up-to-date: /home/sash/smart_cane_ws/install/smart_cane_interfaces/include/smart_cane_interfaces/smart_cane_interfaces\n'}
[0.362184] (smart_cane_interfaces) StdoutLine: {'line': b'-- Up-to-date: /home/sash/smart_cane_ws/install/smart_cane_interfaces/include/smart_cane_interfaces/smart_cane_interfaces/msg\n'}
[0.362252] (smart_cane_interfaces) StdoutLine: {'line': b'-- Up-to-date: /home/sash/smart_cane_ws/install/smart_cane_interfaces/include/smart_cane_interfaces/smart_cane_interfaces/msg/detail\n'}
[0.362374] (smart_cane_interfaces) StdoutLine: {'line': b'-- Up-to-date: /home/sash/smart_cane_ws/install/smart_cane_interfaces/include/smart_cane_interfaces/smart_cane_interfaces/msg/detail/detection_result__type_support.cpp\n'}
[0.362606] (smart_cane_interfaces) StdoutLine: {'line': b'-- Up-to-date: /home/sash/smart_cane_ws/install/smart_cane_interfaces/include/smart_cane_interfaces/smart_cane_interfaces/msg/detail/feedback_command__rosidl_typesupport_introspection_cpp.hpp\n'}
[0.363436] (smart_cane_interfaces) StdoutLine: {'line': b'-- Up-to-date: /home/sash/smart_cane_ws/install/smart_cane_interfaces/include/smart_cane_interfaces/smart_cane_interfaces/msg/detail/ultrasonic_data__type_support.cpp\n'}
[0.364102] (smart_cane_interfaces) StdoutLine: {'line': b'-- Up-to-date: /home/sash/smart_cane_ws/install/smart_cane_interfaces/include/smart_cane_interfaces/smart_cane_interfaces/msg/detail/ultrasonic_data__rosidl_typesupport_introspection_cpp.hpp\n'}
[0.364342] (smart_cane_interfaces) StdoutLine: {'line': b'-- Up-to-date: /home/sash/smart_cane_ws/install/smart_cane_interfaces/include/smart_cane_interfaces/smart_cane_interfaces/msg/detail/detection_result__rosidl_typesupport_introspection_cpp.hpp\n'}
[0.364555] (smart_cane_interfaces) StdoutLine: {'line': b'-- Up-to-date: /home/sash/smart_cane_ws/install/smart_cane_interfaces/include/smart_cane_interfaces/smart_cane_interfaces/msg/detail/feedback_command__type_support.cpp\n'}
[0.364761] (smart_cane_interfaces) StdoutLine: {'line': b'-- Up-to-date: /home/sash/smart_cane_ws/install/smart_cane_interfaces/lib/libsmart_cane_interfaces__rosidl_typesupport_introspection_cpp.so\n'}
[0.364965] (smart_cane_interfaces) StdoutLine: {'line': b'-- Up-to-date: /home/sash/smart_cane_ws/install/smart_cane_interfaces/lib/libsmart_cane_interfaces__rosidl_typesupport_cpp.so\n'}
[0.365172] (smart_cane_interfaces) StdoutLine: {'line': b'-- Up-to-date: /home/sash/smart_cane_ws/install/smart_cane_interfaces/share/smart_cane_interfaces/msg/UltrasonicData.idl\n'}
[0.365409] (smart_cane_interfaces) StdoutLine: {'line': b'-- Up-to-date: /home/sash/smart_cane_ws/install/smart_cane_interfaces/share/smart_cane_interfaces/msg/DetectionResult.idl\n'}
[0.365660] (smart_cane_interfaces) StdoutLine: {'line': b'-- Up-to-date: /home/sash/smart_cane_ws/install/smart_cane_interfaces/share/smart_cane_interfaces/msg/FeedbackCommand.idl\n'}
[0.366023] (smart_cane_interfaces) StdoutLine: {'line': b'-- Up-to-date: /home/sash/smart_cane_ws/install/smart_cane_interfaces/share/smart_cane_interfaces/msg/UltrasonicData.msg\n'}
[0.366409] (smart_cane_interfaces) StdoutLine: {'line': b'-- Up-to-date: /home/sash/smart_cane_ws/install/smart_cane_interfaces/share/smart_cane_interfaces/msg/DetectionResult.msg\n'}
[0.366792] (smart_cane_interfaces) StdoutLine: {'line': b'-- Up-to-date: /home/sash/smart_cane_ws/install/smart_cane_interfaces/share/smart_cane_interfaces/msg/FeedbackCommand.msg\n'}
[0.367103] (smart_cane_interfaces) StdoutLine: {'line': b'-- Up-to-date: /home/sash/smart_cane_ws/install/smart_cane_interfaces/share/ament_index/resource_index/package_run_dependencies/smart_cane_interfaces\n'}
[0.367346] (smart_cane_interfaces) StdoutLine: {'line': b'-- Up-to-date: /home/sash/smart_cane_ws/install/smart_cane_interfaces/share/ament_index/resource_index/parent_prefix_path/smart_cane_interfaces\n'}
[0.368779] (smart_cane_interfaces) StdoutLine: {'line': b'-- Up-to-date: /home/sash/smart_cane_ws/install/smart_cane_interfaces/share/smart_cane_interfaces/environment/ament_prefix_path.sh\n'}
[0.369266] (smart_cane_interfaces) StdoutLine: {'line': b'-- Up-to-date: /home/sash/smart_cane_ws/install/smart_cane_interfaces/share/smart_cane_interfaces/environment/ament_prefix_path.dsv\n'}
[0.369779] (smart_cane_interfaces) StdoutLine: {'line': b'-- Up-to-date: /home/sash/smart_cane_ws/install/smart_cane_interfaces/share/smart_cane_interfaces/environment/path.sh\n'}
[0.370235] (smart_cane_interfaces) StdoutLine: {'line': b'-- Up-to-date: /home/sash/smart_cane_ws/install/smart_cane_interfaces/share/smart_cane_interfaces/environment/path.dsv\n'}
[0.370519] (smart_cane_interfaces) StdoutLine: {'line': b'-- Up-to-date: /home/sash/smart_cane_ws/install/smart_cane_interfaces/share/smart_cane_interfaces/local_setup.bash\n'}
[0.370750] (smart_cane_interfaces) StdoutLine: {'line': b'-- Up-to-date: /home/sash/smart_cane_ws/install/smart_cane_interfaces/share/smart_cane_interfaces/local_setup.sh\n'}
[0.371622] (smart_cane_interfaces) StdoutLine: {'line': b'-- Up-to-date: /home/sash/smart_cane_ws/install/smart_cane_interfaces/share/smart_cane_interfaces/local_setup.zsh\n'}
[0.371857] (smart_cane_interfaces) StdoutLine: {'line': b'-- Up-to-date: /home/sash/smart_cane_ws/install/smart_cane_interfaces/share/smart_cane_interfaces/local_setup.dsv\n'}
[0.372078] (smart_cane_interfaces) StdoutLine: {'line': b'-- Installing: /home/sash/smart_cane_ws/install/smart_cane_interfaces/share/smart_cane_interfaces/package.dsv\n'}
[0.372297] (smart_cane_interfaces) StdoutLine: {'line': b'-- Up-to-date: /home/sash/smart_cane_ws/install/smart_cane_interfaces/share/ament_index/resource_index/packages/smart_cane_interfaces\n'}
[0.372526] (smart_cane_interfaces) StdoutLine: {'line': b'-- Up-to-date: /home/sash/smart_cane_ws/install/smart_cane_interfaces/share/smart_cane_interfaces/cmake/export_smart_cane_interfaces__rosidl_generator_cExport.cmake\n'}
[0.372743] (smart_cane_interfaces) StdoutLine: {'line': b'-- Up-to-date: /home/sash/smart_cane_ws/install/smart_cane_interfaces/share/smart_cane_interfaces/cmake/export_smart_cane_interfaces__rosidl_generator_cExport-noconfig.cmake\n'}
[0.372955] (smart_cane_interfaces) StdoutLine: {'line': b'-- Up-to-date: /home/sash/smart_cane_ws/install/smart_cane_interfaces/share/smart_cane_interfaces/cmake/export_smart_cane_interfaces__rosidl_typesupport_fastrtps_cExport.cmake\n'}
[0.373168] (smart_cane_interfaces) StdoutLine: {'line': b'-- Up-to-date: /home/sash/smart_cane_ws/install/smart_cane_interfaces/share/smart_cane_interfaces/cmake/export_smart_cane_interfaces__rosidl_typesupport_fastrtps_cExport-noconfig.cmake\n'}
[0.373401] (smart_cane_interfaces) StdoutLine: {'line': b'-- Up-to-date: /home/sash/smart_cane_ws/install/smart_cane_interfaces/share/smart_cane_interfaces/cmake/export_smart_cane_interfaces__rosidl_generator_cppExport.cmake\n'}
[0.373613] (smart_cane_interfaces) StdoutLine: {'line': b'-- Up-to-date: /home/sash/smart_cane_ws/install/smart_cane_interfaces/share/smart_cane_interfaces/cmake/export_smart_cane_interfaces__rosidl_typesupport_fastrtps_cppExport.cmake\n'}
[0.373862] (smart_cane_interfaces) StdoutLine: {'line': b'-- Up-to-date: /home/sash/smart_cane_ws/install/smart_cane_interfaces/share/smart_cane_interfaces/cmake/export_smart_cane_interfaces__rosidl_typesupport_fastrtps_cppExport-noconfig.cmake\n'}
[0.374079] (smart_cane_interfaces) StdoutLine: {'line': b'-- Up-to-date: /home/sash/smart_cane_ws/install/smart_cane_interfaces/share/smart_cane_interfaces/cmake/smart_cane_interfaces__rosidl_typesupport_introspection_cExport.cmake\n'}
[0.374286] (smart_cane_interfaces) StdoutLine: {'line': b'-- Up-to-date: /home/sash/smart_cane_ws/install/smart_cane_interfaces/share/smart_cane_interfaces/cmake/smart_cane_interfaces__rosidl_typesupport_introspection_cExport-noconfig.cmake\n'}
[0.374529] (smart_cane_interfaces) StdoutLine: {'line': b'-- Up-to-date: /home/sash/smart_cane_ws/install/smart_cane_interfaces/share/smart_cane_interfaces/cmake/smart_cane_interfaces__rosidl_typesupport_cExport.cmake\n'}
[0.374914] (smart_cane_interfaces) StdoutLine: {'line': b'-- Up-to-date: /home/sash/smart_cane_ws/install/smart_cane_interfaces/share/smart_cane_interfaces/cmake/smart_cane_interfaces__rosidl_typesupport_cExport-noconfig.cmake\n'}
[0.375147] (smart_cane_interfaces) StdoutLine: {'line': b'-- Up-to-date: /home/sash/smart_cane_ws/install/smart_cane_interfaces/share/smart_cane_interfaces/cmake/smart_cane_interfaces__rosidl_typesupport_introspection_cppExport.cmake\n'}
[0.375363] (smart_cane_interfaces) StdoutLine: {'line': b'-- Up-to-date: /home/sash/smart_cane_ws/install/smart_cane_interfaces/share/smart_cane_interfaces/cmake/smart_cane_interfaces__rosidl_typesupport_introspection_cppExport-noconfig.cmake\n'}
[0.375570] (smart_cane_interfaces) StdoutLine: {'line': b'-- Up-to-date: /home/sash/smart_cane_ws/install/smart_cane_interfaces/share/smart_cane_interfaces/cmake/smart_cane_interfaces__rosidl_typesupport_cppExport.cmake\n'}
[0.375779] (smart_cane_interfaces) StdoutLine: {'line': b'-- Up-to-date: /home/sash/smart_cane_ws/install/smart_cane_interfaces/share/smart_cane_interfaces/cmake/smart_cane_interfaces__rosidl_typesupport_cppExport-noconfig.cmake\n'}
[0.375984] (smart_cane_interfaces) StdoutLine: {'line': b'-- Up-to-date: /home/sash/smart_cane_ws/install/smart_cane_interfaces/share/smart_cane_interfaces/cmake/rosidl_cmake-extras.cmake\n'}
[0.376189] (smart_cane_interfaces) StdoutLine: {'line': b'-- Up-to-date: /home/sash/smart_cane_ws/install/smart_cane_interfaces/share/smart_cane_interfaces/cmake/ament_cmake_export_dependencies-extras.cmake\n'}
[0.376407] (smart_cane_interfaces) StdoutLine: {'line': b'-- Up-to-date: /home/sash/smart_cane_ws/install/smart_cane_interfaces/share/smart_cane_interfaces/cmake/ament_cmake_export_include_directories-extras.cmake\n'}
[0.376625] (smart_cane_interfaces) StdoutLine: {'line': b'-- Up-to-date: /home/sash/smart_cane_ws/install/smart_cane_interfaces/share/smart_cane_interfaces/cmake/ament_cmake_export_libraries-extras.cmake\n'}
[0.376833] (smart_cane_interfaces) StdoutLine: {'line': b'-- Up-to-date: /home/sash/smart_cane_ws/install/smart_cane_interfaces/share/smart_cane_interfaces/cmake/ament_cmake_export_targets-extras.cmake\n'}
[0.377039] (smart_cane_interfaces) StdoutLine: {'line': b'-- Up-to-date: /home/sash/smart_cane_ws/install/smart_cane_interfaces/share/smart_cane_interfaces/cmake/rosidl_cmake_export_typesupport_targets-extras.cmake\n'}
[0.377243] (smart_cane_interfaces) StdoutLine: {'line': b'-- Up-to-date: /home/sash/smart_cane_ws/install/smart_cane_interfaces/share/smart_cane_interfaces/cmake/rosidl_cmake_export_typesupport_libraries-extras.cmake\n'}
[0.377469] (smart_cane_interfaces) StdoutLine: {'line': b'-- Up-to-date: /home/sash/smart_cane_ws/install/smart_cane_interfaces/share/smart_cane_interfaces/cmake/smart_cane_interfacesConfig.cmake\n'}
[0.377678] (smart_cane_interfaces) StdoutLine: {'line': b'-- Up-to-date: /home/sash/smart_cane_ws/install/smart_cane_interfaces/share/smart_cane_interfaces/cmake/smart_cane_interfacesConfig-version.cmake\n'}
[0.378160] (smart_cane_interfaces) StdoutLine: {'line': b'-- Up-to-date: /home/sash/smart_cane_ws/install/smart_cane_interfaces/share/smart_cane_interfaces/package.xml\n'}
[0.378389] (smart_cane_interfaces) CommandEnded: {'returncode': 0}
[0.399412] (-) TimerEvent: {}
[0.409780] (smart_cane_interfaces) JobEnded: {'identifier': 'smart_cane_interfaces', 'rc': 0}
[0.411222] (smart_cane_system) JobStarted: {'identifier': 'smart_cane_system'}
[0.499794] (-) TimerEvent: {}
[0.600355] (-) TimerEvent: {}
[0.700992] (-) TimerEvent: {}
[0.801535] (-) TimerEvent: {}
[0.902149] (-) TimerEvent: {}
[1.002717] (-) TimerEvent: {}
[1.103615] (-) TimerEvent: {}
[1.204172] (-) TimerEvent: {}
[1.304627] (-) TimerEvent: {}
[1.405102] (-) TimerEvent: {}
[1.505627] (-) TimerEvent: {}
[1.606283] (-) TimerEvent: {}
[1.706757] (-) TimerEvent: {}
[1.807353] (-) TimerEvent: {}
[1.879296] (smart_cane_system) Command: {'cmd': ['/usr/bin/python3', '-W', 'ignore:setup.py install is deprecated', '-W', 'ignore:easy_install command is deprecated', 'setup.py', 'egg_info', '--egg-base', '../../build/smart_cane_system', 'build', '--build-base', '/home/sash/smart_cane_ws/build/smart_cane_system/build', 'install', '--record', '/home/sash/smart_cane_ws/build/smart_cane_system/install.log', '--single-version-externally-managed', 'install_data'], 'cwd': '/home/sash/smart_cane_ws/src/smart_cane_system', 'env': {'USER': 'sash', 'GIT_ASKPASS': '/home/sash/.vscode-server/bin/848b80aeb52026648a8ff9f7c45a9b0a80641e2e/extensions/git/dist/askpass.sh', 'SHLVL': '2', 'LD_LIBRARY_PATH': '/home/sash/smart_cane_ws/install/smart_cane_interfaces/lib:/opt/ros/humble/opt/rviz_ogre_vendor/lib:/opt/ros/humble/lib/x86_64-linux-gnu:/opt/ros/humble/lib', 'HOME': '/home/sash', 'OLDPWD': '/home/sash', 'TERM_PROGRAM_VERSION': '1.100.2', 'VSCODE_IPC_HOOK_CLI': '/run/user/1000/vscode-ipc-fc4a81bf-b41f-44aa-90f8-4138926224f1.sock', 'ROS_PYTHON_VERSION': '3', 'VSCODE_GIT_ASKPASS_MAIN': '/home/sash/.vscode-server/bin/848b80aeb52026648a8ff9f7c45a9b0a80641e2e/extensions/git/dist/askpass-main.js', 'VSCODE_GIT_ASKPASS_NODE': '/home/sash/.vscode-server/bin/848b80aeb52026648a8ff9f7c45a9b0a80641e2e/node', 'PYDEVD_DISABLE_FILE_VALIDATION': '1', 'BUNDLED_DEBUGPY_PATH': '/home/sash/.vscode-server/extensions/ms-python.debugpy-2025.8.0-linux-x64/bundled/libs/debugpy', 'DBUS_SESSION_BUS_ADDRESS': 'unix:path=/run/user/1000/bus', 'COLORTERM': 'truecolor', 'WSL_DISTRO_NAME': 'Ubuntu-22.04', 'WAYLAND_DISPLAY': 'wayland-0', 'COLCON_PREFIX_PATH': '/home/sash/smart_cane_ws/install', 'ROS_DISTRO': 'humble', 'LOGNAME': 'sash', 'NAME': 'Code', 'WSL_INTEROP': '/run/WSL/500_interop', 'PULSE_SERVER': 'unix:/mnt/wslg/PulseServer', '_': '/usr/bin/colcon', 'ROS_VERSION': '2', 'TERM': 'xterm-256color', 'ROS_LOCALHOST_ONLY': '0', 'PATH': '/opt/ros/humble/bin:/home/sash/.vscode-server/bin/848b80aeb52026648a8ff9f7c45a9b0a80641e2e/bin/remote-cli:/usr/local/sbin:/usr/local/bin:/usr/sbin:/usr/bin:/sbin:/bin:/usr/games:/usr/local/games:/usr/lib/wsl/lib:/mnt/c/Program Files/WindowsApps/CanonicalGroupLimited.Ubuntu22.04LTS_2204.5.10021.0_x64__79rhkp1fndgsc:/mnt/c/Program Files/Python311/Scripts/:/mnt/c/Program Files/Python311/:/mnt/c/WINDOWS/system32:/mnt/c/WINDOWS:/mnt/c/WINDOWS/System32/Wbem:/mnt/c/WINDOWS/System32/WindowsPowerShell/v1.0/:/mnt/c/WINDOWS/System32/OpenSSH/:/mnt/c/Program Files/Git/cmd:/mnt/c/Users/Sash/AppData/Local/Microsoft/WindowsApps:/mnt/c/Users/Sash/AppData/Local/Programs/Microsoft VS Code/bin:/snap/bin:/home/sash/.vscode-server/extensions/ms-python.debugpy-2025.8.0-linux-x64/bundled/scripts/noConfigScripts', 'XDG_RUNTIME_DIR': '/run/user/1000/', 'DISPLAY': ':0', 'VSCODE_DEBUGPY_ADAPTER_ENDPOINTS': '/home/sash/.vscode-server/extensions/ms-python.debugpy-2025.8.0-linux-x64/.noConfigDebugAdapterEndpoints/endpoint-91b46a9bf0008868.txt', 'LANG': 'en_US.UTF-8', 'VSCODE_GIT_IPC_HANDLE': '/run/user/1000/vscode-git-cd77fc1bd3.sock', 'TERM_PROGRAM': 'vscode', 'AMENT_PREFIX_PATH': '/home/sash/smart_cane_ws/install/smart_cane_system:/home/sash/smart_cane_ws/install/smart_cane_interfaces:/opt/ros/humble', 'SHELL': '/bin/bash', 'VSCODE_GIT_ASKPASS_EXTRA_ARGS': '', 'PWD': '/home/sash/smart_cane_ws/build/smart_cane_system', 'XDG_DATA_DIRS': '/usr/local/share:/usr/share:/var/lib/snapd/desktop', 'PYTHONPATH': '/home/sash/smart_cane_ws/build/smart_cane_system/prefix_override:/usr/lib/python3/dist-packages/colcon_core/task/python/colcon_distutils_commands:/home/sash/smart_cane_ws/install/smart_cane_system/lib/python3.10/site-packages:/home/sash/smart_cane_ws/install/smart_cane_system/lib/python3.10/site-packages:/opt/ros/humble/lib/python3.10/site-packages:/opt/ros/humble/local/lib/python3.10/dist-packages', 'COLCON': '1', 'WSL2_GUI_APPS_ENABLED': '1', 'HOSTTYPE': 'x86_64', 'CMAKE_PREFIX_PATH': '/home/sash/smart_cane_ws/install/smart_cane_interfaces', 'WSLENV': 'ELECTRON_RUN_AS_NODE/w:'}, 'shell': False}
[1.907493] (-) TimerEvent: {}
[2.008053] (-) TimerEvent: {}
[2.108614] (-) TimerEvent: {}
[2.209150] (-) TimerEvent: {}
[2.284457] (smart_cane_system) StdoutLine: {'line': b'running egg_info\n'}
[2.285936] (smart_cane_system) StdoutLine: {'line': b'writing ../../build/smart_cane_system/smart_cane_system.egg-info/PKG-INFO\n'}
[2.286330] (smart_cane_system) StdoutLine: {'line': b'writing dependency_links to ../../build/smart_cane_system/smart_cane_system.egg-info/dependency_links.txt\n'}
[2.286752] (smart_cane_system) StdoutLine: {'line': b'writing entry points to ../../build/smart_cane_system/smart_cane_system.egg-info/entry_points.txt\n'}
[2.287189] (smart_cane_system) StdoutLine: {'line': b'writing requirements to ../../build/smart_cane_system/smart_cane_system.egg-info/requires.txt\n'}
[2.287639] (smart_cane_system) StdoutLine: {'line': b'writing top-level names to ../../build/smart_cane_system/smart_cane_system.egg-info/top_level.txt\n'}
[2.290419] (smart_cane_system) StdoutLine: {'line': b"reading manifest file '../../build/smart_cane_system/smart_cane_system.egg-info/SOURCES.txt'\n"}
[2.291820] (smart_cane_system) StdoutLine: {'line': b"writing manifest file '../../build/smart_cane_system/smart_cane_system.egg-info/SOURCES.txt'\n"}
[2.292480] (smart_cane_system) StdoutLine: {'line': b'running build\n'}
[2.292615] (smart_cane_system) StdoutLine: {'line': b'running build_py\n'}
[2.293070] (smart_cane_system) StdoutLine: {'line': b'running install\n'}
[2.293645] (smart_cane_system) StdoutLine: {'line': b'running install_lib\n'}
[2.295640] (smart_cane_system) StdoutLine: {'line': b'running install_data\n'}
[2.295994] (smart_cane_system) StdoutLine: {'line': b'copying package.xml -> /home/sash/smart_cane_ws/install/smart_cane_system/share/smart_cane_system\n'}
[2.296387] (smart_cane_system) StdoutLine: {'line': b'running install_egg_info\n'}
[2.299517] (smart_cane_system) StdoutLine: {'line': b"removing '/home/sash/smart_cane_ws/install/smart_cane_system/lib/python3.10/site-packages/smart_cane_system-0.0.0-py3.10.egg-info' (and everything under it)\n"}
[2.300121] (smart_cane_system) StdoutLine: {'line': b'Copying ../../build/smart_cane_system/smart_cane_system.egg-info to /home/sash/smart_cane_ws/install/smart_cane_system/lib/python3.10/site-packages/smart_cane_system-0.0.0-py3.10.egg-info\n'}
[2.302465] (smart_cane_system) StdoutLine: {'line': b'running install_scripts\n'}
[2.309316] (-) TimerEvent: {}
[2.333519] (smart_cane_system) StdoutLine: {'line': b'Installing camera_node script to /home/sash/smart_cane_ws/install/smart_cane_system/lib/smart_cane_system\n'}
[2.334067] (smart_cane_system) StdoutLine: {'line': b'Installing detection_node script to /home/sash/smart_cane_ws/install/smart_cane_system/lib/smart_cane_system\n'}
[2.334618] (smart_cane_system) StdoutLine: {'line': b'Installing feedback_node script to /home/sash/smart_cane_ws/install/smart_cane_system/lib/smart_cane_system\n'}
[2.335276] (smart_cane_system) StdoutLine: {'line': b'Installing ultrasonic_node script to /home/sash/smart_cane_ws/install/smart_cane_system/lib/smart_cane_system\n'}
[2.336273] (smart_cane_system) StdoutLine: {'line': b"writing list of installed files to '/home/sash/smart_cane_ws/build/smart_cane_system/install.log'\n"}
[2.383800] (smart_cane_system) CommandEnded: {'returncode': 0}
[2.394870] (smart_cane_system) JobEnded: {'identifier': 'smart_cane_system', 'rc': 0}
[2.396753] (-) EventReactorShutdown: {}
