[0.000000] (-) TimerEvent: {}
[0.001187] (smart_cane_interfaces) JobQueued: {'identifier': 'smart_cane_interfaces', 'dependencies': OrderedDict()}
[0.001407] (smart_cane_system) JobQueued: {'identifier': 'smart_cane_system', 'dependencies': OrderedDict([('smart_cane_interfaces', '/home/sash/smart_cane_ws/install/smart_cane_interfaces')])}
[0.001526] (smart_cane_interfaces) JobStarted: {'identifier': 'smart_cane_interfaces'}
[0.013939] (smart_cane_interfaces) JobProgress: {'identifier': 'smart_cane_interfaces', 'progress': 'cmake'}
[0.016776] (smart_cane_interfaces) JobProgress: {'identifier': 'smart_cane_interfaces', 'progress': 'build'}
[0.019444] (smart_cane_interfaces) Command: {'cmd': ['/usr/bin/cmake', '--build', '/home/sash/smart_cane_ws/build/smart_cane_interfaces', '--', '-j4', '-l4'], 'cwd': '/home/sash/smart_cane_ws/build/smart_cane_interfaces', 'env': OrderedDict([('USER', 'sash'), ('GIT_ASKPASS', '/home/sash/.vscode-server/bin/848b80aeb52026648a8ff9f7c45a9b0a80641e2e/extensions/git/dist/askpass.sh'), ('SHLVL', '2'), ('LD_LIBRARY_PATH', '/home/sash/smart_cane_ws/install/smart_cane_interfaces/lib:/opt/ros/humble/opt/rviz_ogre_vendor/lib:/opt/ros/humble/lib/x86_64-linux-gnu:/opt/ros/humble/lib'), ('HOME', '/home/sash'), ('OLDPWD', '/home/sash/smart_cane_ws/src/smart_cane_system/smart_cane_system'), ('TERM_PROGRAM_VERSION', '1.100.2'), ('VSCODE_IPC_HOOK_CLI', '/run/user/1000/vscode-ipc-f676d3a7-0051-4da4-b623-d6367b50fb35.sock'), ('ROS_PYTHON_VERSION', '3'), ('VSCODE_GIT_ASKPASS_MAIN', '/home/sash/.vscode-server/bin/848b80aeb52026648a8ff9f7c45a9b0a80641e2e/extensions/git/dist/askpass-main.js'), ('VSCODE_GIT_ASKPASS_NODE', '/home/sash/.vscode-server/bin/848b80aeb52026648a8ff9f7c45a9b0a80641e2e/node'), ('PYDEVD_DISABLE_FILE_VALIDATION', '1'), ('BUNDLED_DEBUGPY_PATH', '/home/sash/.vscode-server/extensions/ms-python.debugpy-2025.8.0-linux-x64/bundled/libs/debugpy'), ('DBUS_SESSION_BUS_ADDRESS', 'unix:path=/run/user/1000/bus'), ('COLORTERM', 'truecolor'), ('WSL_DISTRO_NAME', 'Ubuntu-22.04'), ('WAYLAND_DISPLAY', 'wayland-0'), ('COLCON_PREFIX_PATH', '/home/sash/smart_cane_ws/install'), ('ROS_DISTRO', 'humble'), ('LOGNAME', 'sash'), ('NAME', 'Code'), ('WSL_INTEROP', '/run/WSL/520_interop'), ('PULSE_SERVER', 'unix:/mnt/wslg/PulseServer'), ('_', '/usr/bin/colcon'), ('ROS_VERSION', '2'), ('TERM', 'xterm-256color'), ('ROS_LOCALHOST_ONLY', '0'), ('PATH', '/opt/ros/humble/bin:/home/sash/.vscode-server/bin/848b80aeb52026648a8ff9f7c45a9b0a80641e2e/bin/remote-cli:/usr/local/sbin:/usr/local/bin:/usr/sbin:/usr/bin:/sbin:/bin:/usr/games:/usr/local/games:/usr/lib/wsl/lib:/mnt/c/Program Files/WindowsApps/CanonicalGroupLimited.Ubuntu22.04LTS_2204.5.10021.0_x64__79rhkp1fndgsc:/mnt/c/Program Files/Python311/Scripts/:/mnt/c/Program Files/Python311/:/mnt/c/WINDOWS/system32:/mnt/c/WINDOWS:/mnt/c/WINDOWS/System32/Wbem:/mnt/c/WINDOWS/System32/WindowsPowerShell/v1.0/:/mnt/c/WINDOWS/System32/OpenSSH/:/mnt/c/Program Files/Git/cmd:/mnt/c/Users/Sash/AppData/Local/Microsoft/WindowsApps:/mnt/c/Users/Sash/AppData/Local/Programs/Microsoft VS Code/bin:/snap/bin:/home/sash/.vscode-server/extensions/ms-python.debugpy-2025.8.0-linux-x64/bundled/scripts/noConfigScripts'), ('XDG_RUNTIME_DIR', '/run/user/1000/'), ('DISPLAY', ':0'), ('VSCODE_DEBUGPY_ADAPTER_ENDPOINTS', '/home/sash/.vscode-server/extensions/ms-python.debugpy-2025.8.0-linux-x64/.noConfigDebugAdapterEndpoints/endpoint-91b46a9bf0008868.txt'), ('LANG', 'en_US.UTF-8'), ('VSCODE_GIT_IPC_HANDLE', '/run/user/1000/vscode-git-cd77fc1bd3.sock'), ('TERM_PROGRAM', 'vscode'), ('AMENT_PREFIX_PATH', '/home/sash/smart_cane_ws/install/smart_cane_interfaces:/home/sash/smart_cane_ws/install/smart_cane_system:/opt/ros/humble'), ('SHELL', '/bin/bash'), ('VSCODE_GIT_ASKPASS_EXTRA_ARGS', ''), ('PWD', '/home/sash/smart_cane_ws/build/smart_cane_interfaces'), ('XDG_DATA_DIRS', '/usr/local/share:/usr/share:/var/lib/snapd/desktop'), ('PYTHONPATH', '/home/sash/smart_cane_ws/install/smart_cane_system/lib/python3.10/site-packages:/opt/ros/humble/lib/python3.10/site-packages:/opt/ros/humble/local/lib/python3.10/dist-packages'), ('COLCON', '1'), ('WSL2_GUI_APPS_ENABLED', '1'), ('HOSTTYPE', 'x86_64'), ('CMAKE_PREFIX_PATH', '/home/sash/smart_cane_ws/install/smart_cane_interfaces:/home/sash/smart_cane_ws/install/smart_cane_system:/opt/ros/humble'), ('WSLENV', 'ELECTRON_RUN_AS_NODE/w:')]), 'shell': False}
[0.071889] (smart_cane_interfaces) StdoutLine: {'line': b'\x1b[35m\x1b[1mConsolidate compiler generated dependencies of target smart_cane_interfaces__rosidl_generator_c\x1b[0m\n'}
[0.084532] (smart_cane_interfaces) StdoutLine: {'line': b'[  2%] Built target smart_cane_interfaces__cpp\n'}
[0.092651] (smart_cane_interfaces) StdoutLine: {'line': b'[ 16%] Built target smart_cane_interfaces__rosidl_generator_c\n'}
[0.098864] (-) TimerEvent: {}
[0.102926] (smart_cane_interfaces) StdoutLine: {'line': b'\x1b[35m\x1b[1mConsolidate compiler generated dependencies of target smart_cane_interfaces__rosidl_typesupport_cpp\x1b[0m\n'}
[0.103281] (smart_cane_interfaces) StdoutLine: {'line': b'\x1b[35m\x1b[1mConsolidate compiler generated dependencies of target smart_cane_interfaces__rosidl_typesupport_fastrtps_cpp\x1b[0m\n'}
[0.103532] (smart_cane_interfaces) StdoutLine: {'line': b'\x1b[35m\x1b[1mConsolidate compiler generated dependencies of target smart_cane_interfaces__rosidl_typesupport_introspection_cpp\x1b[0m\n'}
[0.123398] (smart_cane_interfaces) StdoutLine: {'line': b'\x1b[35m\x1b[1mConsolidate compiler generated dependencies of target smart_cane_interfaces__rosidl_typesupport_fastrtps_c\x1b[0m\n'}
[0.146710] (smart_cane_interfaces) StdoutLine: {'line': b'[ 41%] Built target smart_cane_interfaces__rosidl_typesupport_introspection_cpp\n'}
[0.147275] (smart_cane_interfaces) StdoutLine: {'line': b'[ 47%] Built target smart_cane_interfaces__rosidl_typesupport_cpp\n'}
[0.149240] (smart_cane_interfaces) StdoutLine: {'line': b'[ 58%] Built target smart_cane_interfaces__rosidl_typesupport_fastrtps_cpp\n'}
[0.164266] (smart_cane_interfaces) StdoutLine: {'line': b'[ 72%] Built target smart_cane_interfaces__rosidl_typesupport_fastrtps_c\n'}
[0.164569] (smart_cane_interfaces) StdoutLine: {'line': b'\x1b[35m\x1b[1mConsolidate compiler generated dependencies of target smart_cane_interfaces__rosidl_typesupport_introspection_c\x1b[0m\n'}
[0.168084] (smart_cane_interfaces) StdoutLine: {'line': b'\x1b[35m\x1b[1mConsolidate compiler generated dependencies of target smart_cane_interfaces__rosidl_typesupport_c\x1b[0m\n'}
[0.183183] (smart_cane_interfaces) StdoutLine: {'line': b'[ 86%] Built target smart_cane_interfaces__rosidl_typesupport_introspection_c\n'}
[0.188141] (smart_cane_interfaces) StdoutLine: {'line': b'[100%] Built target smart_cane_interfaces__rosidl_typesupport_c\n'}
[0.199041] (-) TimerEvent: {}
[0.214476] (smart_cane_interfaces) StdoutLine: {'line': b'[100%] Built target smart_cane_interfaces\n'}
[0.234636] (smart_cane_interfaces) CommandEnded: {'returncode': 0}
[0.239194] (smart_cane_interfaces) JobProgress: {'identifier': 'smart_cane_interfaces', 'progress': 'install'}
[0.252271] (smart_cane_interfaces) Command: {'cmd': ['/usr/bin/cmake', '--install', '/home/sash/smart_cane_ws/build/smart_cane_interfaces'], 'cwd': '/home/sash/smart_cane_ws/build/smart_cane_interfaces', 'env': OrderedDict([('USER', 'sash'), ('GIT_ASKPASS', '/home/sash/.vscode-server/bin/848b80aeb52026648a8ff9f7c45a9b0a80641e2e/extensions/git/dist/askpass.sh'), ('SHLVL', '2'), ('LD_LIBRARY_PATH', '/home/sash/smart_cane_ws/install/smart_cane_interfaces/lib:/opt/ros/humble/opt/rviz_ogre_vendor/lib:/opt/ros/humble/lib/x86_64-linux-gnu:/opt/ros/humble/lib'), ('HOME', '/home/sash'), ('OLDPWD', '/home/sash/smart_cane_ws/src/smart_cane_system/smart_cane_system'), ('TERM_PROGRAM_VERSION', '1.100.2'), ('VSCODE_IPC_HOOK_CLI', '/run/user/1000/vscode-ipc-f676d3a7-0051-4da4-b623-d6367b50fb35.sock'), ('ROS_PYTHON_VERSION', '3'), ('VSCODE_GIT_ASKPASS_MAIN', '/home/sash/.vscode-server/bin/848b80aeb52026648a8ff9f7c45a9b0a80641e2e/extensions/git/dist/askpass-main.js'), ('VSCODE_GIT_ASKPASS_NODE', '/home/sash/.vscode-server/bin/848b80aeb52026648a8ff9f7c45a9b0a80641e2e/node'), ('PYDEVD_DISABLE_FILE_VALIDATION', '1'), ('BUNDLED_DEBUGPY_PATH', '/home/sash/.vscode-server/extensions/ms-python.debugpy-2025.8.0-linux-x64/bundled/libs/debugpy'), ('DBUS_SESSION_BUS_ADDRESS', 'unix:path=/run/user/1000/bus'), ('COLORTERM', 'truecolor'), ('WSL_DISTRO_NAME', 'Ubuntu-22.04'), ('WAYLAND_DISPLAY', 'wayland-0'), ('COLCON_PREFIX_PATH', '/home/sash/smart_cane_ws/install'), ('ROS_DISTRO', 'humble'), ('LOGNAME', 'sash'), ('NAME', 'Code'), ('WSL_INTEROP', '/run/WSL/520_interop'), ('PULSE_SERVER', 'unix:/mnt/wslg/PulseServer'), ('_', '/usr/bin/colcon'), ('ROS_VERSION', '2'), ('TERM', 'xterm-256color'), ('ROS_LOCALHOST_ONLY', '0'), ('PATH', '/opt/ros/humble/bin:/home/sash/.vscode-server/bin/848b80aeb52026648a8ff9f7c45a9b0a80641e2e/bin/remote-cli:/usr/local/sbin:/usr/local/bin:/usr/sbin:/usr/bin:/sbin:/bin:/usr/games:/usr/local/games:/usr/lib/wsl/lib:/mnt/c/Program Files/WindowsApps/CanonicalGroupLimited.Ubuntu22.04LTS_2204.5.10021.0_x64__79rhkp1fndgsc:/mnt/c/Program Files/Python311/Scripts/:/mnt/c/Program Files/Python311/:/mnt/c/WINDOWS/system32:/mnt/c/WINDOWS:/mnt/c/WINDOWS/System32/Wbem:/mnt/c/WINDOWS/System32/WindowsPowerShell/v1.0/:/mnt/c/WINDOWS/System32/OpenSSH/:/mnt/c/Program Files/Git/cmd:/mnt/c/Users/Sash/AppData/Local/Microsoft/WindowsApps:/mnt/c/Users/Sash/AppData/Local/Programs/Microsoft VS Code/bin:/snap/bin:/home/sash/.vscode-server/extensions/ms-python.debugpy-2025.8.0-linux-x64/bundled/scripts/noConfigScripts'), ('XDG_RUNTIME_DIR', '/run/user/1000/'), ('DISPLAY', ':0'), ('VSCODE_DEBUGPY_ADAPTER_ENDPOINTS', '/home/sash/.vscode-server/extensions/ms-python.debugpy-2025.8.0-linux-x64/.noConfigDebugAdapterEndpoints/endpoint-91b46a9bf0008868.txt'), ('LANG', 'en_US.UTF-8'), ('VSCODE_GIT_IPC_HANDLE', '/run/user/1000/vscode-git-cd77fc1bd3.sock'), ('TERM_PROGRAM', 'vscode'), ('AMENT_PREFIX_PATH', '/home/sash/smart_cane_ws/install/smart_cane_interfaces:/home/sash/smart_cane_ws/install/smart_cane_system:/opt/ros/humble'), ('SHELL', '/bin/bash'), ('VSCODE_GIT_ASKPASS_EXTRA_ARGS', ''), ('PWD', '/home/sash/smart_cane_ws/build/smart_cane_interfaces'), ('XDG_DATA_DIRS', '/usr/local/share:/usr/share:/var/lib/snapd/desktop'), ('PYTHONPATH', '/home/sash/smart_cane_ws/install/smart_cane_system/lib/python3.10/site-packages:/opt/ros/humble/lib/python3.10/site-packages:/opt/ros/humble/local/lib/python3.10/dist-packages'), ('COLCON', '1'), ('WSL2_GUI_APPS_ENABLED', '1'), ('HOSTTYPE', 'x86_64'), ('CMAKE_PREFIX_PATH', '/home/sash/smart_cane_ws/install/smart_cane_interfaces:/home/sash/smart_cane_ws/install/smart_cane_system:/opt/ros/humble'), ('WSLENV', 'ELECTRON_RUN_AS_NODE/w:')]), 'shell': False}
[0.269453] (smart_cane_interfaces) StdoutLine: {'line': b'-- Install configuration: ""\n'}
[0.269981] (smart_cane_interfaces) StdoutLine: {'line': b'-- Up-to-date: /home/sash/smart_cane_ws/install/smart_cane_interfaces/share/ament_index/resource_index/rosidl_interfaces/smart_cane_interfaces\n'}
[0.270248] (smart_cane_interfaces) StdoutLine: {'line': b'-- Up-to-date: /home/sash/smart_cane_ws/install/smart_cane_interfaces/include/smart_cane_interfaces/smart_cane_interfaces\n'}
[0.270490] (smart_cane_interfaces) StdoutLine: {'line': b'-- Up-to-date: /home/sash/smart_cane_ws/install/smart_cane_interfaces/include/smart_cane_interfaces/smart_cane_interfaces/msg\n'}
[0.271011] (smart_cane_interfaces) StdoutLine: {'line': b'-- Up-to-date: /home/sash/smart_cane_ws/install/smart_cane_interfaces/include/smart_cane_interfaces/smart_cane_interfaces/msg/detection_result.h\n'}
[0.271436] (smart_cane_interfaces) StdoutLine: {'line': b'-- Up-to-date: /home/sash/smart_cane_ws/install/smart_cane_interfaces/include/smart_cane_interfaces/smart_cane_interfaces/msg/feedback_command.h\n'}
[0.271834] (smart_cane_interfaces) StdoutLine: {'line': b'-- Up-to-date: /home/sash/smart_cane_ws/install/smart_cane_interfaces/include/smart_cane_interfaces/smart_cane_interfaces/msg/detail\n'}
[0.272259] (smart_cane_interfaces) StdoutLine: {'line': b'-- Up-to-date: /home/sash/smart_cane_ws/install/smart_cane_interfaces/include/smart_cane_interfaces/smart_cane_interfaces/msg/detail/detection_result__type_support.h\n'}
[0.272706] (smart_cane_interfaces) StdoutLine: {'line': b'-- Up-to-date: /home/sash/smart_cane_ws/install/smart_cane_interfaces/include/smart_cane_interfaces/smart_cane_interfaces/msg/detail/detection_result__struct.h\n'}
[0.273092] (smart_cane_interfaces) StdoutLine: {'line': b'-- Up-to-date: /home/sash/smart_cane_ws/install/smart_cane_interfaces/include/smart_cane_interfaces/smart_cane_interfaces/msg/detail/ultrasonic_data__functions.h\n'}
[0.273543] (smart_cane_interfaces) StdoutLine: {'line': b'-- Up-to-date: /home/sash/smart_cane_ws/install/smart_cane_interfaces/include/smart_cane_interfaces/smart_cane_interfaces/msg/detail/feedback_command__type_support.h\n'}
[0.273954] (smart_cane_interfaces) StdoutLine: {'line': b'-- Up-to-date: /home/sash/smart_cane_ws/install/smart_cane_interfaces/include/smart_cane_interfaces/smart_cane_interfaces/msg/detail/ultrasonic_data__struct.h\n'}
[0.274770] (smart_cane_interfaces) StdoutLine: {'line': b'-- Up-to-date: /home/sash/smart_cane_ws/install/smart_cane_interfaces/include/smart_cane_interfaces/smart_cane_interfaces/msg/detail/detection_result__functions.h\n'}
[0.275181] (smart_cane_interfaces) StdoutLine: {'line': b'-- Up-to-date: /home/sash/smart_cane_ws/install/smart_cane_interfaces/include/smart_cane_interfaces/smart_cane_interfaces/msg/detail/ultrasonic_data__functions.c\n'}
[0.275807] (smart_cane_interfaces) StdoutLine: {'line': b'-- Up-to-date: /home/sash/smart_cane_ws/install/smart_cane_interfaces/include/smart_cane_interfaces/smart_cane_interfaces/msg/detail/feedback_command__struct.h\n'}
[0.276324] (smart_cane_interfaces) StdoutLine: {'line': b'-- Up-to-date: /home/sash/smart_cane_ws/install/smart_cane_interfaces/include/smart_cane_interfaces/smart_cane_interfaces/msg/detail/feedback_command__functions.c\n'}
[0.276691] (smart_cane_interfaces) StdoutLine: {'line': b'-- Up-to-date: /home/sash/smart_cane_ws/install/smart_cane_interfaces/include/smart_cane_interfaces/smart_cane_interfaces/msg/detail/ultrasonic_data__type_support.h\n'}
[0.277377] (smart_cane_interfaces) StdoutLine: {'line': b'-- Up-to-date: /home/sash/smart_cane_ws/install/smart_cane_interfaces/include/smart_cane_interfaces/smart_cane_interfaces/msg/detail/feedback_command__functions.h\n'}
[0.277604] (smart_cane_interfaces) StdoutLine: {'line': b'-- Up-to-date: /home/sash/smart_cane_ws/install/smart_cane_interfaces/include/smart_cane_interfaces/smart_cane_interfaces/msg/detail/detection_result__functions.c\n'}
[0.278136] (smart_cane_interfaces) StdoutLine: {'line': b'-- Up-to-date: /home/sash/smart_cane_ws/install/smart_cane_interfaces/include/smart_cane_interfaces/smart_cane_interfaces/msg/rosidl_generator_c__visibility_control.h\n'}
[0.278657] (smart_cane_interfaces) StdoutLine: {'line': b'-- Up-to-date: /home/sash/smart_cane_ws/install/smart_cane_interfaces/include/smart_cane_interfaces/smart_cane_interfaces/msg/ultrasonic_data.h\n'}
[0.279267] (smart_cane_interfaces) StdoutLine: {'line': b'-- Up-to-date: /home/sash/smart_cane_ws/install/smart_cane_interfaces/share/smart_cane_interfaces/environment/library_path.sh\n'}
[0.279698] (smart_cane_interfaces) StdoutLine: {'line': b'-- Up-to-date: /home/sash/smart_cane_ws/install/smart_cane_interfaces/share/smart_cane_interfaces/environment/library_path.dsv\n'}
[0.280423] (smart_cane_interfaces) StdoutLine: {'line': b'-- Up-to-date: /home/sash/smart_cane_ws/install/smart_cane_interfaces/lib/libsmart_cane_interfaces__rosidl_generator_c.so\n'}
[0.280916] (smart_cane_interfaces) StdoutLine: {'line': b'-- Up-to-date: /home/sash/smart_cane_ws/install/smart_cane_interfaces/include/smart_cane_interfaces/smart_cane_interfaces\n'}
[0.281138] (smart_cane_interfaces) StdoutLine: {'line': b'-- Up-to-date: /home/sash/smart_cane_ws/install/smart_cane_interfaces/include/smart_cane_interfaces/smart_cane_interfaces/msg\n'}
[0.281351] (smart_cane_interfaces) StdoutLine: {'line': b'-- Up-to-date: /home/sash/smart_cane_ws/install/smart_cane_interfaces/include/smart_cane_interfaces/smart_cane_interfaces/msg/rosidl_typesupport_fastrtps_c__visibility_control.h\n'}
[0.281548] (smart_cane_interfaces) StdoutLine: {'line': b'-- Up-to-date: /home/sash/smart_cane_ws/install/smart_cane_interfaces/include/smart_cane_interfaces/smart_cane_interfaces/msg/detail\n'}
[0.281769] (smart_cane_interfaces) StdoutLine: {'line': b'-- Up-to-date: /home/sash/smart_cane_ws/install/smart_cane_interfaces/include/smart_cane_interfaces/smart_cane_interfaces/msg/detail/detection_result__rosidl_typesupport_fastrtps_c.h\n'}
[0.281954] (smart_cane_interfaces) StdoutLine: {'line': b'-- Up-to-date: /home/sash/smart_cane_ws/install/smart_cane_interfaces/include/smart_cane_interfaces/smart_cane_interfaces/msg/detail/ultrasonic_data__rosidl_typesupport_fastrtps_c.h\n'}
[0.282144] (smart_cane_interfaces) StdoutLine: {'line': b'-- Up-to-date: /home/sash/smart_cane_ws/install/smart_cane_interfaces/include/smart_cane_interfaces/smart_cane_interfaces/msg/detail/feedback_command__rosidl_typesupport_fastrtps_c.h\n'}
[0.282351] (smart_cane_interfaces) StdoutLine: {'line': b'-- Up-to-date: /home/sash/smart_cane_ws/install/smart_cane_interfaces/lib/libsmart_cane_interfaces__rosidl_typesupport_fastrtps_c.so\n'}
[0.282564] (smart_cane_interfaces) StdoutLine: {'line': b'-- Up-to-date: /home/sash/smart_cane_ws/install/smart_cane_interfaces/include/smart_cane_interfaces/smart_cane_interfaces\n'}
[0.283257] (smart_cane_interfaces) StdoutLine: {'line': b'-- Up-to-date: /home/sash/smart_cane_ws/install/smart_cane_interfaces/include/smart_cane_interfaces/smart_cane_interfaces/msg\n'}
[0.283985] (smart_cane_interfaces) StdoutLine: {'line': b'-- Up-to-date: /home/sash/smart_cane_ws/install/smart_cane_interfaces/include/smart_cane_interfaces/smart_cane_interfaces/msg/feedback_command.hpp\n'}
[0.284302] (smart_cane_interfaces) StdoutLine: {'line': b'-- Up-to-date: /home/sash/smart_cane_ws/install/smart_cane_interfaces/include/smart_cane_interfaces/smart_cane_interfaces/msg/detail\n'}
[0.284519] (smart_cane_interfaces) StdoutLine: {'line': b'-- Up-to-date: /home/sash/smart_cane_ws/install/smart_cane_interfaces/include/smart_cane_interfaces/smart_cane_interfaces/msg/detail/ultrasonic_data__traits.hpp\n'}
[0.284709] (smart_cane_interfaces) StdoutLine: {'line': b'-- Up-to-date: /home/sash/smart_cane_ws/install/smart_cane_interfaces/include/smart_cane_interfaces/smart_cane_interfaces/msg/detail/feedback_command__type_support.hpp\n'}
[0.284877] (smart_cane_interfaces) StdoutLine: {'line': b'-- Up-to-date: /home/sash/smart_cane_ws/install/smart_cane_interfaces/include/smart_cane_interfaces/smart_cane_interfaces/msg/detail/ultrasonic_data__struct.hpp\n'}
[0.285011] (smart_cane_interfaces) StdoutLine: {'line': b'-- Up-to-date: /home/sash/smart_cane_ws/install/smart_cane_interfaces/include/smart_cane_interfaces/smart_cane_interfaces/msg/detail/feedback_command__traits.hpp\n'}
[0.285139] (smart_cane_interfaces) StdoutLine: {'line': b'-- Up-to-date: /home/sash/smart_cane_ws/install/smart_cane_interfaces/include/smart_cane_interfaces/smart_cane_interfaces/msg/detail/detection_result__builder.hpp\n'}
[0.285268] (smart_cane_interfaces) StdoutLine: {'line': b'-- Up-to-date: /home/sash/smart_cane_ws/install/smart_cane_interfaces/include/smart_cane_interfaces/smart_cane_interfaces/msg/detail/ultrasonic_data__type_support.hpp\n'}
[0.285453] (smart_cane_interfaces) StdoutLine: {'line': b'-- Up-to-date: /home/sash/smart_cane_ws/install/smart_cane_interfaces/include/smart_cane_interfaces/smart_cane_interfaces/msg/detail/detection_result__type_support.hpp\n'}
[0.285588] (smart_cane_interfaces) StdoutLine: {'line': b'-- Up-to-date: /home/sash/smart_cane_ws/install/smart_cane_interfaces/include/smart_cane_interfaces/smart_cane_interfaces/msg/detail/ultrasonic_data__builder.hpp\n'}
[0.285720] (smart_cane_interfaces) StdoutLine: {'line': b'-- Up-to-date: /home/sash/smart_cane_ws/install/smart_cane_interfaces/include/smart_cane_interfaces/smart_cane_interfaces/msg/detail/detection_result__struct.hpp\n'}
[0.285851] (smart_cane_interfaces) StdoutLine: {'line': b'-- Up-to-date: /home/sash/smart_cane_ws/install/smart_cane_interfaces/include/smart_cane_interfaces/smart_cane_interfaces/msg/detail/feedback_command__builder.hpp\n'}
[0.286008] (smart_cane_interfaces) StdoutLine: {'line': b'-- Up-to-date: /home/sash/smart_cane_ws/install/smart_cane_interfaces/include/smart_cane_interfaces/smart_cane_interfaces/msg/detail/detection_result__traits.hpp\n'}
[0.286141] (smart_cane_interfaces) StdoutLine: {'line': b'-- Up-to-date: /home/sash/smart_cane_ws/install/smart_cane_interfaces/include/smart_cane_interfaces/smart_cane_interfaces/msg/detail/feedback_command__struct.hpp\n'}
[0.286276] (smart_cane_interfaces) StdoutLine: {'line': b'-- Up-to-date: /home/sash/smart_cane_ws/install/smart_cane_interfaces/include/smart_cane_interfaces/smart_cane_interfaces/msg/rosidl_generator_cpp__visibility_control.hpp\n'}
[0.286410] (smart_cane_interfaces) StdoutLine: {'line': b'-- Up-to-date: /home/sash/smart_cane_ws/install/smart_cane_interfaces/include/smart_cane_interfaces/smart_cane_interfaces/msg/detection_result.hpp\n'}
[0.286549] (smart_cane_interfaces) StdoutLine: {'line': b'-- Up-to-date: /home/sash/smart_cane_ws/install/smart_cane_interfaces/include/smart_cane_interfaces/smart_cane_interfaces/msg/ultrasonic_data.hpp\n'}
[0.286759] (smart_cane_interfaces) StdoutLine: {'line': b'-- Up-to-date: /home/sash/smart_cane_ws/install/smart_cane_interfaces/include/smart_cane_interfaces/smart_cane_interfaces\n'}
[0.286892] (smart_cane_interfaces) StdoutLine: {'line': b'-- Up-to-date: /home/sash/smart_cane_ws/install/smart_cane_interfaces/include/smart_cane_interfaces/smart_cane_interfaces/msg\n'}
[0.287185] (smart_cane_interfaces) StdoutLine: {'line': b'-- Up-to-date: /home/sash/smart_cane_ws/install/smart_cane_interfaces/include/smart_cane_interfaces/smart_cane_interfaces/msg/detail\n'}
[0.287395] (smart_cane_interfaces) StdoutLine: {'line': b'-- Up-to-date: /home/sash/smart_cane_ws/install/smart_cane_interfaces/include/smart_cane_interfaces/smart_cane_interfaces/msg/detail/ultrasonic_data__rosidl_typesupport_fastrtps_cpp.hpp\n'}
[0.287536] (smart_cane_interfaces) StdoutLine: {'line': b'-- Up-to-date: /home/sash/smart_cane_ws/install/smart_cane_interfaces/include/smart_cane_interfaces/smart_cane_interfaces/msg/detail/dds_fastrtps\n'}
[0.287928] (smart_cane_interfaces) StdoutLine: {'line': b'-- Up-to-date: /home/sash/smart_cane_ws/install/smart_cane_interfaces/include/smart_cane_interfaces/smart_cane_interfaces/msg/detail/feedback_command__rosidl_typesupport_fastrtps_cpp.hpp\n'}
[0.288214] (smart_cane_interfaces) StdoutLine: {'line': b'-- Up-to-date: /home/sash/smart_cane_ws/install/smart_cane_interfaces/include/smart_cane_interfaces/smart_cane_interfaces/msg/detail/detection_result__rosidl_typesupport_fastrtps_cpp.hpp\n'}
[0.288655] (smart_cane_interfaces) StdoutLine: {'line': b'-- Up-to-date: /home/sash/smart_cane_ws/install/smart_cane_interfaces/include/smart_cane_interfaces/smart_cane_interfaces/msg/rosidl_typesupport_fastrtps_cpp__visibility_control.h\n'}
[0.289064] (smart_cane_interfaces) StdoutLine: {'line': b'-- Up-to-date: /home/sash/smart_cane_ws/install/smart_cane_interfaces/lib/libsmart_cane_interfaces__rosidl_typesupport_fastrtps_cpp.so\n'}
[0.289299] (smart_cane_interfaces) StdoutLine: {'line': b'-- Up-to-date: /home/sash/smart_cane_ws/install/smart_cane_interfaces/include/smart_cane_interfaces/smart_cane_interfaces\n'}
[0.289545] (smart_cane_interfaces) StdoutLine: {'line': b'-- Up-to-date: /home/sash/smart_cane_ws/install/smart_cane_interfaces/include/smart_cane_interfaces/smart_cane_interfaces/msg\n'}
[0.289826] (smart_cane_interfaces) StdoutLine: {'line': b'-- Up-to-date: /home/sash/smart_cane_ws/install/smart_cane_interfaces/include/smart_cane_interfaces/smart_cane_interfaces/msg/rosidl_typesupport_introspection_c__visibility_control.h\n'}
[0.290061] (smart_cane_interfaces) StdoutLine: {'line': b'-- Up-to-date: /home/sash/smart_cane_ws/install/smart_cane_interfaces/include/smart_cane_interfaces/smart_cane_interfaces/msg/detail\n'}
[0.290276] (smart_cane_interfaces) StdoutLine: {'line': b'-- Up-to-date: /home/sash/smart_cane_ws/install/smart_cane_interfaces/include/smart_cane_interfaces/smart_cane_interfaces/msg/detail/feedback_command__rosidl_typesupport_introspection_c.h\n'}
[0.290506] (smart_cane_interfaces) StdoutLine: {'line': b'-- Up-to-date: /home/sash/smart_cane_ws/install/smart_cane_interfaces/include/smart_cane_interfaces/smart_cane_interfaces/msg/detail/detection_result__type_support.c\n'}
[0.290696] (smart_cane_interfaces) StdoutLine: {'line': b'-- Up-to-date: /home/sash/smart_cane_ws/install/smart_cane_interfaces/include/smart_cane_interfaces/smart_cane_interfaces/msg/detail/feedback_command__type_support.c\n'}
[0.290908] (smart_cane_interfaces) StdoutLine: {'line': b'-- Up-to-date: /home/sash/smart_cane_ws/install/smart_cane_interfaces/include/smart_cane_interfaces/smart_cane_interfaces/msg/detail/ultrasonic_data__rosidl_typesupport_introspection_c.h\n'}
[0.291275] (smart_cane_interfaces) StdoutLine: {'line': b'-- Up-to-date: /home/sash/smart_cane_ws/install/smart_cane_interfaces/include/smart_cane_interfaces/smart_cane_interfaces/msg/detail/ultrasonic_data__type_support.c\n'}
[0.291593] (smart_cane_interfaces) StdoutLine: {'line': b'-- Up-to-date: /home/sash/smart_cane_ws/install/smart_cane_interfaces/include/smart_cane_interfaces/smart_cane_interfaces/msg/detail/detection_result__rosidl_typesupport_introspection_c.h\n'}
[0.291923] (smart_cane_interfaces) StdoutLine: {'line': b'-- Up-to-date: /home/sash/smart_cane_ws/install/smart_cane_interfaces/lib/libsmart_cane_interfaces__rosidl_typesupport_introspection_c.so\n'}
[0.292282] (smart_cane_interfaces) StdoutLine: {'line': b'-- Up-to-date: /home/sash/smart_cane_ws/install/smart_cane_interfaces/lib/libsmart_cane_interfaces__rosidl_typesupport_c.so\n'}
[0.293624] (smart_cane_interfaces) StdoutLine: {'line': b'-- Up-to-date: /home/sash/smart_cane_ws/install/smart_cane_interfaces/include/smart_cane_interfaces/smart_cane_interfaces\n'}
[0.295958] (smart_cane_interfaces) StdoutLine: {'line': b'-- Up-to-date: /home/sash/smart_cane_ws/install/smart_cane_interfaces/include/smart_cane_interfaces/smart_cane_interfaces/msg\n'}
[0.296634] (smart_cane_interfaces) StdoutLine: {'line': b'-- Up-to-date: /home/sash/smart_cane_ws/install/smart_cane_interfaces/include/smart_cane_interfaces/smart_cane_interfaces/msg/detail\n'}
[0.297034] (smart_cane_interfaces) StdoutLine: {'line': b'-- Up-to-date: /home/sash/smart_cane_ws/install/smart_cane_interfaces/include/smart_cane_interfaces/smart_cane_interfaces/msg/detail/detection_result__type_support.cpp\n'}
[0.297687] (smart_cane_interfaces) StdoutLine: {'line': b'-- Up-to-date: /home/sash/smart_cane_ws/install/smart_cane_interfaces/include/smart_cane_interfaces/smart_cane_interfaces/msg/detail/feedback_command__rosidl_typesupport_introspection_cpp.hpp\n'}
[0.298176] (smart_cane_interfaces) StdoutLine: {'line': b'-- Up-to-date: /home/sash/smart_cane_ws/install/smart_cane_interfaces/include/smart_cane_interfaces/smart_cane_interfaces/msg/detail/ultrasonic_data__type_support.cpp\n'}
[0.298423] (smart_cane_interfaces) StdoutLine: {'line': b'-- Up-to-date: /home/sash/smart_cane_ws/install/smart_cane_interfaces/include/smart_cane_interfaces/smart_cane_interfaces/msg/detail/ultrasonic_data__rosidl_typesupport_introspection_cpp.hpp\n'}
[0.298630] (smart_cane_interfaces) StdoutLine: {'line': b'-- Up-to-date: /home/sash/smart_cane_ws/install/smart_cane_interfaces/include/smart_cane_interfaces/smart_cane_interfaces/msg/detail/detection_result__rosidl_typesupport_introspection_cpp.hpp\n'}
[0.298838] (smart_cane_interfaces) StdoutLine: {'line': b'-- Up-to-date: /home/sash/smart_cane_ws/install/smart_cane_interfaces/include/smart_cane_interfaces/smart_cane_interfaces/msg/detail/feedback_command__type_support.cpp\n'}
[0.299069] (-) TimerEvent: {}
[0.299365] (smart_cane_interfaces) StdoutLine: {'line': b'-- Up-to-date: /home/sash/smart_cane_ws/install/smart_cane_interfaces/lib/libsmart_cane_interfaces__rosidl_typesupport_introspection_cpp.so\n'}
[0.299589] (smart_cane_interfaces) StdoutLine: {'line': b'-- Up-to-date: /home/sash/smart_cane_ws/install/smart_cane_interfaces/lib/libsmart_cane_interfaces__rosidl_typesupport_cpp.so\n'}
[0.299812] (smart_cane_interfaces) StdoutLine: {'line': b'-- Up-to-date: /home/sash/smart_cane_ws/install/smart_cane_interfaces/share/smart_cane_interfaces/msg/UltrasonicData.idl\n'}
[0.300046] (smart_cane_interfaces) StdoutLine: {'line': b'-- Up-to-date: /home/sash/smart_cane_ws/install/smart_cane_interfaces/share/smart_cane_interfaces/msg/DetectionResult.idl\n'}
[0.300263] (smart_cane_interfaces) StdoutLine: {'line': b'-- Up-to-date: /home/sash/smart_cane_ws/install/smart_cane_interfaces/share/smart_cane_interfaces/msg/FeedbackCommand.idl\n'}
[0.300467] (smart_cane_interfaces) StdoutLine: {'line': b'-- Up-to-date: /home/sash/smart_cane_ws/install/smart_cane_interfaces/share/smart_cane_interfaces/msg/UltrasonicData.msg\n'}
[0.300746] (smart_cane_interfaces) StdoutLine: {'line': b'-- Up-to-date: /home/sash/smart_cane_ws/install/smart_cane_interfaces/share/smart_cane_interfaces/msg/DetectionResult.msg\n'}
[0.300896] (smart_cane_interfaces) StdoutLine: {'line': b'-- Up-to-date: /home/sash/smart_cane_ws/install/smart_cane_interfaces/share/smart_cane_interfaces/msg/FeedbackCommand.msg\n'}
[0.301021] (smart_cane_interfaces) StdoutLine: {'line': b'-- Up-to-date: /home/sash/smart_cane_ws/install/smart_cane_interfaces/share/ament_index/resource_index/package_run_dependencies/smart_cane_interfaces\n'}
[0.301141] (smart_cane_interfaces) StdoutLine: {'line': b'-- Up-to-date: /home/sash/smart_cane_ws/install/smart_cane_interfaces/share/ament_index/resource_index/parent_prefix_path/smart_cane_interfaces\n'}
[0.301265] (smart_cane_interfaces) StdoutLine: {'line': b'-- Up-to-date: /home/sash/smart_cane_ws/install/smart_cane_interfaces/share/smart_cane_interfaces/environment/ament_prefix_path.sh\n'}
[0.301394] (smart_cane_interfaces) StdoutLine: {'line': b'-- Up-to-date: /home/sash/smart_cane_ws/install/smart_cane_interfaces/share/smart_cane_interfaces/environment/ament_prefix_path.dsv\n'}
[0.301516] (smart_cane_interfaces) StdoutLine: {'line': b'-- Up-to-date: /home/sash/smart_cane_ws/install/smart_cane_interfaces/share/smart_cane_interfaces/environment/path.sh\n'}
[0.301642] (smart_cane_interfaces) StdoutLine: {'line': b'-- Up-to-date: /home/sash/smart_cane_ws/install/smart_cane_interfaces/share/smart_cane_interfaces/environment/path.dsv\n'}
[0.301764] (smart_cane_interfaces) StdoutLine: {'line': b'-- Up-to-date: /home/sash/smart_cane_ws/install/smart_cane_interfaces/share/smart_cane_interfaces/local_setup.bash\n'}
[0.301883] (smart_cane_interfaces) StdoutLine: {'line': b'-- Up-to-date: /home/sash/smart_cane_ws/install/smart_cane_interfaces/share/smart_cane_interfaces/local_setup.sh\n'}
[0.302129] (smart_cane_interfaces) StdoutLine: {'line': b'-- Up-to-date: /home/sash/smart_cane_ws/install/smart_cane_interfaces/share/smart_cane_interfaces/local_setup.zsh\n'}
[0.302267] (smart_cane_interfaces) StdoutLine: {'line': b'-- Up-to-date: /home/sash/smart_cane_ws/install/smart_cane_interfaces/share/smart_cane_interfaces/local_setup.dsv\n'}
[0.302507] (smart_cane_interfaces) StdoutLine: {'line': b'-- Installing: /home/sash/smart_cane_ws/install/smart_cane_interfaces/share/smart_cane_interfaces/package.dsv\n'}
[0.302783] (smart_cane_interfaces) StdoutLine: {'line': b'-- Up-to-date: /home/sash/smart_cane_ws/install/smart_cane_interfaces/share/ament_index/resource_index/packages/smart_cane_interfaces\n'}
[0.303086] (smart_cane_interfaces) StdoutLine: {'line': b'-- Up-to-date: /home/sash/smart_cane_ws/install/smart_cane_interfaces/share/smart_cane_interfaces/cmake/export_smart_cane_interfaces__rosidl_generator_cExport.cmake\n'}
[0.311954] (smart_cane_interfaces) StdoutLine: {'line': b'-- Up-to-date: /home/sash/smart_cane_ws/install/smart_cane_interfaces/share/smart_cane_interfaces/cmake/export_smart_cane_interfaces__rosidl_generator_cExport-noconfig.cmake\n'}
[0.312987] (smart_cane_interfaces) StdoutLine: {'line': b'-- Up-to-date: /home/sash/smart_cane_ws/install/smart_cane_interfaces/share/smart_cane_interfaces/cmake/export_smart_cane_interfaces__rosidl_typesupport_fastrtps_cExport.cmake\n'}
[0.313964] (smart_cane_interfaces) StdoutLine: {'line': b'-- Up-to-date: /home/sash/smart_cane_ws/install/smart_cane_interfaces/share/smart_cane_interfaces/cmake/export_smart_cane_interfaces__rosidl_typesupport_fastrtps_cExport-noconfig.cmake\n'}
[0.315015] (smart_cane_interfaces) StdoutLine: {'line': b'-- Up-to-date: /home/sash/smart_cane_ws/install/smart_cane_interfaces/share/smart_cane_interfaces/cmake/export_smart_cane_interfaces__rosidl_generator_cppExport.cmake\n'}
[0.315557] (smart_cane_interfaces) StdoutLine: {'line': b'-- Up-to-date: /home/sash/smart_cane_ws/install/smart_cane_interfaces/share/smart_cane_interfaces/cmake/export_smart_cane_interfaces__rosidl_typesupport_fastrtps_cppExport.cmake\n'}
[0.316911] (smart_cane_interfaces) StdoutLine: {'line': b'-- Up-to-date: /home/sash/smart_cane_ws/install/smart_cane_interfaces/share/smart_cane_interfaces/cmake/export_smart_cane_interfaces__rosidl_typesupport_fastrtps_cppExport-noconfig.cmake\n'}
[0.317262] (smart_cane_interfaces) StdoutLine: {'line': b'-- Up-to-date: /home/sash/smart_cane_ws/install/smart_cane_interfaces/share/smart_cane_interfaces/cmake/smart_cane_interfaces__rosidl_typesupport_introspection_cExport.cmake\n'}
[0.317671] (smart_cane_interfaces) StdoutLine: {'line': b'-- Up-to-date: /home/sash/smart_cane_ws/install/smart_cane_interfaces/share/smart_cane_interfaces/cmake/smart_cane_interfaces__rosidl_typesupport_introspection_cExport-noconfig.cmake\n'}
[0.318488] (smart_cane_interfaces) StdoutLine: {'line': b'-- Up-to-date: /home/sash/smart_cane_ws/install/smart_cane_interfaces/share/smart_cane_interfaces/cmake/smart_cane_interfaces__rosidl_typesupport_cExport.cmake\n'}
[0.318735] (smart_cane_interfaces) StdoutLine: {'line': b'-- Up-to-date: /home/sash/smart_cane_ws/install/smart_cane_interfaces/share/smart_cane_interfaces/cmake/smart_cane_interfaces__rosidl_typesupport_cExport-noconfig.cmake\n'}
[0.318961] (smart_cane_interfaces) StdoutLine: {'line': b'-- Up-to-date: /home/sash/smart_cane_ws/install/smart_cane_interfaces/share/smart_cane_interfaces/cmake/smart_cane_interfaces__rosidl_typesupport_introspection_cppExport.cmake\n'}
[0.319188] (smart_cane_interfaces) StdoutLine: {'line': b'-- Up-to-date: /home/sash/smart_cane_ws/install/smart_cane_interfaces/share/smart_cane_interfaces/cmake/smart_cane_interfaces__rosidl_typesupport_introspection_cppExport-noconfig.cmake\n'}
[0.319423] (smart_cane_interfaces) StdoutLine: {'line': b'-- Up-to-date: /home/sash/smart_cane_ws/install/smart_cane_interfaces/share/smart_cane_interfaces/cmake/smart_cane_interfaces__rosidl_typesupport_cppExport.cmake\n'}
[0.319651] (smart_cane_interfaces) StdoutLine: {'line': b'-- Up-to-date: /home/sash/smart_cane_ws/install/smart_cane_interfaces/share/smart_cane_interfaces/cmake/smart_cane_interfaces__rosidl_typesupport_cppExport-noconfig.cmake\n'}
[0.319871] (smart_cane_interfaces) StdoutLine: {'line': b'-- Up-to-date: /home/sash/smart_cane_ws/install/smart_cane_interfaces/share/smart_cane_interfaces/cmake/rosidl_cmake-extras.cmake\n'}
[0.320092] (smart_cane_interfaces) StdoutLine: {'line': b'-- Up-to-date: /home/sash/smart_cane_ws/install/smart_cane_interfaces/share/smart_cane_interfaces/cmake/ament_cmake_export_dependencies-extras.cmake\n'}
[0.320315] (smart_cane_interfaces) StdoutLine: {'line': b'-- Up-to-date: /home/sash/smart_cane_ws/install/smart_cane_interfaces/share/smart_cane_interfaces/cmake/ament_cmake_export_include_directories-extras.cmake\n'}
[0.320573] (smart_cane_interfaces) StdoutLine: {'line': b'-- Up-to-date: /home/sash/smart_cane_ws/install/smart_cane_interfaces/share/smart_cane_interfaces/cmake/ament_cmake_export_libraries-extras.cmake\n'}
[0.320843] (smart_cane_interfaces) StdoutLine: {'line': b'-- Up-to-date: /home/sash/smart_cane_ws/install/smart_cane_interfaces/share/smart_cane_interfaces/cmake/ament_cmake_export_targets-extras.cmake\n'}
[0.321140] (smart_cane_interfaces) StdoutLine: {'line': b'-- Up-to-date: /home/sash/smart_cane_ws/install/smart_cane_interfaces/share/smart_cane_interfaces/cmake/rosidl_cmake_export_typesupport_targets-extras.cmake\n'}
[0.321344] (smart_cane_interfaces) StdoutLine: {'line': b'-- Up-to-date: /home/sash/smart_cane_ws/install/smart_cane_interfaces/share/smart_cane_interfaces/cmake/rosidl_cmake_export_typesupport_libraries-extras.cmake\n'}
[0.321650] (smart_cane_interfaces) StdoutLine: {'line': b'-- Up-to-date: /home/sash/smart_cane_ws/install/smart_cane_interfaces/share/smart_cane_interfaces/cmake/smart_cane_interfacesConfig.cmake\n'}
[0.322045] (smart_cane_interfaces) StdoutLine: {'line': b'-- Up-to-date: /home/sash/smart_cane_ws/install/smart_cane_interfaces/share/smart_cane_interfaces/cmake/smart_cane_interfacesConfig-version.cmake\n'}
[0.322276] (smart_cane_interfaces) StdoutLine: {'line': b'-- Up-to-date: /home/sash/smart_cane_ws/install/smart_cane_interfaces/share/smart_cane_interfaces/package.xml\n'}
[0.322484] (smart_cane_interfaces) CommandEnded: {'returncode': 0}
[0.353315] (smart_cane_interfaces) JobEnded: {'identifier': 'smart_cane_interfaces', 'rc': 0}
[0.354576] (smart_cane_system) JobStarted: {'identifier': 'smart_cane_system'}
[0.399303] (-) TimerEvent: {}
[0.499845] (-) TimerEvent: {}
[0.600313] (-) TimerEvent: {}
[0.700797] (-) TimerEvent: {}
[0.801380] (-) TimerEvent: {}
[0.902035] (-) TimerEvent: {}
[1.002508] (-) TimerEvent: {}
[1.102979] (-) TimerEvent: {}
[1.203536] (-) TimerEvent: {}
[1.304130] (-) TimerEvent: {}
[1.404707] (-) TimerEvent: {}
[1.421384] (smart_cane_system) Command: {'cmd': ['/usr/bin/python3', '-W', 'ignore:setup.py install is deprecated', '-W', 'ignore:easy_install command is deprecated', 'setup.py', 'egg_info', '--egg-base', '../../build/smart_cane_system', 'build', '--build-base', '/home/sash/smart_cane_ws/build/smart_cane_system/build', 'install', '--record', '/home/sash/smart_cane_ws/build/smart_cane_system/install.log', '--single-version-externally-managed', 'install_data'], 'cwd': '/home/sash/smart_cane_ws/src/smart_cane_system', 'env': {'USER': 'sash', 'GIT_ASKPASS': '/home/sash/.vscode-server/bin/848b80aeb52026648a8ff9f7c45a9b0a80641e2e/extensions/git/dist/askpass.sh', 'SHLVL': '2', 'LD_LIBRARY_PATH': '/home/sash/smart_cane_ws/install/smart_cane_interfaces/lib:/opt/ros/humble/opt/rviz_ogre_vendor/lib:/opt/ros/humble/lib/x86_64-linux-gnu:/opt/ros/humble/lib', 'HOME': '/home/sash', 'OLDPWD': '/home/sash/smart_cane_ws/src/smart_cane_system/smart_cane_system', 'TERM_PROGRAM_VERSION': '1.100.2', 'VSCODE_IPC_HOOK_CLI': '/run/user/1000/vscode-ipc-f676d3a7-0051-4da4-b623-d6367b50fb35.sock', 'ROS_PYTHON_VERSION': '3', 'VSCODE_GIT_ASKPASS_MAIN': '/home/sash/.vscode-server/bin/848b80aeb52026648a8ff9f7c45a9b0a80641e2e/extensions/git/dist/askpass-main.js', 'VSCODE_GIT_ASKPASS_NODE': '/home/sash/.vscode-server/bin/848b80aeb52026648a8ff9f7c45a9b0a80641e2e/node', 'PYDEVD_DISABLE_FILE_VALIDATION': '1', 'BUNDLED_DEBUGPY_PATH': '/home/sash/.vscode-server/extensions/ms-python.debugpy-2025.8.0-linux-x64/bundled/libs/debugpy', 'DBUS_SESSION_BUS_ADDRESS': 'unix:path=/run/user/1000/bus', 'COLORTERM': 'truecolor', 'WSL_DISTRO_NAME': 'Ubuntu-22.04', 'WAYLAND_DISPLAY': 'wayland-0', 'COLCON_PREFIX_PATH': '/home/sash/smart_cane_ws/install', 'ROS_DISTRO': 'humble', 'LOGNAME': 'sash', 'NAME': 'Code', 'WSL_INTEROP': '/run/WSL/520_interop', 'PULSE_SERVER': 'unix:/mnt/wslg/PulseServer', '_': '/usr/bin/colcon', 'ROS_VERSION': '2', 'TERM': 'xterm-256color', 'ROS_LOCALHOST_ONLY': '0', 'PATH': '/opt/ros/humble/bin:/home/sash/.vscode-server/bin/848b80aeb52026648a8ff9f7c45a9b0a80641e2e/bin/remote-cli:/usr/local/sbin:/usr/local/bin:/usr/sbin:/usr/bin:/sbin:/bin:/usr/games:/usr/local/games:/usr/lib/wsl/lib:/mnt/c/Program Files/WindowsApps/CanonicalGroupLimited.Ubuntu22.04LTS_2204.5.10021.0_x64__79rhkp1fndgsc:/mnt/c/Program Files/Python311/Scripts/:/mnt/c/Program Files/Python311/:/mnt/c/WINDOWS/system32:/mnt/c/WINDOWS:/mnt/c/WINDOWS/System32/Wbem:/mnt/c/WINDOWS/System32/WindowsPowerShell/v1.0/:/mnt/c/WINDOWS/System32/OpenSSH/:/mnt/c/Program Files/Git/cmd:/mnt/c/Users/Sash/AppData/Local/Microsoft/WindowsApps:/mnt/c/Users/Sash/AppData/Local/Programs/Microsoft VS Code/bin:/snap/bin:/home/sash/.vscode-server/extensions/ms-python.debugpy-2025.8.0-linux-x64/bundled/scripts/noConfigScripts', 'XDG_RUNTIME_DIR': '/run/user/1000/', 'DISPLAY': ':0', 'VSCODE_DEBUGPY_ADAPTER_ENDPOINTS': '/home/sash/.vscode-server/extensions/ms-python.debugpy-2025.8.0-linux-x64/.noConfigDebugAdapterEndpoints/endpoint-91b46a9bf0008868.txt', 'LANG': 'en_US.UTF-8', 'VSCODE_GIT_IPC_HANDLE': '/run/user/1000/vscode-git-cd77fc1bd3.sock', 'TERM_PROGRAM': 'vscode', 'AMENT_PREFIX_PATH': '/home/sash/smart_cane_ws/install/smart_cane_interfaces:/home/sash/smart_cane_ws/install/smart_cane_system:/opt/ros/humble', 'SHELL': '/bin/bash', 'VSCODE_GIT_ASKPASS_EXTRA_ARGS': '', 'PWD': '/home/sash/smart_cane_ws/build/smart_cane_system', 'XDG_DATA_DIRS': '/usr/local/share:/usr/share:/var/lib/snapd/desktop', 'PYTHONPATH': '/home/sash/smart_cane_ws/build/smart_cane_system/prefix_override:/usr/lib/python3/dist-packages/colcon_core/task/python/colcon_distutils_commands:/home/sash/smart_cane_ws/install/smart_cane_system/lib/python3.10/site-packages:/home/sash/smart_cane_ws/install/smart_cane_system/lib/python3.10/site-packages:/opt/ros/humble/lib/python3.10/site-packages:/opt/ros/humble/local/lib/python3.10/dist-packages', 'COLCON': '1', 'WSL2_GUI_APPS_ENABLED': '1', 'HOSTTYPE': 'x86_64', 'CMAKE_PREFIX_PATH': '/home/sash/smart_cane_ws/install/smart_cane_interfaces', 'WSLENV': 'ELECTRON_RUN_AS_NODE/w:'}, 'shell': False}
[1.504888] (-) TimerEvent: {}
[1.605393] (-) TimerEvent: {}
[1.705858] (-) TimerEvent: {}
[1.769754] (smart_cane_system) StdoutLine: {'line': b'running egg_info\n'}
[1.771269] (smart_cane_system) StdoutLine: {'line': b'writing ../../build/smart_cane_system/smart_cane_system.egg-info/PKG-INFO\n'}
[1.771661] (smart_cane_system) StdoutLine: {'line': b'writing dependency_links to ../../build/smart_cane_system/smart_cane_system.egg-info/dependency_links.txt\n'}
[1.772168] (smart_cane_system) StdoutLine: {'line': b'writing entry points to ../../build/smart_cane_system/smart_cane_system.egg-info/entry_points.txt\n'}
[1.772697] (smart_cane_system) StdoutLine: {'line': b'writing requirements to ../../build/smart_cane_system/smart_cane_system.egg-info/requires.txt\n'}
[1.773196] (smart_cane_system) StdoutLine: {'line': b'writing top-level names to ../../build/smart_cane_system/smart_cane_system.egg-info/top_level.txt\n'}
[1.775876] (smart_cane_system) StdoutLine: {'line': b"reading manifest file '../../build/smart_cane_system/smart_cane_system.egg-info/SOURCES.txt'\n"}
[1.778044] (smart_cane_system) StdoutLine: {'line': b"writing manifest file '../../build/smart_cane_system/smart_cane_system.egg-info/SOURCES.txt'\n"}
[1.778530] (smart_cane_system) StdoutLine: {'line': b'running build\n'}
[1.778820] (smart_cane_system) StdoutLine: {'line': b'running build_py\n'}
[1.779368] (smart_cane_system) StdoutLine: {'line': b'copying smart_cane_system/camera_node.py -> /home/sash/smart_cane_ws/build/smart_cane_system/build/lib/smart_cane_system\n'}
[1.779915] (smart_cane_system) StdoutLine: {'line': b'copying smart_cane_system/ultrasonic_node.py -> /home/sash/smart_cane_ws/build/smart_cane_system/build/lib/smart_cane_system\n'}
[1.780571] (smart_cane_system) StdoutLine: {'line': b'copying smart_cane_system/detection_node.py -> /home/sash/smart_cane_ws/build/smart_cane_system/build/lib/smart_cane_system\n'}
[1.780811] (smart_cane_system) StdoutLine: {'line': b'copying smart_cane_system/feedback_node.py -> /home/sash/smart_cane_ws/build/smart_cane_system/build/lib/smart_cane_system\n'}
[1.780989] (smart_cane_system) StdoutLine: {'line': b'running install\n'}
[1.781250] (smart_cane_system) StdoutLine: {'line': b'running install_lib\n'}
[1.782375] (smart_cane_system) StdoutLine: {'line': b'copying /home/sash/smart_cane_ws/build/smart_cane_system/build/lib/smart_cane_system/camera_node.py -> /home/sash/smart_cane_ws/install/smart_cane_system/lib/python3.10/site-packages/smart_cane_system\n'}
[1.782796] (smart_cane_system) StdoutLine: {'line': b'copying /home/sash/smart_cane_ws/build/smart_cane_system/build/lib/smart_cane_system/ultrasonic_node.py -> /home/sash/smart_cane_ws/install/smart_cane_system/lib/python3.10/site-packages/smart_cane_system\n'}
[1.783245] (smart_cane_system) StdoutLine: {'line': b'copying /home/sash/smart_cane_ws/build/smart_cane_system/build/lib/smart_cane_system/detection_node.py -> /home/sash/smart_cane_ws/install/smart_cane_system/lib/python3.10/site-packages/smart_cane_system\n'}
[1.783527] (smart_cane_system) StdoutLine: {'line': b'copying /home/sash/smart_cane_ws/build/smart_cane_system/build/lib/smart_cane_system/feedback_node.py -> /home/sash/smart_cane_ws/install/smart_cane_system/lib/python3.10/site-packages/smart_cane_system\n'}
[1.784007] (smart_cane_system) StdoutLine: {'line': b'byte-compiling /home/sash/smart_cane_ws/install/smart_cane_system/lib/python3.10/site-packages/smart_cane_system/camera_node.py to camera_node.cpython-310.pyc\n'}
[1.784337] (smart_cane_system) StdoutLine: {'line': b'byte-compiling /home/sash/smart_cane_ws/install/smart_cane_system/lib/python3.10/site-packages/smart_cane_system/ultrasonic_node.py to ultrasonic_node.cpython-310.pyc\n'}
[1.784764] (smart_cane_system) StdoutLine: {'line': b'byte-compiling /home/sash/smart_cane_ws/install/smart_cane_system/lib/python3.10/site-packages/smart_cane_system/detection_node.py to detection_node.cpython-310.pyc\n'}
[1.785296] (smart_cane_system) StdoutLine: {'line': b'byte-compiling /home/sash/smart_cane_ws/install/smart_cane_system/lib/python3.10/site-packages/smart_cane_system/feedback_node.py to feedback_node.cpython-310.pyc\n'}
[1.785610] (smart_cane_system) StdoutLine: {'line': b'running install_data\n'}
[1.785857] (smart_cane_system) StdoutLine: {'line': b'copying package.xml -> /home/sash/smart_cane_ws/install/smart_cane_system/share/smart_cane_system\n'}
[1.786158] (smart_cane_system) StdoutLine: {'line': b'creating /home/sash/smart_cane_ws/install/smart_cane_system/share/smart_cane_system/launch\n'}
[1.786601] (smart_cane_system) StdoutLine: {'line': b'running install_egg_info\n'}
[1.789598] (smart_cane_system) StdoutLine: {'line': b"removing '/home/sash/smart_cane_ws/install/smart_cane_system/lib/python3.10/site-packages/smart_cane_system-0.0.0-py3.10.egg-info' (and everything under it)\n"}
[1.790135] (smart_cane_system) StdoutLine: {'line': b'Copying ../../build/smart_cane_system/smart_cane_system.egg-info to /home/sash/smart_cane_ws/install/smart_cane_system/lib/python3.10/site-packages/smart_cane_system-0.0.0-py3.10.egg-info\n'}
[1.791469] (smart_cane_system) StdoutLine: {'line': b'running install_scripts\n'}
[1.806030] (-) TimerEvent: {}
[1.818558] (smart_cane_system) StdoutLine: {'line': b"writing list of installed files to '/home/sash/smart_cane_ws/build/smart_cane_system/install.log'\n"}
[1.872950] (smart_cane_system) CommandEnded: {'returncode': 0}
[1.883977] (smart_cane_system) JobEnded: {'identifier': 'smart_cane_system', 'rc': 0}
[1.886247] (-) EventReactorShutdown: {}
