[2.799s] DEBUG:colcon:Command line arguments: ['/usr/bin/colcon', 'build']
[2.800s] DEBUG:colcon:Parsed command line arguments: Namespace(log_base=None, log_level=None, verb_name='build', build_base='build', install_base='install', merge_install=False, symlink_install=False, test_result_base=None, continue_on_error=False, executor='parallel', parallel_workers=4, event_handlers=None, ignore_user_meta=False, metas=['./colcon.meta'], base_paths=['.'], packages_ignore=None, packages_ignore_regex=None, paths=None, packages_up_to=None, packages_up_to_regex=None, packages_above=None, packages_above_and_dependencies=None, packages_above_depth=None, packages_select_by_dep=None, packages_skip_by_dep=None, packages_skip_up_to=None, packages_select_build_failed=False, packages_skip_build_finished=False, packages_select_test_failures=False, packages_skip_test_passed=False, packages_select=None, packages_skip=None, packages_select_regex=None, packages_skip_regex=None, packages_start=None, packages_end=None, allow_overriding=[], cmake_args=None, cmake_target=None, cmake_target_skip_unavailable=False, cmake_clean_cache=False, cmake_clean_first=False, cmake_force_configure=False, ament_cmake_args=None, catkin_cmake_args=None, catkin_skip_building_tests=False, verb_parser=<colcon_defaults.argument_parser.defaults.DefaultArgumentsDecorator object at 0x7318f13f7910>, verb_extension=<colcon_core.verb.build.BuildVerb object at 0x7318f15c06d0>, main=<bound method BuildVerb.main of <colcon_core.verb.build.BuildVerb object at 0x7318f15c06d0>>)
[7.481s] Level 1:colcon.colcon_core.package_discovery:discover_packages(colcon_meta) check parameters
[7.482s] Level 1:colcon.colcon_core.package_discovery:discover_packages(recursive) check parameters
[7.482s] Level 1:colcon.colcon_core.package_discovery:discover_packages(ignore) check parameters
[7.482s] Level 1:colcon.colcon_core.package_discovery:discover_packages(path) check parameters
[7.482s] Level 1:colcon.colcon_core.package_discovery:discover_packages(colcon_meta) discover
[7.482s] Level 1:colcon.colcon_core.package_discovery:discover_packages(recursive) discover
[7.482s] INFO:colcon.colcon_core.package_discovery:Crawling recursively for packages in '/home/sash/smart_cane_ws/src'
[7.483s] Level 1:colcon.colcon_core.package_identification:_identify(.) by extensions ['ignore', 'ignore_ament_install']
[7.483s] Level 1:colcon.colcon_core.package_identification:_identify(.) by extension 'ignore'
[7.483s] Level 1:colcon.colcon_core.package_identification:_identify(.) by extension 'ignore_ament_install'
[7.483s] Level 1:colcon.colcon_core.package_identification:_identify(.) by extensions ['colcon_pkg']
[7.484s] Level 1:colcon.colcon_core.package_identification:_identify(.) by extension 'colcon_pkg'
[7.484s] Level 1:colcon.colcon_core.package_identification:_identify(.) by extensions ['colcon_meta']
[7.484s] Level 1:colcon.colcon_core.package_identification:_identify(.) by extension 'colcon_meta'
[7.484s] Level 1:colcon.colcon_core.package_identification:_identify(.) by extensions ['ros']
[7.484s] Level 1:colcon.colcon_core.package_identification:_identify(.) by extension 'ros'
[7.542s] Level 1:colcon.colcon_core.package_identification:_identify(.) by extensions ['cmake', 'python']
[7.543s] Level 1:colcon.colcon_core.package_identification:_identify(.) by extension 'cmake'
[7.543s] Level 1:colcon.colcon_core.package_identification:_identify(.) by extension 'python'
[7.543s] Level 1:colcon.colcon_core.package_identification:_identify(.) by extensions ['python_setup_py']
[7.543s] Level 1:colcon.colcon_core.package_identification:_identify(.) by extension 'python_setup_py'
[7.543s] Level 1:colcon.colcon_core.package_identification:_identify(build) by extensions ['ignore', 'ignore_ament_install']
[7.544s] Level 1:colcon.colcon_core.package_identification:_identify(build) by extension 'ignore'
[7.544s] Level 1:colcon.colcon_core.package_identification:_identify(build) ignored
[7.544s] Level 1:colcon.colcon_core.package_identification:_identify(install) by extensions ['ignore', 'ignore_ament_install']
[7.545s] Level 1:colcon.colcon_core.package_identification:_identify(install) by extension 'ignore'
[7.545s] Level 1:colcon.colcon_core.package_identification:_identify(install) ignored
[7.545s] Level 1:colcon.colcon_core.package_identification:_identify(log) by extensions ['ignore', 'ignore_ament_install']
[7.545s] Level 1:colcon.colcon_core.package_identification:_identify(log) by extension 'ignore'
[7.545s] Level 1:colcon.colcon_core.package_identification:_identify(log) ignored
[7.546s] Level 1:colcon.colcon_core.package_identification:_identify(smart_cane_interfaces) by extensions ['ignore', 'ignore_ament_install']
[7.546s] Level 1:colcon.colcon_core.package_identification:_identify(smart_cane_interfaces) by extension 'ignore'
[7.546s] Level 1:colcon.colcon_core.package_identification:_identify(smart_cane_interfaces) by extension 'ignore_ament_install'
[7.546s] Level 1:colcon.colcon_core.package_identification:_identify(smart_cane_interfaces) by extensions ['colcon_pkg']
[7.547s] Level 1:colcon.colcon_core.package_identification:_identify(smart_cane_interfaces) by extension 'colcon_pkg'
[7.547s] Level 1:colcon.colcon_core.package_identification:_identify(smart_cane_interfaces) by extensions ['colcon_meta']
[7.547s] Level 1:colcon.colcon_core.package_identification:_identify(smart_cane_interfaces) by extension 'colcon_meta'
[7.547s] Level 1:colcon.colcon_core.package_identification:_identify(smart_cane_interfaces) by extensions ['ros']
[7.547s] Level 1:colcon.colcon_core.package_identification:_identify(smart_cane_interfaces) by extension 'ros'
[7.577s] DEBUG:colcon.colcon_core.package_identification:Package 'smart_cane_interfaces' with type 'ros.ament_cmake' and name 'smart_cane_interfaces'
[7.578s] Level 1:colcon.colcon_core.package_identification:_identify(smart_cane_system) by extensions ['ignore', 'ignore_ament_install']
[7.578s] Level 1:colcon.colcon_core.package_identification:_identify(smart_cane_system) by extension 'ignore'
[7.578s] Level 1:colcon.colcon_core.package_identification:_identify(smart_cane_system) by extension 'ignore_ament_install'
[7.579s] Level 1:colcon.colcon_core.package_identification:_identify(smart_cane_system) by extensions ['colcon_pkg']
[7.579s] Level 1:colcon.colcon_core.package_identification:_identify(smart_cane_system) by extension 'colcon_pkg'
[7.579s] Level 1:colcon.colcon_core.package_identification:_identify(smart_cane_system) by extensions ['colcon_meta']
[7.579s] Level 1:colcon.colcon_core.package_identification:_identify(smart_cane_system) by extension 'colcon_meta'
[7.579s] Level 1:colcon.colcon_core.package_identification:_identify(smart_cane_system) by extensions ['ros']
[7.579s] Level 1:colcon.colcon_core.package_identification:_identify(smart_cane_system) by extension 'ros'
[7.594s] DEBUG:colcon.colcon_core.package_identification:Package 'smart_cane_system' with type 'ros.ament_python' and name 'smart_cane_system'
[7.595s] Level 1:colcon.colcon_core.package_discovery:discover_packages(recursive) using defaults
[7.595s] Level 1:colcon.colcon_core.package_discovery:discover_packages(ignore) discover
[7.595s] Level 1:colcon.colcon_core.package_discovery:discover_packages(ignore) using defaults
[7.595s] Level 1:colcon.colcon_core.package_discovery:discover_packages(path) discover
[7.595s] Level 1:colcon.colcon_core.package_discovery:discover_packages(path) using defaults
[7.755s] Level 1:colcon.colcon_core.package_discovery:discover_packages(prefix_path) check parameters
[7.755s] Level 1:colcon.colcon_core.package_discovery:discover_packages(prefix_path) discover
[7.779s] DEBUG:colcon.colcon_installed_package_information.package_discovery:Found 2 installed packages in /home/sash/smart_cane_ws/install
[7.782s] DEBUG:colcon.colcon_installed_package_information.package_discovery:Found 272 installed packages in /opt/ros/humble
[7.785s] Level 1:colcon.colcon_core.package_discovery:discover_packages(prefix_path) using defaults
[7.975s] Level 5:colcon.colcon_core.verb:set package 'smart_cane_interfaces' build argument 'cmake_args' from command line to 'None'
[7.975s] Level 5:colcon.colcon_core.verb:set package 'smart_cane_interfaces' build argument 'cmake_target' from command line to 'None'
[7.975s] Level 5:colcon.colcon_core.verb:set package 'smart_cane_interfaces' build argument 'cmake_target_skip_unavailable' from command line to 'False'
[7.975s] Level 5:colcon.colcon_core.verb:set package 'smart_cane_interfaces' build argument 'cmake_clean_cache' from command line to 'False'
[7.975s] Level 5:colcon.colcon_core.verb:set package 'smart_cane_interfaces' build argument 'cmake_clean_first' from command line to 'False'
[7.975s] Level 5:colcon.colcon_core.verb:set package 'smart_cane_interfaces' build argument 'cmake_force_configure' from command line to 'False'
[7.976s] Level 5:colcon.colcon_core.verb:set package 'smart_cane_interfaces' build argument 'ament_cmake_args' from command line to 'None'
[7.976s] Level 5:colcon.colcon_core.verb:set package 'smart_cane_interfaces' build argument 'catkin_cmake_args' from command line to 'None'
[7.976s] Level 5:colcon.colcon_core.verb:set package 'smart_cane_interfaces' build argument 'catkin_skip_building_tests' from command line to 'False'
[7.976s] DEBUG:colcon.colcon_core.verb:Building package 'smart_cane_interfaces' with the following arguments: {'ament_cmake_args': None, 'build_base': '/home/sash/smart_cane_ws/src/build/smart_cane_interfaces', 'catkin_cmake_args': None, 'catkin_skip_building_tests': False, 'cmake_args': None, 'cmake_clean_cache': False, 'cmake_clean_first': False, 'cmake_force_configure': False, 'cmake_target': None, 'cmake_target_skip_unavailable': False, 'install_base': '/home/sash/smart_cane_ws/src/install/smart_cane_interfaces', 'merge_install': False, 'path': '/home/sash/smart_cane_ws/src/smart_cane_interfaces', 'symlink_install': False, 'test_result_base': None}
[7.977s] Level 5:colcon.colcon_core.verb:set package 'smart_cane_system' build argument 'cmake_args' from command line to 'None'
[7.977s] Level 5:colcon.colcon_core.verb:set package 'smart_cane_system' build argument 'cmake_target' from command line to 'None'
[7.977s] Level 5:colcon.colcon_core.verb:set package 'smart_cane_system' build argument 'cmake_target_skip_unavailable' from command line to 'False'
[7.977s] Level 5:colcon.colcon_core.verb:set package 'smart_cane_system' build argument 'cmake_clean_cache' from command line to 'False'
[7.977s] Level 5:colcon.colcon_core.verb:set package 'smart_cane_system' build argument 'cmake_clean_first' from command line to 'False'
[7.977s] Level 5:colcon.colcon_core.verb:set package 'smart_cane_system' build argument 'cmake_force_configure' from command line to 'False'
[7.977s] Level 5:colcon.colcon_core.verb:set package 'smart_cane_system' build argument 'ament_cmake_args' from command line to 'None'
[7.977s] Level 5:colcon.colcon_core.verb:set package 'smart_cane_system' build argument 'catkin_cmake_args' from command line to 'None'
[7.978s] Level 5:colcon.colcon_core.verb:set package 'smart_cane_system' build argument 'catkin_skip_building_tests' from command line to 'False'
[7.978s] DEBUG:colcon.colcon_core.verb:Building package 'smart_cane_system' with the following arguments: {'ament_cmake_args': None, 'build_base': '/home/sash/smart_cane_ws/src/build/smart_cane_system', 'catkin_cmake_args': None, 'catkin_skip_building_tests': False, 'cmake_args': None, 'cmake_clean_cache': False, 'cmake_clean_first': False, 'cmake_force_configure': False, 'cmake_target': None, 'cmake_target_skip_unavailable': False, 'install_base': '/home/sash/smart_cane_ws/src/install/smart_cane_system', 'merge_install': False, 'path': '/home/sash/smart_cane_ws/src/smart_cane_system', 'symlink_install': False, 'test_result_base': None}
[7.978s] INFO:colcon.colcon_core.executor:Executing jobs using 'parallel' executor
[7.980s] DEBUG:colcon.colcon_parallel_executor.executor.parallel:run_until_complete
[7.981s] INFO:colcon.colcon_ros.task.ament_cmake.build:Building ROS package in '/home/sash/smart_cane_ws/src/smart_cane_interfaces' with build type 'ament_cmake'
[7.982s] INFO:colcon.colcon_cmake.task.cmake.build:Building CMake package in '/home/sash/smart_cane_ws/src/smart_cane_interfaces'
[8.011s] INFO:colcon.colcon_core.plugin_system:Skipping extension 'colcon_core.shell.bat': Not used on non-Windows systems
[8.012s] INFO:colcon.colcon_core.shell:Skip shell extension 'powershell' for command environment: Not usable outside of PowerShell
[8.013s] DEBUG:colcon.colcon_core.shell:Skip shell extension 'dsv' for command environment
[8.251s] DEBUG:colcon.colcon_core.event_handler.log_command:Invoking command in '/home/sash/smart_cane_ws/src/build/smart_cane_interfaces': CMAKE_PREFIX_PATH=${CMAKE_PREFIX_PATH}:/home/sash/smart_cane_ws/install/smart_cane_system:/opt/ros/humble /usr/bin/cmake /home/sash/smart_cane_ws/src/smart_cane_interfaces -DCMAKE_INSTALL_PREFIX=/home/sash/smart_cane_ws/src/install/smart_cane_interfaces
[16.939s] DEBUG:colcon.colcon_core.event_handler.log_command:Invoked command in '/home/sash/smart_cane_ws/src/build/smart_cane_interfaces' returned '0': CMAKE_PREFIX_PATH=${CMAKE_PREFIX_PATH}:/home/sash/smart_cane_ws/install/smart_cane_system:/opt/ros/humble /usr/bin/cmake /home/sash/smart_cane_ws/src/smart_cane_interfaces -DCMAKE_INSTALL_PREFIX=/home/sash/smart_cane_ws/src/install/smart_cane_interfaces
[16.947s] DEBUG:colcon.colcon_core.event_handler.log_command:Invoking command in '/home/sash/smart_cane_ws/src/build/smart_cane_interfaces': CMAKE_PREFIX_PATH=${CMAKE_PREFIX_PATH}:/home/sash/smart_cane_ws/install/smart_cane_system:/opt/ros/humble /usr/bin/cmake --build /home/sash/smart_cane_ws/src/build/smart_cane_interfaces -- -j4 -l4
[34.561s] DEBUG:colcon.colcon_core.event_handler.log_command:Invoked command in '/home/sash/smart_cane_ws/src/build/smart_cane_interfaces' returned '0': CMAKE_PREFIX_PATH=${CMAKE_PREFIX_PATH}:/home/sash/smart_cane_ws/install/smart_cane_system:/opt/ros/humble /usr/bin/cmake --build /home/sash/smart_cane_ws/src/build/smart_cane_interfaces -- -j4 -l4
[34.587s] DEBUG:colcon.colcon_core.event_handler.log_command:Invoking command in '/home/sash/smart_cane_ws/src/build/smart_cane_interfaces': CMAKE_PREFIX_PATH=${CMAKE_PREFIX_PATH}:/home/sash/smart_cane_ws/install/smart_cane_system:/opt/ros/humble /usr/bin/cmake --install /home/sash/smart_cane_ws/src/build/smart_cane_interfaces
[34.750s] Level 1:colcon.colcon_core.environment:create_environment_scripts_only(smart_cane_interfaces)
[34.753s] DEBUG:colcon.colcon_core.event_handler.log_command:Invoked command in '/home/sash/smart_cane_ws/src/build/smart_cane_interfaces' returned '0': CMAKE_PREFIX_PATH=${CMAKE_PREFIX_PATH}:/home/sash/smart_cane_ws/install/smart_cane_system:/opt/ros/humble /usr/bin/cmake --install /home/sash/smart_cane_ws/src/build/smart_cane_interfaces
[34.795s] Level 1:colcon.colcon_core.environment:checking '/home/sash/smart_cane_ws/src/install/smart_cane_interfaces' for CMake module files
[34.797s] Level 1:colcon.colcon_core.environment:checking '/home/sash/smart_cane_ws/src/install/smart_cane_interfaces' for CMake config files
[34.798s] Level 1:colcon.colcon_core.shell:create_environment_hook('smart_cane_interfaces', 'cmake_prefix_path')
[34.799s] INFO:colcon.colcon_core.shell:Creating environment hook '/home/sash/smart_cane_ws/src/install/smart_cane_interfaces/share/smart_cane_interfaces/hook/cmake_prefix_path.ps1'
[34.808s] INFO:colcon.colcon_core.shell:Creating environment descriptor '/home/sash/smart_cane_ws/src/install/smart_cane_interfaces/share/smart_cane_interfaces/hook/cmake_prefix_path.dsv'
[34.824s] INFO:colcon.colcon_core.shell:Creating environment hook '/home/sash/smart_cane_ws/src/install/smart_cane_interfaces/share/smart_cane_interfaces/hook/cmake_prefix_path.sh'
[34.831s] Level 1:colcon.colcon_core.environment:checking '/home/sash/smart_cane_ws/src/install/smart_cane_interfaces/lib'
[34.835s] Level 1:colcon.colcon_core.shell:create_environment_hook('smart_cane_interfaces', 'ld_library_path_lib')
[34.837s] INFO:colcon.colcon_core.shell:Creating environment hook '/home/sash/smart_cane_ws/src/install/smart_cane_interfaces/share/smart_cane_interfaces/hook/ld_library_path_lib.ps1'
[34.839s] INFO:colcon.colcon_core.shell:Creating environment descriptor '/home/sash/smart_cane_ws/src/install/smart_cane_interfaces/share/smart_cane_interfaces/hook/ld_library_path_lib.dsv'
[34.842s] INFO:colcon.colcon_core.shell:Creating environment hook '/home/sash/smart_cane_ws/src/install/smart_cane_interfaces/share/smart_cane_interfaces/hook/ld_library_path_lib.sh'
[34.843s] Level 1:colcon.colcon_core.environment:checking '/home/sash/smart_cane_ws/src/install/smart_cane_interfaces/bin'
[34.844s] Level 1:colcon.colcon_core.environment:checking '/home/sash/smart_cane_ws/src/install/smart_cane_interfaces/lib/pkgconfig/smart_cane_interfaces.pc'
[34.844s] Level 1:colcon.colcon_core.environment:checking '/home/sash/smart_cane_ws/src/install/smart_cane_interfaces/lib/python3.10/site-packages'
[34.845s] Level 1:colcon.colcon_core.environment:checking '/home/sash/smart_cane_ws/src/install/smart_cane_interfaces/bin'
[34.846s] INFO:colcon.colcon_core.shell:Creating package script '/home/sash/smart_cane_ws/src/install/smart_cane_interfaces/share/smart_cane_interfaces/package.ps1'
[34.853s] INFO:colcon.colcon_core.shell:Creating package descriptor '/home/sash/smart_cane_ws/src/install/smart_cane_interfaces/share/smart_cane_interfaces/package.dsv'
[34.860s] INFO:colcon.colcon_core.shell:Creating package script '/home/sash/smart_cane_ws/src/install/smart_cane_interfaces/share/smart_cane_interfaces/package.sh'
[34.865s] INFO:colcon.colcon_core.shell:Creating package script '/home/sash/smart_cane_ws/src/install/smart_cane_interfaces/share/smart_cane_interfaces/package.bash'
[34.885s] INFO:colcon.colcon_core.shell:Creating package script '/home/sash/smart_cane_ws/src/install/smart_cane_interfaces/share/smart_cane_interfaces/package.zsh'
[34.899s] Level 1:colcon.colcon_core.environment:create_file_with_runtime_dependencies(/home/sash/smart_cane_ws/src/install/smart_cane_interfaces/share/colcon-core/packages/smart_cane_interfaces)
[34.903s] Level 1:colcon.colcon_core.environment:create_environment_scripts_only(smart_cane_interfaces)
[34.904s] Level 1:colcon.colcon_core.environment:checking '/home/sash/smart_cane_ws/src/install/smart_cane_interfaces' for CMake module files
[34.905s] Level 1:colcon.colcon_core.environment:checking '/home/sash/smart_cane_ws/src/install/smart_cane_interfaces' for CMake config files
[34.906s] Level 1:colcon.colcon_core.shell:create_environment_hook('smart_cane_interfaces', 'cmake_prefix_path')
[34.907s] INFO:colcon.colcon_core.shell:Creating environment hook '/home/sash/smart_cane_ws/src/install/smart_cane_interfaces/share/smart_cane_interfaces/hook/cmake_prefix_path.ps1'
[34.908s] INFO:colcon.colcon_core.shell:Creating environment descriptor '/home/sash/smart_cane_ws/src/install/smart_cane_interfaces/share/smart_cane_interfaces/hook/cmake_prefix_path.dsv'
[34.909s] INFO:colcon.colcon_core.shell:Creating environment hook '/home/sash/smart_cane_ws/src/install/smart_cane_interfaces/share/smart_cane_interfaces/hook/cmake_prefix_path.sh'
[34.911s] Level 1:colcon.colcon_core.environment:checking '/home/sash/smart_cane_ws/src/install/smart_cane_interfaces/lib'
[34.911s] Level 1:colcon.colcon_core.shell:create_environment_hook('smart_cane_interfaces', 'ld_library_path_lib')
[34.912s] INFO:colcon.colcon_core.shell:Creating environment hook '/home/sash/smart_cane_ws/src/install/smart_cane_interfaces/share/smart_cane_interfaces/hook/ld_library_path_lib.ps1'
[34.913s] INFO:colcon.colcon_core.shell:Creating environment descriptor '/home/sash/smart_cane_ws/src/install/smart_cane_interfaces/share/smart_cane_interfaces/hook/ld_library_path_lib.dsv'
[34.915s] INFO:colcon.colcon_core.shell:Creating environment hook '/home/sash/smart_cane_ws/src/install/smart_cane_interfaces/share/smart_cane_interfaces/hook/ld_library_path_lib.sh'
[34.917s] Level 1:colcon.colcon_core.environment:checking '/home/sash/smart_cane_ws/src/install/smart_cane_interfaces/bin'
[34.917s] Level 1:colcon.colcon_core.environment:checking '/home/sash/smart_cane_ws/src/install/smart_cane_interfaces/lib/pkgconfig/smart_cane_interfaces.pc'
[34.918s] Level 1:colcon.colcon_core.environment:checking '/home/sash/smart_cane_ws/src/install/smart_cane_interfaces/lib/python3.10/site-packages'
[34.919s] Level 1:colcon.colcon_core.environment:checking '/home/sash/smart_cane_ws/src/install/smart_cane_interfaces/bin'
[34.921s] INFO:colcon.colcon_core.shell:Creating package script '/home/sash/smart_cane_ws/src/install/smart_cane_interfaces/share/smart_cane_interfaces/package.ps1'
[34.925s] INFO:colcon.colcon_core.shell:Creating package descriptor '/home/sash/smart_cane_ws/src/install/smart_cane_interfaces/share/smart_cane_interfaces/package.dsv'
[34.927s] INFO:colcon.colcon_core.shell:Creating package script '/home/sash/smart_cane_ws/src/install/smart_cane_interfaces/share/smart_cane_interfaces/package.sh'
[34.930s] INFO:colcon.colcon_core.shell:Creating package script '/home/sash/smart_cane_ws/src/install/smart_cane_interfaces/share/smart_cane_interfaces/package.bash'
[34.934s] INFO:colcon.colcon_core.shell:Creating package script '/home/sash/smart_cane_ws/src/install/smart_cane_interfaces/share/smart_cane_interfaces/package.zsh'
[34.936s] Level 1:colcon.colcon_core.environment:create_file_with_runtime_dependencies(/home/sash/smart_cane_ws/src/install/smart_cane_interfaces/share/colcon-core/packages/smart_cane_interfaces)
[34.945s] INFO:colcon.colcon_ros.task.ament_python.build:Building ROS package in '/home/sash/smart_cane_ws/src/smart_cane_system' with build type 'ament_python'
[34.946s] Level 1:colcon.colcon_core.shell:create_environment_hook('smart_cane_system', 'ament_prefix_path')
[34.947s] INFO:colcon.colcon_core.shell:Creating environment hook '/home/sash/smart_cane_ws/src/install/smart_cane_system/share/smart_cane_system/hook/ament_prefix_path.ps1'
[34.959s] INFO:colcon.colcon_core.shell:Creating environment descriptor '/home/sash/smart_cane_ws/src/install/smart_cane_system/share/smart_cane_system/hook/ament_prefix_path.dsv'
[34.961s] INFO:colcon.colcon_core.shell:Creating environment hook '/home/sash/smart_cane_ws/src/install/smart_cane_system/share/smart_cane_system/hook/ament_prefix_path.sh'
[34.964s] INFO:colcon.colcon_core.shell:Skip shell extension 'powershell' for command environment: Not usable outside of PowerShell
[34.964s] DEBUG:colcon.colcon_core.shell:Skip shell extension 'dsv' for command environment
[36.290s] INFO:colcon.colcon_core.task.python.build:Building Python package in '/home/sash/smart_cane_ws/src/smart_cane_system'
[36.291s] INFO:colcon.colcon_core.shell:Skip shell extension 'powershell' for command environment: Not usable outside of PowerShell
[36.291s] DEBUG:colcon.colcon_core.shell:Skip shell extension 'dsv' for command environment
[41.068s] DEBUG:colcon.colcon_core.event_handler.log_command:Invoking command in '/home/sash/smart_cane_ws/src/smart_cane_system': AMENT_PREFIX_PATH=/home/sash/smart_cane_ws/src/install/smart_cane_interfaces:${AMENT_PREFIX_PATH} CMAKE_PREFIX_PATH=/home/sash/smart_cane_ws/src/install/smart_cane_interfaces:${CMAKE_PREFIX_PATH} LD_LIBRARY_PATH=/home/sash/smart_cane_ws/src/install/smart_cane_interfaces/lib:${LD_LIBRARY_PATH} PYTHONPATH=/home/sash/smart_cane_ws/src/build/smart_cane_system/prefix_override:/usr/lib/python3/dist-packages/colcon_core/task/python/colcon_distutils_commands:/home/sash/smart_cane_ws/src/install/smart_cane_system/lib/python3.10/site-packages:${PYTHONPATH} /usr/bin/python3 -W ignore:setup.py install is deprecated -W ignore:easy_install command is deprecated setup.py egg_info --egg-base ../build/smart_cane_system build --build-base /home/sash/smart_cane_ws/src/build/smart_cane_system/build install --record /home/sash/smart_cane_ws/src/build/smart_cane_system/install.log --single-version-externally-managed install_data
[42.187s] Level 1:colcon.colcon_core.environment:checking '/home/sash/smart_cane_ws/src/install/smart_cane_system' for CMake module files
[42.189s] DEBUG:colcon.colcon_core.event_handler.log_command:Invoked command in '/home/sash/smart_cane_ws/src/smart_cane_system' returned '0': AMENT_PREFIX_PATH=/home/sash/smart_cane_ws/src/install/smart_cane_interfaces:${AMENT_PREFIX_PATH} CMAKE_PREFIX_PATH=/home/sash/smart_cane_ws/src/install/smart_cane_interfaces:${CMAKE_PREFIX_PATH} LD_LIBRARY_PATH=/home/sash/smart_cane_ws/src/install/smart_cane_interfaces/lib:${LD_LIBRARY_PATH} PYTHONPATH=/home/sash/smart_cane_ws/src/build/smart_cane_system/prefix_override:/usr/lib/python3/dist-packages/colcon_core/task/python/colcon_distutils_commands:/home/sash/smart_cane_ws/src/install/smart_cane_system/lib/python3.10/site-packages:${PYTHONPATH} /usr/bin/python3 -W ignore:setup.py install is deprecated -W ignore:easy_install command is deprecated setup.py egg_info --egg-base ../build/smart_cane_system build --build-base /home/sash/smart_cane_ws/src/build/smart_cane_system/build install --record /home/sash/smart_cane_ws/src/build/smart_cane_system/install.log --single-version-externally-managed install_data
[42.190s] Level 1:colcon.colcon_core.environment:checking '/home/sash/smart_cane_ws/src/install/smart_cane_system' for CMake config files
[42.191s] Level 1:colcon.colcon_core.environment:checking '/home/sash/smart_cane_ws/src/install/smart_cane_system/lib'
[42.192s] Level 1:colcon.colcon_core.environment:checking '/home/sash/smart_cane_ws/src/install/smart_cane_system/bin'
[42.192s] Level 1:colcon.colcon_core.environment:checking '/home/sash/smart_cane_ws/src/install/smart_cane_system/lib/pkgconfig/smart_cane_system.pc'
[42.193s] Level 1:colcon.colcon_core.environment:checking '/home/sash/smart_cane_ws/src/install/smart_cane_system/lib/python3.10/site-packages'
[42.194s] Level 1:colcon.colcon_core.shell:create_environment_hook('smart_cane_system', 'pythonpath')
[42.194s] INFO:colcon.colcon_core.shell:Creating environment hook '/home/sash/smart_cane_ws/src/install/smart_cane_system/share/smart_cane_system/hook/pythonpath.ps1'
[42.196s] INFO:colcon.colcon_core.shell:Creating environment descriptor '/home/sash/smart_cane_ws/src/install/smart_cane_system/share/smart_cane_system/hook/pythonpath.dsv'
[42.197s] INFO:colcon.colcon_core.shell:Creating environment hook '/home/sash/smart_cane_ws/src/install/smart_cane_system/share/smart_cane_system/hook/pythonpath.sh'
[42.199s] Level 1:colcon.colcon_core.environment:checking '/home/sash/smart_cane_ws/src/install/smart_cane_system/bin'
[42.199s] Level 1:colcon.colcon_core.environment:create_environment_scripts_only(smart_cane_system)
[42.200s] INFO:colcon.colcon_core.shell:Creating package script '/home/sash/smart_cane_ws/src/install/smart_cane_system/share/smart_cane_system/package.ps1'
[42.202s] INFO:colcon.colcon_core.shell:Creating package descriptor '/home/sash/smart_cane_ws/src/install/smart_cane_system/share/smart_cane_system/package.dsv'
[42.203s] INFO:colcon.colcon_core.shell:Creating package script '/home/sash/smart_cane_ws/src/install/smart_cane_system/share/smart_cane_system/package.sh'
[42.205s] INFO:colcon.colcon_core.shell:Creating package script '/home/sash/smart_cane_ws/src/install/smart_cane_system/share/smart_cane_system/package.bash'
[42.206s] INFO:colcon.colcon_core.shell:Creating package script '/home/sash/smart_cane_ws/src/install/smart_cane_system/share/smart_cane_system/package.zsh'
[42.207s] Level 1:colcon.colcon_core.environment:create_file_with_runtime_dependencies(/home/sash/smart_cane_ws/src/install/smart_cane_system/share/colcon-core/packages/smart_cane_system)
[42.210s] DEBUG:colcon.colcon_parallel_executor.executor.parallel:closing loop
[42.211s] DEBUG:colcon.colcon_parallel_executor.executor.parallel:loop closed
[42.212s] DEBUG:colcon.colcon_parallel_executor.executor.parallel:run_until_complete finished with '0'
[42.212s] DEBUG:colcon.colcon_core.event_reactor:joining thread
[42.337s] INFO:colcon.colcon_core.plugin_system:Skipping extension 'colcon_notification.desktop_notification.notify_send': Could not find 'notify-send'
[42.337s] INFO:colcon.colcon_core.plugin_system:Skipping extension 'colcon_notification.desktop_notification.terminal_notifier': Not used on non-Darwin systems
[42.338s] INFO:colcon.colcon_core.plugin_system:Skipping extension 'colcon_notification.desktop_notification.win32': Not used on non-Windows systems
[42.338s] INFO:colcon.colcon_notification.desktop_notification:Sending desktop notification using 'notify2'
[42.339s] DEBUG:colcon.colcon_notification.desktop_notification.notify2:Failed to initialize notify2: org.freedesktop.DBus.Error.FileNotFound: Failed to connect to socket /run/user/1000/bus: No such file or directory
[42.340s] DEBUG:colcon.colcon_core.event_reactor:joined thread
[42.340s] INFO:colcon.colcon_core.shell:Creating prefix script '/home/sash/smart_cane_ws/src/install/local_setup.ps1'
[42.358s] INFO:colcon.colcon_core.shell:Creating prefix util module '/home/sash/smart_cane_ws/src/install/_local_setup_util_ps1.py'
[42.375s] INFO:colcon.colcon_core.shell:Creating prefix chain script '/home/sash/smart_cane_ws/src/install/setup.ps1'
[42.380s] INFO:colcon.colcon_core.shell:Creating prefix script '/home/sash/smart_cane_ws/src/install/local_setup.sh'
[42.385s] INFO:colcon.colcon_core.shell:Creating prefix util module '/home/sash/smart_cane_ws/src/install/_local_setup_util_sh.py'
[42.387s] INFO:colcon.colcon_core.shell:Creating prefix chain script '/home/sash/smart_cane_ws/src/install/setup.sh'
[42.392s] INFO:colcon.colcon_core.shell:Creating prefix script '/home/sash/smart_cane_ws/src/install/local_setup.bash'
[42.420s] INFO:colcon.colcon_core.shell:Creating prefix chain script '/home/sash/smart_cane_ws/src/install/setup.bash'
[42.425s] INFO:colcon.colcon_core.shell:Creating prefix script '/home/sash/smart_cane_ws/src/install/local_setup.zsh'
[42.435s] INFO:colcon.colcon_core.shell:Creating prefix chain script '/home/sash/smart_cane_ws/src/install/setup.zsh'
