[1.048s] Invoking command in '/home/sash/smart_cane_ws/src/smart_cane_system': PYTHONPATH=/home/sash/smart_cane_ws/build/smart_cane_system/prefix_override:/usr/lib/python3/dist-packages/colcon_core/task/python/colcon_distutils_commands:/home/sash/smart_cane_ws/install/smart_cane_system/lib/python3.10/site-packages:${PYTHONPATH} /usr/bin/python3 -W ignore:setup.py install is deprecated -W ignore:easy_install command is deprecated setup.py egg_info --egg-base ../../build/smart_cane_system build --build-base /home/sash/smart_cane_ws/build/smart_cane_system/build install --record /home/sash/smart_cane_ws/build/smart_cane_system/install.log --single-version-externally-managed install_data
[1.534s] running egg_info
[1.535s] writing ../../build/smart_cane_system/smart_cane_system.egg-info/PKG-INFO
[1.536s] writing dependency_links to ../../build/smart_cane_system/smart_cane_system.egg-info/dependency_links.txt
[1.536s] writing entry points to ../../build/smart_cane_system/smart_cane_system.egg-info/entry_points.txt
[1.536s] writing requirements to ../../build/smart_cane_system/smart_cane_system.egg-info/requires.txt
[1.536s] writing top-level names to ../../build/smart_cane_system/smart_cane_system.egg-info/top_level.txt
[1.539s] reading manifest file '../../build/smart_cane_system/smart_cane_system.egg-info/SOURCES.txt'
[1.541s] writing manifest file '../../build/smart_cane_system/smart_cane_system.egg-info/SOURCES.txt'
[1.541s] running build
[1.541s] running build_py
[1.542s] running install
[1.542s] running install_lib
[1.548s] running install_data
[1.549s] copying package.xml -> /home/sash/smart_cane_ws/install/smart_cane_system/share/smart_cane_system
[1.550s] running install_egg_info
[1.554s] removing '/home/sash/smart_cane_ws/install/smart_cane_system/lib/python3.10/site-packages/smart_cane_system-0.0.0-py3.10.egg-info' (and everything under it)
[1.554s] Copying ../../build/smart_cane_system/smart_cane_system.egg-info to /home/sash/smart_cane_ws/install/smart_cane_system/lib/python3.10/site-packages/smart_cane_system-0.0.0-py3.10.egg-info
[1.555s] running install_scripts
[1.581s] writing list of installed files to '/home/sash/smart_cane_ws/build/smart_cane_system/install.log'
[1.622s] Invoked command in '/home/sash/smart_cane_ws/src/smart_cane_system' returned '0': PYTHONPATH=/home/sash/smart_cane_ws/build/smart_cane_system/prefix_override:/usr/lib/python3/dist-packages/colcon_core/task/python/colcon_distutils_commands:/home/sash/smart_cane_ws/install/smart_cane_system/lib/python3.10/site-packages:${PYTHONPATH} /usr/bin/python3 -W ignore:setup.py install is deprecated -W ignore:easy_install command is deprecated setup.py egg_info --egg-base ../../build/smart_cane_system build --build-base /home/sash/smart_cane_ws/build/smart_cane_system/build install --record /home/sash/smart_cane_ws/build/smart_cane_system/install.log --single-version-externally-managed install_data
