[1.250s] Invoking command in '/home/sash/smart_cane_ws/src/smart_cane_system': PYTHONPATH=/home/sash/smart_cane_ws/build/smart_cane_system/prefix_override:/usr/lib/python3/dist-packages/colcon_core/task/python/colcon_distutils_commands:/home/sash/smart_cane_ws/install/smart_cane_system/lib/python3.10/site-packages:${PYTHONPATH} /usr/bin/python3 -W ignore:setup.py install is deprecated -W ignore:easy_install command is deprecated setup.py egg_info --egg-base ../../build/smart_cane_system build --build-base /home/sash/smart_cane_ws/build/smart_cane_system/build install --record /home/sash/smart_cane_ws/build/smart_cane_system/install.log --single-version-externally-managed install_data
[1.623s] running egg_info
[1.624s] writing ../../build/smart_cane_system/smart_cane_system.egg-info/PKG-INFO
[1.625s] writing dependency_links to ../../build/smart_cane_system/smart_cane_system.egg-info/dependency_links.txt
[1.626s] writing entry points to ../../build/smart_cane_system/smart_cane_system.egg-info/entry_points.txt
[1.626s] writing requirements to ../../build/smart_cane_system/smart_cane_system.egg-info/requires.txt
[1.626s] writing top-level names to ../../build/smart_cane_system/smart_cane_system.egg-info/top_level.txt
[1.629s] reading manifest file '../../build/smart_cane_system/smart_cane_system.egg-info/SOURCES.txt'
[1.630s] writing manifest file '../../build/smart_cane_system/smart_cane_system.egg-info/SOURCES.txt'
[1.630s] running build
[1.631s] running build_py
[1.631s] running install
[1.631s] running install_lib
[1.634s] running install_data
[1.635s] running install_egg_info
[1.638s] removing '/home/sash/smart_cane_ws/install/smart_cane_system/lib/python3.10/site-packages/smart_cane_system-0.0.0-py3.10.egg-info' (and everything under it)
[1.638s] Copying ../../build/smart_cane_system/smart_cane_system.egg-info to /home/sash/smart_cane_ws/install/smart_cane_system/lib/python3.10/site-packages/smart_cane_system-0.0.0-py3.10.egg-info
[1.640s] running install_scripts
[1.669s] writing list of installed files to '/home/sash/smart_cane_ws/build/smart_cane_system/install.log'
[1.724s] Invoked command in '/home/sash/smart_cane_ws/src/smart_cane_system' returned '0': PYTHONPATH=/home/sash/smart_cane_ws/build/smart_cane_system/prefix_override:/usr/lib/python3/dist-packages/colcon_core/task/python/colcon_distutils_commands:/home/sash/smart_cane_ws/install/smart_cane_system/lib/python3.10/site-packages:${PYTHONPATH} /usr/bin/python3 -W ignore:setup.py install is deprecated -W ignore:easy_install command is deprecated setup.py egg_info --egg-base ../../build/smart_cane_system build --build-base /home/sash/smart_cane_ws/build/smart_cane_system/build install --record /home/sash/smart_cane_ws/build/smart_cane_system/install.log --single-version-externally-managed install_data
