[0.075s] Invoking command in '/home/sash/smart_cane_ws/build/smart_cane_interfaces': CMAKE_PREFIX_PATH=/opt/ros/humble /usr/bin/cmake --build /home/sash/smart_cane_ws/build/smart_cane_interfaces -- -j4 -l4
[0.388s] [  2%] Built target smart_cane_interfaces__cpp
[0.406s] [ 16%] Built target smart_cane_interfaces__rosidl_generator_c
[0.526s] [ 30%] Built target smart_cane_interfaces__rosidl_typesupport_cpp
[0.633s] [ 44%] Built target smart_cane_interfaces__rosidl_typesupport_fastrtps_cpp
[0.668s] [ 58%] Built target smart_cane_interfaces__rosidl_typesupport_fastrtps_c
[0.709s] [ 72%] Built target smart_cane_interfaces__rosidl_typesupport_introspection_cpp
[0.712s] [ 86%] Built target smart_cane_interfaces__rosidl_typesupport_introspection_c
[0.770s] [100%] Built target smart_cane_interfaces__rosidl_typesupport_c
[0.834s] [100%] Built target smart_cane_interfaces
[0.859s] Invoked command in '/home/sash/smart_cane_ws/build/smart_cane_interfaces' returned '0': CMAKE_PREFIX_PATH=/opt/ros/humble /usr/bin/cmake --build /home/sash/smart_cane_ws/build/smart_cane_interfaces -- -j4 -l4
[0.904s] Invoking command in '/home/sash/smart_cane_ws/build/smart_cane_interfaces': CMAKE_PREFIX_PATH=/opt/ros/humble /usr/bin/cmake --install /home/sash/smart_cane_ws/build/smart_cane_interfaces
[0.922s] -- Install configuration: ""
[0.923s] -- Up-to-date: /home/sash/smart_cane_ws/install/smart_cane_interfaces/share/ament_index/resource_index/rosidl_interfaces/smart_cane_interfaces
[0.941s] -- Up-to-date: /home/sash/smart_cane_ws/install/smart_cane_interfaces/include/smart_cane_interfaces/smart_cane_interfaces
[0.942s] -- Up-to-date: /home/sash/smart_cane_ws/install/smart_cane_interfaces/include/smart_cane_interfaces/smart_cane_interfaces/msg
[0.943s] -- Up-to-date: /home/sash/smart_cane_ws/install/smart_cane_interfaces/include/smart_cane_interfaces/smart_cane_interfaces/msg/detection_result.h
[0.944s] -- Up-to-date: /home/sash/smart_cane_ws/install/smart_cane_interfaces/include/smart_cane_interfaces/smart_cane_interfaces/msg/feedback_command.h
[0.944s] -- Up-to-date: /home/sash/smart_cane_ws/install/smart_cane_interfaces/include/smart_cane_interfaces/smart_cane_interfaces/msg/detail
[0.945s] -- Up-to-date: /home/sash/smart_cane_ws/install/smart_cane_interfaces/include/smart_cane_interfaces/smart_cane_interfaces/msg/detail/detection_result__type_support.h
[0.946s] -- Up-to-date: /home/sash/smart_cane_ws/install/smart_cane_interfaces/include/smart_cane_interfaces/smart_cane_interfaces/msg/detail/detection_result__struct.h
[0.947s] -- Up-to-date: /home/sash/smart_cane_ws/install/smart_cane_interfaces/include/smart_cane_interfaces/smart_cane_interfaces/msg/detail/ultrasonic_data__functions.h
[0.947s] -- Up-to-date: /home/sash/smart_cane_ws/install/smart_cane_interfaces/include/smart_cane_interfaces/smart_cane_interfaces/msg/detail/feedback_command__type_support.h
[0.948s] -- Up-to-date: /home/sash/smart_cane_ws/install/smart_cane_interfaces/include/smart_cane_interfaces/smart_cane_interfaces/msg/detail/ultrasonic_data__struct.h
[0.948s] -- Up-to-date: /home/sash/smart_cane_ws/install/smart_cane_interfaces/include/smart_cane_interfaces/smart_cane_interfaces/msg/detail/detection_result__functions.h
[0.948s] -- Up-to-date: /home/sash/smart_cane_ws/install/smart_cane_interfaces/include/smart_cane_interfaces/smart_cane_interfaces/msg/detail/ultrasonic_data__functions.c
[0.949s] -- Up-to-date: /home/sash/smart_cane_ws/install/smart_cane_interfaces/include/smart_cane_interfaces/smart_cane_interfaces/msg/detail/feedback_command__struct.h
[0.949s] -- Up-to-date: /home/sash/smart_cane_ws/install/smart_cane_interfaces/include/smart_cane_interfaces/smart_cane_interfaces/msg/detail/feedback_command__functions.c
[0.949s] -- Up-to-date: /home/sash/smart_cane_ws/install/smart_cane_interfaces/include/smart_cane_interfaces/smart_cane_interfaces/msg/detail/ultrasonic_data__type_support.h
[0.949s] -- Up-to-date: /home/sash/smart_cane_ws/install/smart_cane_interfaces/include/smart_cane_interfaces/smart_cane_interfaces/msg/detail/feedback_command__functions.h
[0.949s] -- Up-to-date: /home/sash/smart_cane_ws/install/smart_cane_interfaces/include/smart_cane_interfaces/smart_cane_interfaces/msg/detail/detection_result__functions.c
[0.949s] -- Up-to-date: /home/sash/smart_cane_ws/install/smart_cane_interfaces/include/smart_cane_interfaces/smart_cane_interfaces/msg/rosidl_generator_c__visibility_control.h
[0.949s] -- Up-to-date: /home/sash/smart_cane_ws/install/smart_cane_interfaces/include/smart_cane_interfaces/smart_cane_interfaces/msg/ultrasonic_data.h
[0.949s] -- Up-to-date: /home/sash/smart_cane_ws/install/smart_cane_interfaces/share/smart_cane_interfaces/environment/library_path.sh
[0.950s] -- Up-to-date: /home/sash/smart_cane_ws/install/smart_cane_interfaces/share/smart_cane_interfaces/environment/library_path.dsv
[0.967s] -- Up-to-date: /home/sash/smart_cane_ws/install/smart_cane_interfaces/lib/libsmart_cane_interfaces__rosidl_generator_c.so
[0.968s] -- Up-to-date: /home/sash/smart_cane_ws/install/smart_cane_interfaces/include/smart_cane_interfaces/smart_cane_interfaces
[0.968s] -- Up-to-date: /home/sash/smart_cane_ws/install/smart_cane_interfaces/include/smart_cane_interfaces/smart_cane_interfaces/msg
[0.969s] -- Up-to-date: /home/sash/smart_cane_ws/install/smart_cane_interfaces/include/smart_cane_interfaces/smart_cane_interfaces/msg/rosidl_typesupport_fastrtps_c__visibility_control.h
[0.969s] -- Up-to-date: /home/sash/smart_cane_ws/install/smart_cane_interfaces/include/smart_cane_interfaces/smart_cane_interfaces/msg/detail
[0.970s] -- Up-to-date: /home/sash/smart_cane_ws/install/smart_cane_interfaces/include/smart_cane_interfaces/smart_cane_interfaces/msg/detail/detection_result__rosidl_typesupport_fastrtps_c.h
[0.970s] -- Up-to-date: /home/sash/smart_cane_ws/install/smart_cane_interfaces/include/smart_cane_interfaces/smart_cane_interfaces/msg/detail/ultrasonic_data__rosidl_typesupport_fastrtps_c.h
[0.971s] -- Up-to-date: /home/sash/smart_cane_ws/install/smart_cane_interfaces/include/smart_cane_interfaces/smart_cane_interfaces/msg/detail/feedback_command__rosidl_typesupport_fastrtps_c.h
[0.972s] -- Up-to-date: /home/sash/smart_cane_ws/install/smart_cane_interfaces/lib/libsmart_cane_interfaces__rosidl_typesupport_fastrtps_c.so
[0.972s] -- Up-to-date: /home/sash/smart_cane_ws/install/smart_cane_interfaces/include/smart_cane_interfaces/smart_cane_interfaces
[0.973s] -- Up-to-date: /home/sash/smart_cane_ws/install/smart_cane_interfaces/include/smart_cane_interfaces/smart_cane_interfaces/msg
[0.974s] -- Up-to-date: /home/sash/smart_cane_ws/install/smart_cane_interfaces/include/smart_cane_interfaces/smart_cane_interfaces/msg/feedback_command.hpp
[0.974s] -- Up-to-date: /home/sash/smart_cane_ws/install/smart_cane_interfaces/include/smart_cane_interfaces/smart_cane_interfaces/msg/detail
[0.975s] -- Up-to-date: /home/sash/smart_cane_ws/install/smart_cane_interfaces/include/smart_cane_interfaces/smart_cane_interfaces/msg/detail/ultrasonic_data__traits.hpp
[0.976s] -- Up-to-date: /home/sash/smart_cane_ws/install/smart_cane_interfaces/include/smart_cane_interfaces/smart_cane_interfaces/msg/detail/feedback_command__type_support.hpp
[0.976s] -- Up-to-date: /home/sash/smart_cane_ws/install/smart_cane_interfaces/include/smart_cane_interfaces/smart_cane_interfaces/msg/detail/ultrasonic_data__struct.hpp
[0.977s] -- Up-to-date: /home/sash/smart_cane_ws/install/smart_cane_interfaces/include/smart_cane_interfaces/smart_cane_interfaces/msg/detail/feedback_command__traits.hpp
[0.977s] -- Up-to-date: /home/sash/smart_cane_ws/install/smart_cane_interfaces/include/smart_cane_interfaces/smart_cane_interfaces/msg/detail/detection_result__builder.hpp
[0.978s] -- Up-to-date: /home/sash/smart_cane_ws/install/smart_cane_interfaces/include/smart_cane_interfaces/smart_cane_interfaces/msg/detail/ultrasonic_data__type_support.hpp
[0.978s] -- Up-to-date: /home/sash/smart_cane_ws/install/smart_cane_interfaces/include/smart_cane_interfaces/smart_cane_interfaces/msg/detail/detection_result__type_support.hpp
[0.978s] -- Up-to-date: /home/sash/smart_cane_ws/install/smart_cane_interfaces/include/smart_cane_interfaces/smart_cane_interfaces/msg/detail/ultrasonic_data__builder.hpp
[0.978s] -- Up-to-date: /home/sash/smart_cane_ws/install/smart_cane_interfaces/include/smart_cane_interfaces/smart_cane_interfaces/msg/detail/detection_result__struct.hpp
[0.979s] -- Up-to-date: /home/sash/smart_cane_ws/install/smart_cane_interfaces/include/smart_cane_interfaces/smart_cane_interfaces/msg/detail/feedback_command__builder.hpp
[0.979s] -- Up-to-date: /home/sash/smart_cane_ws/install/smart_cane_interfaces/include/smart_cane_interfaces/smart_cane_interfaces/msg/detail/detection_result__traits.hpp
[0.979s] -- Up-to-date: /home/sash/smart_cane_ws/install/smart_cane_interfaces/include/smart_cane_interfaces/smart_cane_interfaces/msg/detail/feedback_command__struct.hpp
[0.979s] -- Up-to-date: /home/sash/smart_cane_ws/install/smart_cane_interfaces/include/smart_cane_interfaces/smart_cane_interfaces/msg/rosidl_generator_cpp__visibility_control.hpp
[0.979s] -- Up-to-date: /home/sash/smart_cane_ws/install/smart_cane_interfaces/include/smart_cane_interfaces/smart_cane_interfaces/msg/detection_result.hpp
[0.979s] -- Up-to-date: /home/sash/smart_cane_ws/install/smart_cane_interfaces/include/smart_cane_interfaces/smart_cane_interfaces/msg/ultrasonic_data.hpp
[0.980s] -- Up-to-date: /home/sash/smart_cane_ws/install/smart_cane_interfaces/include/smart_cane_interfaces/smart_cane_interfaces
[0.980s] -- Up-to-date: /home/sash/smart_cane_ws/install/smart_cane_interfaces/include/smart_cane_interfaces/smart_cane_interfaces/msg
[0.980s] -- Up-to-date: /home/sash/smart_cane_ws/install/smart_cane_interfaces/include/smart_cane_interfaces/smart_cane_interfaces/msg/detail
[0.980s] -- Up-to-date: /home/sash/smart_cane_ws/install/smart_cane_interfaces/include/smart_cane_interfaces/smart_cane_interfaces/msg/detail/ultrasonic_data__rosidl_typesupport_fastrtps_cpp.hpp
[0.980s] -- Up-to-date: /home/sash/smart_cane_ws/install/smart_cane_interfaces/include/smart_cane_interfaces/smart_cane_interfaces/msg/detail/dds_fastrtps
[0.980s] -- Up-to-date: /home/sash/smart_cane_ws/install/smart_cane_interfaces/include/smart_cane_interfaces/smart_cane_interfaces/msg/detail/feedback_command__rosidl_typesupport_fastrtps_cpp.hpp
[0.980s] -- Up-to-date: /home/sash/smart_cane_ws/install/smart_cane_interfaces/include/smart_cane_interfaces/smart_cane_interfaces/msg/detail/detection_result__rosidl_typesupport_fastrtps_cpp.hpp
[0.980s] -- Up-to-date: /home/sash/smart_cane_ws/install/smart_cane_interfaces/include/smart_cane_interfaces/smart_cane_interfaces/msg/rosidl_typesupport_fastrtps_cpp__visibility_control.h
[0.990s] -- Up-to-date: /home/sash/smart_cane_ws/install/smart_cane_interfaces/lib/libsmart_cane_interfaces__rosidl_typesupport_fastrtps_cpp.so
[0.991s] -- Up-to-date: /home/sash/smart_cane_ws/install/smart_cane_interfaces/include/smart_cane_interfaces/smart_cane_interfaces
[0.992s] -- Up-to-date: /home/sash/smart_cane_ws/install/smart_cane_interfaces/include/smart_cane_interfaces/smart_cane_interfaces/msg
[0.993s] -- Up-to-date: /home/sash/smart_cane_ws/install/smart_cane_interfaces/include/smart_cane_interfaces/smart_cane_interfaces/msg/rosidl_typesupport_introspection_c__visibility_control.h
[0.993s] -- Up-to-date: /home/sash/smart_cane_ws/install/smart_cane_interfaces/include/smart_cane_interfaces/smart_cane_interfaces/msg/detail
[0.994s] -- Up-to-date: /home/sash/smart_cane_ws/install/smart_cane_interfaces/include/smart_cane_interfaces/smart_cane_interfaces/msg/detail/feedback_command__rosidl_typesupport_introspection_c.h
[0.994s] -- Up-to-date: /home/sash/smart_cane_ws/install/smart_cane_interfaces/include/smart_cane_interfaces/smart_cane_interfaces/msg/detail/detection_result__type_support.c
[0.994s] -- Up-to-date: /home/sash/smart_cane_ws/install/smart_cane_interfaces/include/smart_cane_interfaces/smart_cane_interfaces/msg/detail/feedback_command__type_support.c
[0.995s] -- Up-to-date: /home/sash/smart_cane_ws/install/smart_cane_interfaces/include/smart_cane_interfaces/smart_cane_interfaces/msg/detail/ultrasonic_data__rosidl_typesupport_introspection_c.h
[0.995s] -- Up-to-date: /home/sash/smart_cane_ws/install/smart_cane_interfaces/include/smart_cane_interfaces/smart_cane_interfaces/msg/detail/ultrasonic_data__type_support.c
[0.995s] -- Up-to-date: /home/sash/smart_cane_ws/install/smart_cane_interfaces/include/smart_cane_interfaces/smart_cane_interfaces/msg/detail/detection_result__rosidl_typesupport_introspection_c.h
[1.008s] -- Up-to-date: /home/sash/smart_cane_ws/install/smart_cane_interfaces/lib/libsmart_cane_interfaces__rosidl_typesupport_introspection_c.so
[1.010s] -- Up-to-date: /home/sash/smart_cane_ws/install/smart_cane_interfaces/lib/libsmart_cane_interfaces__rosidl_typesupport_c.so
[1.011s] -- Up-to-date: /home/sash/smart_cane_ws/install/smart_cane_interfaces/include/smart_cane_interfaces/smart_cane_interfaces
[1.012s] -- Up-to-date: /home/sash/smart_cane_ws/install/smart_cane_interfaces/include/smart_cane_interfaces/smart_cane_interfaces/msg
[1.012s] -- Up-to-date: /home/sash/smart_cane_ws/install/smart_cane_interfaces/include/smart_cane_interfaces/smart_cane_interfaces/msg/detail
[1.013s] -- Up-to-date: /home/sash/smart_cane_ws/install/smart_cane_interfaces/include/smart_cane_interfaces/smart_cane_interfaces/msg/detail/detection_result__type_support.cpp
[1.013s] -- Up-to-date: /home/sash/smart_cane_ws/install/smart_cane_interfaces/include/smart_cane_interfaces/smart_cane_interfaces/msg/detail/feedback_command__rosidl_typesupport_introspection_cpp.hpp
[1.013s] -- Up-to-date: /home/sash/smart_cane_ws/install/smart_cane_interfaces/include/smart_cane_interfaces/smart_cane_interfaces/msg/detail/ultrasonic_data__type_support.cpp
[1.013s] -- Up-to-date: /home/sash/smart_cane_ws/install/smart_cane_interfaces/include/smart_cane_interfaces/smart_cane_interfaces/msg/detail/ultrasonic_data__rosidl_typesupport_introspection_cpp.hpp
[1.013s] -- Up-to-date: /home/sash/smart_cane_ws/install/smart_cane_interfaces/include/smart_cane_interfaces/smart_cane_interfaces/msg/detail/detection_result__rosidl_typesupport_introspection_cpp.hpp
[1.013s] -- Up-to-date: /home/sash/smart_cane_ws/install/smart_cane_interfaces/include/smart_cane_interfaces/smart_cane_interfaces/msg/detail/feedback_command__type_support.cpp
[1.015s] -- Up-to-date: /home/sash/smart_cane_ws/install/smart_cane_interfaces/lib/libsmart_cane_interfaces__rosidl_typesupport_introspection_cpp.so
[1.018s] -- Up-to-date: /home/sash/smart_cane_ws/install/smart_cane_interfaces/lib/libsmart_cane_interfaces__rosidl_typesupport_cpp.so
[1.020s] -- Up-to-date: /home/sash/smart_cane_ws/install/smart_cane_interfaces/share/smart_cane_interfaces/msg/UltrasonicData.idl
[1.020s] -- Up-to-date: /home/sash/smart_cane_ws/install/smart_cane_interfaces/share/smart_cane_interfaces/msg/DetectionResult.idl
[1.021s] -- Up-to-date: /home/sash/smart_cane_ws/install/smart_cane_interfaces/share/smart_cane_interfaces/msg/FeedbackCommand.idl
[1.021s] -- Up-to-date: /home/sash/smart_cane_ws/install/smart_cane_interfaces/share/smart_cane_interfaces/msg/UltrasonicData.msg
[1.022s] -- Up-to-date: /home/sash/smart_cane_ws/install/smart_cane_interfaces/share/smart_cane_interfaces/msg/DetectionResult.msg
[1.022s] -- Up-to-date: /home/sash/smart_cane_ws/install/smart_cane_interfaces/share/smart_cane_interfaces/msg/FeedbackCommand.msg
[1.023s] -- Up-to-date: /home/sash/smart_cane_ws/install/smart_cane_interfaces/share/ament_index/resource_index/package_run_dependencies/smart_cane_interfaces
[1.023s] -- Up-to-date: /home/sash/smart_cane_ws/install/smart_cane_interfaces/share/ament_index/resource_index/parent_prefix_path/smart_cane_interfaces
[1.024s] -- Up-to-date: /home/sash/smart_cane_ws/install/smart_cane_interfaces/share/smart_cane_interfaces/environment/ament_prefix_path.sh
[1.024s] -- Up-to-date: /home/sash/smart_cane_ws/install/smart_cane_interfaces/share/smart_cane_interfaces/environment/ament_prefix_path.dsv
[1.025s] -- Up-to-date: /home/sash/smart_cane_ws/install/smart_cane_interfaces/share/smart_cane_interfaces/environment/path.sh
[1.025s] -- Up-to-date: /home/sash/smart_cane_ws/install/smart_cane_interfaces/share/smart_cane_interfaces/environment/path.dsv
[1.025s] -- Up-to-date: /home/sash/smart_cane_ws/install/smart_cane_interfaces/share/smart_cane_interfaces/local_setup.bash
[1.026s] -- Up-to-date: /home/sash/smart_cane_ws/install/smart_cane_interfaces/share/smart_cane_interfaces/local_setup.sh
[1.026s] -- Up-to-date: /home/sash/smart_cane_ws/install/smart_cane_interfaces/share/smart_cane_interfaces/local_setup.zsh
[1.027s] -- Up-to-date: /home/sash/smart_cane_ws/install/smart_cane_interfaces/share/smart_cane_interfaces/local_setup.dsv
[1.027s] -- Installing: /home/sash/smart_cane_ws/install/smart_cane_interfaces/share/smart_cane_interfaces/package.dsv
[1.037s] -- Up-to-date: /home/sash/smart_cane_ws/install/smart_cane_interfaces/share/ament_index/resource_index/packages/smart_cane_interfaces
[1.057s] -- Up-to-date: /home/sash/smart_cane_ws/install/smart_cane_interfaces/share/smart_cane_interfaces/cmake/export_smart_cane_interfaces__rosidl_generator_cExport.cmake
[1.057s] -- Up-to-date: /home/sash/smart_cane_ws/install/smart_cane_interfaces/share/smart_cane_interfaces/cmake/export_smart_cane_interfaces__rosidl_generator_cExport-noconfig.cmake
[1.058s] -- Up-to-date: /home/sash/smart_cane_ws/install/smart_cane_interfaces/share/smart_cane_interfaces/cmake/export_smart_cane_interfaces__rosidl_typesupport_fastrtps_cExport.cmake
[1.058s] -- Up-to-date: /home/sash/smart_cane_ws/install/smart_cane_interfaces/share/smart_cane_interfaces/cmake/export_smart_cane_interfaces__rosidl_typesupport_fastrtps_cExport-noconfig.cmake
[1.060s] -- Up-to-date: /home/sash/smart_cane_ws/install/smart_cane_interfaces/share/smart_cane_interfaces/cmake/export_smart_cane_interfaces__rosidl_generator_cppExport.cmake
[1.061s] -- Up-to-date: /home/sash/smart_cane_ws/install/smart_cane_interfaces/share/smart_cane_interfaces/cmake/export_smart_cane_interfaces__rosidl_typesupport_fastrtps_cppExport.cmake
[1.062s] -- Up-to-date: /home/sash/smart_cane_ws/install/smart_cane_interfaces/share/smart_cane_interfaces/cmake/export_smart_cane_interfaces__rosidl_typesupport_fastrtps_cppExport-noconfig.cmake
[1.064s] -- Up-to-date: /home/sash/smart_cane_ws/install/smart_cane_interfaces/share/smart_cane_interfaces/cmake/smart_cane_interfaces__rosidl_typesupport_introspection_cExport.cmake
[1.064s] -- Up-to-date: /home/sash/smart_cane_ws/install/smart_cane_interfaces/share/smart_cane_interfaces/cmake/smart_cane_interfaces__rosidl_typesupport_introspection_cExport-noconfig.cmake
[1.066s] -- Up-to-date: /home/sash/smart_cane_ws/install/smart_cane_interfaces/share/smart_cane_interfaces/cmake/smart_cane_interfaces__rosidl_typesupport_cExport.cmake
[1.066s] -- Up-to-date: /home/sash/smart_cane_ws/install/smart_cane_interfaces/share/smart_cane_interfaces/cmake/smart_cane_interfaces__rosidl_typesupport_cExport-noconfig.cmake
[1.068s] -- Up-to-date: /home/sash/smart_cane_ws/install/smart_cane_interfaces/share/smart_cane_interfaces/cmake/smart_cane_interfaces__rosidl_typesupport_introspection_cppExport.cmake
[1.068s] -- Up-to-date: /home/sash/smart_cane_ws/install/smart_cane_interfaces/share/smart_cane_interfaces/cmake/smart_cane_interfaces__rosidl_typesupport_introspection_cppExport-noconfig.cmake
[1.069s] -- Up-to-date: /home/sash/smart_cane_ws/install/smart_cane_interfaces/share/smart_cane_interfaces/cmake/smart_cane_interfaces__rosidl_typesupport_cppExport.cmake
[1.070s] -- Up-to-date: /home/sash/smart_cane_ws/install/smart_cane_interfaces/share/smart_cane_interfaces/cmake/smart_cane_interfaces__rosidl_typesupport_cppExport-noconfig.cmake
[1.070s] -- Up-to-date: /home/sash/smart_cane_ws/install/smart_cane_interfaces/share/smart_cane_interfaces/cmake/rosidl_cmake-extras.cmake
[1.071s] -- Up-to-date: /home/sash/smart_cane_ws/install/smart_cane_interfaces/share/smart_cane_interfaces/cmake/ament_cmake_export_dependencies-extras.cmake
[1.071s] -- Up-to-date: /home/sash/smart_cane_ws/install/smart_cane_interfaces/share/smart_cane_interfaces/cmake/ament_cmake_export_include_directories-extras.cmake
[1.072s] -- Up-to-date: /home/sash/smart_cane_ws/install/smart_cane_interfaces/share/smart_cane_interfaces/cmake/ament_cmake_export_libraries-extras.cmake
[1.072s] -- Up-to-date: /home/sash/smart_cane_ws/install/smart_cane_interfaces/share/smart_cane_interfaces/cmake/ament_cmake_export_targets-extras.cmake
[1.073s] -- Up-to-date: /home/sash/smart_cane_ws/install/smart_cane_interfaces/share/smart_cane_interfaces/cmake/rosidl_cmake_export_typesupport_targets-extras.cmake
[1.073s] -- Up-to-date: /home/sash/smart_cane_ws/install/smart_cane_interfaces/share/smart_cane_interfaces/cmake/rosidl_cmake_export_typesupport_libraries-extras.cmake
[1.073s] -- Up-to-date: /home/sash/smart_cane_ws/install/smart_cane_interfaces/share/smart_cane_interfaces/cmake/smart_cane_interfacesConfig.cmake
[1.073s] -- Up-to-date: /home/sash/smart_cane_ws/install/smart_cane_interfaces/share/smart_cane_interfaces/cmake/smart_cane_interfacesConfig-version.cmake
[1.073s] -- Up-to-date: /home/sash/smart_cane_ws/install/smart_cane_interfaces/share/smart_cane_interfaces/package.xml
[1.078s] Invoked command in '/home/sash/smart_cane_ws/build/smart_cane_interfaces' returned '0': CMAKE_PREFIX_PATH=/opt/ros/humble /usr/bin/cmake --install /home/sash/smart_cane_ws/build/smart_cane_interfaces
