/home/sash/smart_cane_ws/install/smart_cane_system/lib/python3.10/site-packages/smart_cane_system/camera_node.py
/home/sash/smart_cane_ws/install/smart_cane_system/lib/python3.10/site-packages/smart_cane_system/ultrasonic_node.py
/home/sash/smart_cane_ws/install/smart_cane_system/lib/python3.10/site-packages/smart_cane_system/detection_node.py
/home/sash/smart_cane_ws/install/smart_cane_system/lib/python3.10/site-packages/smart_cane_system/obstacle_fushion.py
/home/sash/smart_cane_ws/install/smart_cane_system/lib/python3.10/site-packages/smart_cane_system/__init__.py
/home/sash/smart_cane_ws/install/smart_cane_system/lib/python3.10/site-packages/smart_cane_system/__pycache__/camera_node.cpython-310.pyc
/home/sash/smart_cane_ws/install/smart_cane_system/lib/python3.10/site-packages/smart_cane_system/__pycache__/ultrasonic_node.cpython-310.pyc
/home/sash/smart_cane_ws/install/smart_cane_system/lib/python3.10/site-packages/smart_cane_system/__pycache__/detection_node.cpython-310.pyc
/home/sash/smart_cane_ws/install/smart_cane_system/lib/python3.10/site-packages/smart_cane_system/__pycache__/obstacle_fushion.cpython-310.pyc
/home/sash/smart_cane_ws/install/smart_cane_system/lib/python3.10/site-packages/smart_cane_system/__pycache__/__init__.cpython-310.pyc
/home/sash/smart_cane_ws/install/smart_cane_system/share/ament_index/resource_index/packages/smart_cane_system
/home/sash/smart_cane_ws/install/smart_cane_system/share/smart_cane_system/package.xml
/home/sash/smart_cane_ws/install/smart_cane_system/share/smart_cane_system/launch
/home/sash/smart_cane_ws/install/smart_cane_system/lib/python3.10/site-packages/smart_cane_system-0.0.0-py3.10.egg-info/entry_points.txt
/home/sash/smart_cane_ws/install/smart_cane_system/lib/python3.10/site-packages/smart_cane_system-0.0.0-py3.10.egg-info/SOURCES.txt
/home/sash/smart_cane_ws/install/smart_cane_system/lib/python3.10/site-packages/smart_cane_system-0.0.0-py3.10.egg-info/top_level.txt
/home/sash/smart_cane_ws/install/smart_cane_system/lib/python3.10/site-packages/smart_cane_system-0.0.0-py3.10.egg-info/zip-safe
/home/sash/smart_cane_ws/install/smart_cane_system/lib/python3.10/site-packages/smart_cane_system-0.0.0-py3.10.egg-info/PKG-INFO
/home/sash/smart_cane_ws/install/smart_cane_system/lib/python3.10/site-packages/smart_cane_system-0.0.0-py3.10.egg-info/dependency_links.txt
/home/sash/smart_cane_ws/install/smart_cane_system/lib/python3.10/site-packages/smart_cane_system-0.0.0-py3.10.egg-info/requires.txt
/home/sash/smart_cane_ws/install/smart_cane_system/lib/smart_cane_system/camera_node
/home/sash/smart_cane_ws/install/smart_cane_system/lib/smart_cane_system/detection_node
/home/sash/smart_cane_ws/install/smart_cane_system/lib/smart_cane_system/feedback_node
/home/sash/smart_cane_ws/install/smart_cane_system/lib/smart_cane_system/ultrasonic_node
