[1.866s] Invoking command in '/home/sash/smart_cane_ws/src/smart_cane_system': PYTHONPATH=/home/sash/smart_cane_ws/build/smart_cane_system/prefix_override:/usr/lib/python3/dist-packages/colcon_core/task/python/colcon_distutils_commands:/home/sash/smart_cane_ws/install/smart_cane_system/lib/python3.10/site-packages:${PYTHONPATH} /usr/bin/python3 -W ignore:setup.py install is deprecated -W ignore:easy_install command is deprecated setup.py egg_info --egg-base ../../build/smart_cane_system build --build-base /home/sash/smart_cane_ws/build/smart_cane_system/build install --record /home/sash/smart_cane_ws/build/smart_cane_system/install.log --single-version-externally-managed install_data
[2.595s] running egg_info
[2.596s] writing ../../build/smart_cane_system/smart_cane_system.egg-info/PKG-INFO
[2.596s] writing dependency_links to ../../build/smart_cane_system/smart_cane_system.egg-info/dependency_links.txt
[2.597s] writing entry points to ../../build/smart_cane_system/smart_cane_system.egg-info/entry_points.txt
[2.597s] writing requirements to ../../build/smart_cane_system/smart_cane_system.egg-info/requires.txt
[2.597s] writing top-level names to ../../build/smart_cane_system/smart_cane_system.egg-info/top_level.txt
[2.602s] reading manifest file '../../build/smart_cane_system/smart_cane_system.egg-info/SOURCES.txt'
[2.604s] writing manifest file '../../build/smart_cane_system/smart_cane_system.egg-info/SOURCES.txt'
[2.605s] running build
[2.605s] running build_py
[2.605s] running install
[2.606s] running install_lib
[2.608s] running install_data
[2.609s] running install_egg_info
[2.611s] removing '/home/sash/smart_cane_ws/install/smart_cane_system/lib/python3.10/site-packages/smart_cane_system-0.0.0-py3.10.egg-info' (and everything under it)
[2.612s] Copying ../../build/smart_cane_system/smart_cane_system.egg-info to /home/sash/smart_cane_ws/install/smart_cane_system/lib/python3.10/site-packages/smart_cane_system-0.0.0-py3.10.egg-info
[2.613s] running install_scripts
[2.664s] Installing camera_node script to /home/sash/smart_cane_ws/install/smart_cane_system/lib/smart_cane_system
[2.665s] Installing detection_node script to /home/sash/smart_cane_ws/install/smart_cane_system/lib/smart_cane_system
[2.665s] Installing feedback_node script to /home/sash/smart_cane_ws/install/smart_cane_system/lib/smart_cane_system
[2.665s] Installing ultrasonic_node script to /home/sash/smart_cane_ws/install/smart_cane_system/lib/smart_cane_system
[2.666s] writing list of installed files to '/home/sash/smart_cane_ws/build/smart_cane_system/install.log'
[2.747s] Invoked command in '/home/sash/smart_cane_ws/src/smart_cane_system' returned '0': PYTHONPATH=/home/sash/smart_cane_ws/build/smart_cane_system/prefix_override:/usr/lib/python3/dist-packages/colcon_core/task/python/colcon_distutils_commands:/home/sash/smart_cane_ws/install/smart_cane_system/lib/python3.10/site-packages:${PYTHONPATH} /usr/bin/python3 -W ignore:setup.py install is deprecated -W ignore:easy_install command is deprecated setup.py egg_info --egg-base ../../build/smart_cane_system build --build-base /home/sash/smart_cane_ws/build/smart_cane_system/build install --record /home/sash/smart_cane_ws/build/smart_cane_system/install.log --single-version-externally-managed install_data
