[0.141s] Invoking command in '/home/sash/smart_cane_ws/build/smart_cane_interfaces': CMAKE_PREFIX_PATH=/home/sash/smart_cane_ws/install/smart_cane_system:/opt/ros/humble /usr/bin/cmake /home/sash/smart_cane_ws/src/smart_cane_interfaces -DCMAKE_INSTALL_PREFIX=/home/sash/smart_cane_ws/install/smart_cane_interfaces
[2.332s] -- The C compiler identification is GNU 11.4.0
[3.612s] -- The CXX compiler identification is GNU 11.4.0
[4.018s] -- Detecting C compiler ABI info
[4.712s] -- Detecting C compiler ABI info - done
[4.725s] -- Check for working C compiler: /usr/bin/cc - skipped
[4.727s] -- Detecting C compile features
[4.754s] -- Detecting C compile features - done
[4.765s] -- Detecting CXX compiler ABI info
[5.089s] -- Detecting CXX compiler ABI info - done
[5.118s] -- Check for working CXX compiler: /usr/bin/c++ - skipped
[5.120s] -- Detecting CXX compile features
[5.121s] -- Detecting CXX compile features - done
[5.629s] -- Found ament_cmake: 1.3.11 (/opt/ros/humble/share/ament_cmake/cmake)
[6.478s] -- Found Python3: /usr/bin/python3 (found version "3.10.12") found components: Interpreter 
[7.053s] -- Found std_msgs: 4.8.0 (/opt/ros/humble/share/std_msgs/cmake)
[7.906s] -- Found rosidl_generator_c: 3.1.6 (/opt/ros/humble/share/rosidl_generator_c/cmake)
[7.971s] -- Found rosidl_adapter: 3.1.6 (/opt/ros/humble/share/rosidl_adapter/cmake)
[8.055s] -- Found rosidl_generator_cpp: 3.1.6 (/opt/ros/humble/share/rosidl_generator_cpp/cmake)
[8.285s] -- Using all available rosidl_typesupport_c: rosidl_typesupport_fastrtps_c;rosidl_typesupport_introspection_c
[8.473s] -- Using all available rosidl_typesupport_cpp: rosidl_typesupport_fastrtps_cpp;rosidl_typesupport_introspection_cpp
[8.798s] -- Found sensor_msgs: 4.8.0 (/opt/ros/humble/share/sensor_msgs/cmake)
[9.962s] -- Found ament_cmake_ros: 0.10.0 (/opt/ros/humble/share/ament_cmake_ros/cmake)
[11.058s] -- Using all available rosidl_typesupport_c: rosidl_typesupport_fastrtps_c;rosidl_typesupport_introspection_c
[11.308s] -- Using all available rosidl_typesupport_cpp: rosidl_typesupport_fastrtps_cpp;rosidl_typesupport_introspection_cpp
[11.332s] -- Found ament_lint_auto: 0.12.12 (/opt/ros/humble/share/ament_lint_auto/cmake)
[11.619s] -- Added test 'lint_cmake' to check CMake code style
[11.641s] -- Added test 'xmllint' to check XML markup files
[11.668s] -- Configuring done
[11.897s] -- Generating done
[11.926s] -- Build files have been written to: /home/sash/smart_cane_ws/build/smart_cane_interfaces
[11.941s] Invoked command in '/home/sash/smart_cane_ws/build/smart_cane_interfaces' returned '0': CMAKE_PREFIX_PATH=/home/sash/smart_cane_ws/install/smart_cane_system:/opt/ros/humble /usr/bin/cmake /home/sash/smart_cane_ws/src/smart_cane_interfaces -DCMAKE_INSTALL_PREFIX=/home/sash/smart_cane_ws/install/smart_cane_interfaces
[11.947s] Invoking command in '/home/sash/smart_cane_ws/build/smart_cane_interfaces': CMAKE_PREFIX_PATH=/home/sash/smart_cane_ws/install/smart_cane_system:/opt/ros/humble /usr/bin/cmake --build /home/sash/smart_cane_ws/build/smart_cane_interfaces -- -j4 -l4
[12.021s] [  2%] [34m[1mGenerating C code for ROS interfaces[0m
[12.046s] [  5%] [34m[1mGenerating C++ code for ROS interfaces[0m
[12.843s] [  8%] [32mBuilding C object CMakeFiles/smart_cane_interfaces__rosidl_generator_c.dir/rosidl_generator_c/smart_cane_interfaces/msg/detail/ultrasonic_data__functions.c.o[0m
[12.856s] [ 11%] [32mBuilding C object CMakeFiles/smart_cane_interfaces__rosidl_generator_c.dir/rosidl_generator_c/smart_cane_interfaces/msg/detail/detection_result__functions.c.o[0m
[12.857s] [ 13%] [32mBuilding C object CMakeFiles/smart_cane_interfaces__rosidl_generator_c.dir/rosidl_generator_c/smart_cane_interfaces/msg/detail/feedback_command__functions.c.o[0m
[12.883s] [ 13%] Built target smart_cane_interfaces__cpp
[12.897s] [ 16%] [34m[1mGenerating C++ type support dispatch for ROS interfaces[0m
[13.369s] [ 19%] [32mBuilding CXX object CMakeFiles/smart_cane_interfaces__rosidl_typesupport_cpp.dir/rosidl_typesupport_cpp/smart_cane_interfaces/msg/ultrasonic_data__type_support.cpp.o[0m
[13.723s] [ 22%] [32mBuilding CXX object CMakeFiles/smart_cane_interfaces__rosidl_typesupport_cpp.dir/rosidl_typesupport_cpp/smart_cane_interfaces/msg/detection_result__type_support.cpp.o[0m
[13.726s] [ 25%] [32mBuilding CXX object CMakeFiles/smart_cane_interfaces__rosidl_typesupport_cpp.dir/rosidl_typesupport_cpp/smart_cane_interfaces/msg/feedback_command__type_support.cpp.o[0m
[13.739s] [ 27%] [32m[1mLinking C shared library libsmart_cane_interfaces__rosidl_generator_c.so[0m
[13.927s] [ 27%] Built target smart_cane_interfaces__rosidl_generator_c
[13.941s] [ 30%] [34m[1mGenerating C++ type support for eProsima Fast-RTPS[0m
[14.807s] [ 33%] [32mBuilding CXX object CMakeFiles/smart_cane_interfaces__rosidl_typesupport_fastrtps_cpp.dir/rosidl_typesupport_fastrtps_cpp/smart_cane_interfaces/msg/detail/dds_fastrtps/ultrasonic_data__type_support.cpp.o[0m
[15.262s] [ 36%] [32mBuilding CXX object CMakeFiles/smart_cane_interfaces__rosidl_typesupport_fastrtps_cpp.dir/rosidl_typesupport_fastrtps_cpp/smart_cane_interfaces/msg/detail/dds_fastrtps/detection_result__type_support.cpp.o[0m
[15.267s] [ 38%] [34m[1mGenerating C introspection for ROS interfaces[0m
[15.268s] [ 41%] [32m[1mLinking CXX shared library libsmart_cane_interfaces__rosidl_typesupport_cpp.so[0m
[15.467s] [ 41%] Built target smart_cane_interfaces__rosidl_typesupport_cpp
[15.508s] [ 44%] [34m[1mGenerating C type support dispatch for ROS interfaces[0m
[16.404s] [ 47%] [32mBuilding CXX object CMakeFiles/smart_cane_interfaces__rosidl_typesupport_fastrtps_cpp.dir/rosidl_typesupport_fastrtps_cpp/smart_cane_interfaces/msg/detail/dds_fastrtps/feedback_command__type_support.cpp.o[0m
[16.566s] [ 50%] [32mBuilding C object CMakeFiles/smart_cane_interfaces__rosidl_typesupport_introspection_c.dir/rosidl_typesupport_introspection_c/smart_cane_interfaces/msg/detail/ultrasonic_data__type_support.c.o[0m
[16.618s] [ 52%] [32mBuilding CXX object CMakeFiles/smart_cane_interfaces__rosidl_typesupport_c.dir/rosidl_typesupport_c/smart_cane_interfaces/msg/ultrasonic_data__type_support.cpp.o[0m
[16.690s] [ 55%] [32mBuilding C object CMakeFiles/smart_cane_interfaces__rosidl_typesupport_introspection_c.dir/rosidl_typesupport_introspection_c/smart_cane_interfaces/msg/detail/detection_result__type_support.c.o[0m
[16.746s] [ 58%] [32mBuilding CXX object CMakeFiles/smart_cane_interfaces__rosidl_typesupport_c.dir/rosidl_typesupport_c/smart_cane_interfaces/msg/detection_result__type_support.cpp.o[0m
[16.811s] [ 61%] [32mBuilding CXX object CMakeFiles/smart_cane_interfaces__rosidl_typesupport_c.dir/rosidl_typesupport_c/smart_cane_interfaces/msg/feedback_command__type_support.cpp.o[0m
[16.820s] [ 63%] [32mBuilding C object CMakeFiles/smart_cane_interfaces__rosidl_typesupport_introspection_c.dir/rosidl_typesupport_introspection_c/smart_cane_interfaces/msg/detail/feedback_command__type_support.c.o[0m
[16.873s] [ 66%] [32m[1mLinking CXX shared library libsmart_cane_interfaces__rosidl_typesupport_c.so[0m
[16.880s] [ 69%] [34m[1mGenerating C++ introspection for ROS interfaces[0m
[16.901s] [ 72%] [32m[1mLinking C shared library libsmart_cane_interfaces__rosidl_typesupport_introspection_c.so[0m
[17.056s] [ 72%] Built target smart_cane_interfaces__rosidl_typesupport_c
[17.077s] [ 75%] [34m[1mGenerating C type support for eProsima Fast-RTPS[0m
[17.082s] [ 75%] Built target smart_cane_interfaces__rosidl_typesupport_introspection_c
[17.399s] [ 77%] [32m[1mLinking CXX shared library libsmart_cane_interfaces__rosidl_typesupport_fastrtps_cpp.so[0m
[17.697s] [ 77%] Built target smart_cane_interfaces__rosidl_typesupport_fastrtps_cpp
[17.713s] [ 83%] [32mBuilding CXX object CMakeFiles/smart_cane_interfaces__rosidl_typesupport_introspection_cpp.dir/rosidl_typesupport_introspection_cpp/smart_cane_interfaces/msg/detail/detection_result__type_support.cpp.o[0m
[17.714s] [ 83%] [32mBuilding CXX object CMakeFiles/smart_cane_interfaces__rosidl_typesupport_introspection_cpp.dir/rosidl_typesupport_introspection_cpp/smart_cane_interfaces/msg/detail/feedback_command__type_support.cpp.o[0m
[17.716s] [ 86%] [32mBuilding CXX object CMakeFiles/smart_cane_interfaces__rosidl_typesupport_introspection_cpp.dir/rosidl_typesupport_introspection_cpp/smart_cane_interfaces/msg/detail/ultrasonic_data__type_support.cpp.o[0m
[18.088s] [ 88%] [32mBuilding CXX object CMakeFiles/smart_cane_interfaces__rosidl_typesupport_fastrtps_c.dir/rosidl_typesupport_fastrtps_c/smart_cane_interfaces/msg/detail/ultrasonic_data__type_support_c.cpp.o[0m
[18.980s] [ 91%] [32mBuilding CXX object CMakeFiles/smart_cane_interfaces__rosidl_typesupport_fastrtps_c.dir/rosidl_typesupport_fastrtps_c/smart_cane_interfaces/msg/detail/detection_result__type_support_c.cpp.o[0m
[19.047s] [ 94%] [32mBuilding CXX object CMakeFiles/smart_cane_interfaces__rosidl_typesupport_fastrtps_c.dir/rosidl_typesupport_fastrtps_c/smart_cane_interfaces/msg/detail/feedback_command__type_support_c.cpp.o[0m
[19.267s] [ 97%] [32m[1mLinking CXX shared library libsmart_cane_interfaces__rosidl_typesupport_introspection_cpp.so[0m
[19.569s] [ 97%] Built target smart_cane_interfaces__rosidl_typesupport_introspection_cpp
[19.826s] [100%] [32m[1mLinking CXX shared library libsmart_cane_interfaces__rosidl_typesupport_fastrtps_c.so[0m
[20.000s] [100%] Built target smart_cane_interfaces__rosidl_typesupport_fastrtps_c
[20.025s] [100%] Built target smart_cane_interfaces
[20.040s] Invoked command in '/home/sash/smart_cane_ws/build/smart_cane_interfaces' returned '0': CMAKE_PREFIX_PATH=/home/sash/smart_cane_ws/install/smart_cane_system:/opt/ros/humble /usr/bin/cmake --build /home/sash/smart_cane_ws/build/smart_cane_interfaces -- -j4 -l4
[20.053s] Invoking command in '/home/sash/smart_cane_ws/build/smart_cane_interfaces': CMAKE_PREFIX_PATH=/home/sash/smart_cane_ws/install/smart_cane_system:/opt/ros/humble /usr/bin/cmake --install /home/sash/smart_cane_ws/build/smart_cane_interfaces
[20.077s] -- Install configuration: ""
[20.079s] -- Installing: /home/sash/smart_cane_ws/install/smart_cane_interfaces/share/ament_index/resource_index/rosidl_interfaces/smart_cane_interfaces
[20.080s] -- Installing: /home/sash/smart_cane_ws/install/smart_cane_interfaces/include/smart_cane_interfaces/smart_cane_interfaces
[20.081s] -- Installing: /home/sash/smart_cane_ws/install/smart_cane_interfaces/include/smart_cane_interfaces/smart_cane_interfaces/msg
[20.081s] -- Installing: /home/sash/smart_cane_ws/install/smart_cane_interfaces/include/smart_cane_interfaces/smart_cane_interfaces/msg/detection_result.h
[20.081s] -- Installing: /home/sash/smart_cane_ws/install/smart_cane_interfaces/include/smart_cane_interfaces/smart_cane_interfaces/msg/feedback_command.h
[20.082s] -- Installing: /home/sash/smart_cane_ws/install/smart_cane_interfaces/include/smart_cane_interfaces/smart_cane_interfaces/msg/detail
[20.082s] -- Installing: /home/sash/smart_cane_ws/install/smart_cane_interfaces/include/smart_cane_interfaces/smart_cane_interfaces/msg/detail/detection_result__type_support.h
[20.082s] -- Installing: /home/sash/smart_cane_ws/install/smart_cane_interfaces/include/smart_cane_interfaces/smart_cane_interfaces/msg/detail/detection_result__struct.h
[20.083s] -- Installing: /home/sash/smart_cane_ws/install/smart_cane_interfaces/include/smart_cane_interfaces/smart_cane_interfaces/msg/detail/ultrasonic_data__functions.h
[20.083s] -- Installing: /home/sash/smart_cane_ws/install/smart_cane_interfaces/include/smart_cane_interfaces/smart_cane_interfaces/msg/detail/feedback_command__type_support.h
[20.085s] -- Installing: /home/sash/smart_cane_ws/install/smart_cane_interfaces/include/smart_cane_interfaces/smart_cane_interfaces/msg/detail/ultrasonic_data__struct.h
[20.086s] -- Installing: /home/sash/smart_cane_ws/install/smart_cane_interfaces/include/smart_cane_interfaces/smart_cane_interfaces/msg/detail/detection_result__functions.h
[20.086s] -- Installing: /home/sash/smart_cane_ws/install/smart_cane_interfaces/include/smart_cane_interfaces/smart_cane_interfaces/msg/detail/ultrasonic_data__functions.c
[20.087s] -- Installing: /home/sash/smart_cane_ws/install/smart_cane_interfaces/include/smart_cane_interfaces/smart_cane_interfaces/msg/detail/feedback_command__struct.h
[20.087s] -- Installing: /home/sash/smart_cane_ws/install/smart_cane_interfaces/include/smart_cane_interfaces/smart_cane_interfaces/msg/detail/feedback_command__functions.c
[20.087s] -- Installing: /home/sash/smart_cane_ws/install/smart_cane_interfaces/include/smart_cane_interfaces/smart_cane_interfaces/msg/detail/ultrasonic_data__type_support.h
[20.087s] -- Installing: /home/sash/smart_cane_ws/install/smart_cane_interfaces/include/smart_cane_interfaces/smart_cane_interfaces/msg/detail/feedback_command__functions.h
[20.087s] -- Installing: /home/sash/smart_cane_ws/install/smart_cane_interfaces/include/smart_cane_interfaces/smart_cane_interfaces/msg/detail/detection_result__functions.c
[20.087s] -- Installing: /home/sash/smart_cane_ws/install/smart_cane_interfaces/include/smart_cane_interfaces/smart_cane_interfaces/msg/rosidl_generator_c__visibility_control.h
[20.088s] -- Installing: /home/sash/smart_cane_ws/install/smart_cane_interfaces/include/smart_cane_interfaces/smart_cane_interfaces/msg/ultrasonic_data.h
[20.088s] -- Installing: /home/sash/smart_cane_ws/install/smart_cane_interfaces/share/smart_cane_interfaces/environment/library_path.sh
[20.088s] -- Installing: /home/sash/smart_cane_ws/install/smart_cane_interfaces/share/smart_cane_interfaces/environment/library_path.dsv
[20.089s] -- Installing: /home/sash/smart_cane_ws/install/smart_cane_interfaces/lib/libsmart_cane_interfaces__rosidl_generator_c.so
[20.090s] -- Set runtime path of "/home/sash/smart_cane_ws/install/smart_cane_interfaces/lib/libsmart_cane_interfaces__rosidl_generator_c.so" to ""
[20.090s] -- Up-to-date: /home/sash/smart_cane_ws/install/smart_cane_interfaces/include/smart_cane_interfaces/smart_cane_interfaces
[20.091s] -- Up-to-date: /home/sash/smart_cane_ws/install/smart_cane_interfaces/include/smart_cane_interfaces/smart_cane_interfaces/msg
[20.091s] -- Installing: /home/sash/smart_cane_ws/install/smart_cane_interfaces/include/smart_cane_interfaces/smart_cane_interfaces/msg/rosidl_typesupport_fastrtps_c__visibility_control.h
[20.091s] -- Up-to-date: /home/sash/smart_cane_ws/install/smart_cane_interfaces/include/smart_cane_interfaces/smart_cane_interfaces/msg/detail
[20.091s] -- Installing: /home/sash/smart_cane_ws/install/smart_cane_interfaces/include/smart_cane_interfaces/smart_cane_interfaces/msg/detail/detection_result__rosidl_typesupport_fastrtps_c.h
[20.091s] -- Installing: /home/sash/smart_cane_ws/install/smart_cane_interfaces/include/smart_cane_interfaces/smart_cane_interfaces/msg/detail/ultrasonic_data__rosidl_typesupport_fastrtps_c.h
[20.091s] -- Installing: /home/sash/smart_cane_ws/install/smart_cane_interfaces/include/smart_cane_interfaces/smart_cane_interfaces/msg/detail/feedback_command__rosidl_typesupport_fastrtps_c.h
[20.091s] -- Installing: /home/sash/smart_cane_ws/install/smart_cane_interfaces/lib/libsmart_cane_interfaces__rosidl_typesupport_fastrtps_c.so
[20.092s] -- Set runtime path of "/home/sash/smart_cane_ws/install/smart_cane_interfaces/lib/libsmart_cane_interfaces__rosidl_typesupport_fastrtps_c.so" to ""
[20.093s] -- Up-to-date: /home/sash/smart_cane_ws/install/smart_cane_interfaces/include/smart_cane_interfaces/smart_cane_interfaces
[20.093s] -- Up-to-date: /home/sash/smart_cane_ws/install/smart_cane_interfaces/include/smart_cane_interfaces/smart_cane_interfaces/msg
[20.094s] -- Installing: /home/sash/smart_cane_ws/install/smart_cane_interfaces/include/smart_cane_interfaces/smart_cane_interfaces/msg/feedback_command.hpp
[20.094s] -- Up-to-date: /home/sash/smart_cane_ws/install/smart_cane_interfaces/include/smart_cane_interfaces/smart_cane_interfaces/msg/detail
[20.094s] -- Installing: /home/sash/smart_cane_ws/install/smart_cane_interfaces/include/smart_cane_interfaces/smart_cane_interfaces/msg/detail/ultrasonic_data__traits.hpp
[20.095s] -- Installing: /home/sash/smart_cane_ws/install/smart_cane_interfaces/include/smart_cane_interfaces/smart_cane_interfaces/msg/detail/feedback_command__type_support.hpp
[20.095s] -- Installing: /home/sash/smart_cane_ws/install/smart_cane_interfaces/include/smart_cane_interfaces/smart_cane_interfaces/msg/detail/ultrasonic_data__struct.hpp
[20.095s] -- Installing: /home/sash/smart_cane_ws/install/smart_cane_interfaces/include/smart_cane_interfaces/smart_cane_interfaces/msg/detail/feedback_command__traits.hpp
[20.095s] -- Installing: /home/sash/smart_cane_ws/install/smart_cane_interfaces/include/smart_cane_interfaces/smart_cane_interfaces/msg/detail/detection_result__builder.hpp
[20.096s] -- Installing: /home/sash/smart_cane_ws/install/smart_cane_interfaces/include/smart_cane_interfaces/smart_cane_interfaces/msg/detail/ultrasonic_data__type_support.hpp
[20.096s] -- Installing: /home/sash/smart_cane_ws/install/smart_cane_interfaces/include/smart_cane_interfaces/smart_cane_interfaces/msg/detail/detection_result__type_support.hpp
[20.096s] -- Installing: /home/sash/smart_cane_ws/install/smart_cane_interfaces/include/smart_cane_interfaces/smart_cane_interfaces/msg/detail/ultrasonic_data__builder.hpp
[20.097s] -- Installing: /home/sash/smart_cane_ws/install/smart_cane_interfaces/include/smart_cane_interfaces/smart_cane_interfaces/msg/detail/detection_result__struct.hpp
[20.097s] -- Installing: /home/sash/smart_cane_ws/install/smart_cane_interfaces/include/smart_cane_interfaces/smart_cane_interfaces/msg/detail/feedback_command__builder.hpp
[20.097s] -- Installing: /home/sash/smart_cane_ws/install/smart_cane_interfaces/include/smart_cane_interfaces/smart_cane_interfaces/msg/detail/detection_result__traits.hpp
[20.098s] -- Installing: /home/sash/smart_cane_ws/install/smart_cane_interfaces/include/smart_cane_interfaces/smart_cane_interfaces/msg/detail/feedback_command__struct.hpp
[20.098s] -- Installing: /home/sash/smart_cane_ws/install/smart_cane_interfaces/include/smart_cane_interfaces/smart_cane_interfaces/msg/rosidl_generator_cpp__visibility_control.hpp
[20.098s] -- Installing: /home/sash/smart_cane_ws/install/smart_cane_interfaces/include/smart_cane_interfaces/smart_cane_interfaces/msg/detection_result.hpp
[20.098s] -- Installing: /home/sash/smart_cane_ws/install/smart_cane_interfaces/include/smart_cane_interfaces/smart_cane_interfaces/msg/ultrasonic_data.hpp
[20.098s] -- Up-to-date: /home/sash/smart_cane_ws/install/smart_cane_interfaces/include/smart_cane_interfaces/smart_cane_interfaces
[20.099s] -- Up-to-date: /home/sash/smart_cane_ws/install/smart_cane_interfaces/include/smart_cane_interfaces/smart_cane_interfaces/msg
[20.099s] -- Up-to-date: /home/sash/smart_cane_ws/install/smart_cane_interfaces/include/smart_cane_interfaces/smart_cane_interfaces/msg/detail
[20.099s] -- Installing: /home/sash/smart_cane_ws/install/smart_cane_interfaces/include/smart_cane_interfaces/smart_cane_interfaces/msg/detail/ultrasonic_data__rosidl_typesupport_fastrtps_cpp.hpp
[20.100s] -- Installing: /home/sash/smart_cane_ws/install/smart_cane_interfaces/include/smart_cane_interfaces/smart_cane_interfaces/msg/detail/dds_fastrtps
[20.100s] -- Installing: /home/sash/smart_cane_ws/install/smart_cane_interfaces/include/smart_cane_interfaces/smart_cane_interfaces/msg/detail/feedback_command__rosidl_typesupport_fastrtps_cpp.hpp
[20.100s] -- Installing: /home/sash/smart_cane_ws/install/smart_cane_interfaces/include/smart_cane_interfaces/smart_cane_interfaces/msg/detail/detection_result__rosidl_typesupport_fastrtps_cpp.hpp
[20.101s] -- Installing: /home/sash/smart_cane_ws/install/smart_cane_interfaces/include/smart_cane_interfaces/smart_cane_interfaces/msg/rosidl_typesupport_fastrtps_cpp__visibility_control.h
[20.101s] -- Installing: /home/sash/smart_cane_ws/install/smart_cane_interfaces/lib/libsmart_cane_interfaces__rosidl_typesupport_fastrtps_cpp.so
[20.101s] -- Set runtime path of "/home/sash/smart_cane_ws/install/smart_cane_interfaces/lib/libsmart_cane_interfaces__rosidl_typesupport_fastrtps_cpp.so" to ""
[20.102s] -- Up-to-date: /home/sash/smart_cane_ws/install/smart_cane_interfaces/include/smart_cane_interfaces/smart_cane_interfaces
[20.102s] -- Up-to-date: /home/sash/smart_cane_ws/install/smart_cane_interfaces/include/smart_cane_interfaces/smart_cane_interfaces/msg
[20.102s] -- Installing: /home/sash/smart_cane_ws/install/smart_cane_interfaces/include/smart_cane_interfaces/smart_cane_interfaces/msg/rosidl_typesupport_introspection_c__visibility_control.h
[20.103s] -- Up-to-date: /home/sash/smart_cane_ws/install/smart_cane_interfaces/include/smart_cane_interfaces/smart_cane_interfaces/msg/detail
[20.103s] -- Installing: /home/sash/smart_cane_ws/install/smart_cane_interfaces/include/smart_cane_interfaces/smart_cane_interfaces/msg/detail/feedback_command__rosidl_typesupport_introspection_c.h
[20.103s] -- Installing: /home/sash/smart_cane_ws/install/smart_cane_interfaces/include/smart_cane_interfaces/smart_cane_interfaces/msg/detail/detection_result__type_support.c
[20.104s] -- Installing: /home/sash/smart_cane_ws/install/smart_cane_interfaces/include/smart_cane_interfaces/smart_cane_interfaces/msg/detail/feedback_command__type_support.c
[20.104s] -- Installing: /home/sash/smart_cane_ws/install/smart_cane_interfaces/include/smart_cane_interfaces/smart_cane_interfaces/msg/detail/ultrasonic_data__rosidl_typesupport_introspection_c.h
[20.104s] -- Installing: /home/sash/smart_cane_ws/install/smart_cane_interfaces/include/smart_cane_interfaces/smart_cane_interfaces/msg/detail/ultrasonic_data__type_support.c
[20.104s] -- Installing: /home/sash/smart_cane_ws/install/smart_cane_interfaces/include/smart_cane_interfaces/smart_cane_interfaces/msg/detail/detection_result__rosidl_typesupport_introspection_c.h
[20.105s] -- Installing: /home/sash/smart_cane_ws/install/smart_cane_interfaces/lib/libsmart_cane_interfaces__rosidl_typesupport_introspection_c.so
[20.105s] -- Set runtime path of "/home/sash/smart_cane_ws/install/smart_cane_interfaces/lib/libsmart_cane_interfaces__rosidl_typesupport_introspection_c.so" to ""
[20.105s] -- Installing: /home/sash/smart_cane_ws/install/smart_cane_interfaces/lib/libsmart_cane_interfaces__rosidl_typesupport_c.so
[20.106s] -- Set runtime path of "/home/sash/smart_cane_ws/install/smart_cane_interfaces/lib/libsmart_cane_interfaces__rosidl_typesupport_c.so" to ""
[20.106s] -- Up-to-date: /home/sash/smart_cane_ws/install/smart_cane_interfaces/include/smart_cane_interfaces/smart_cane_interfaces
[20.106s] -- Up-to-date: /home/sash/smart_cane_ws/install/smart_cane_interfaces/include/smart_cane_interfaces/smart_cane_interfaces/msg
[20.106s] -- Up-to-date: /home/sash/smart_cane_ws/install/smart_cane_interfaces/include/smart_cane_interfaces/smart_cane_interfaces/msg/detail
[20.107s] -- Installing: /home/sash/smart_cane_ws/install/smart_cane_interfaces/include/smart_cane_interfaces/smart_cane_interfaces/msg/detail/detection_result__type_support.cpp
[20.107s] -- Installing: /home/sash/smart_cane_ws/install/smart_cane_interfaces/include/smart_cane_interfaces/smart_cane_interfaces/msg/detail/feedback_command__rosidl_typesupport_introspection_cpp.hpp
[20.107s] -- Installing: /home/sash/smart_cane_ws/install/smart_cane_interfaces/include/smart_cane_interfaces/smart_cane_interfaces/msg/detail/ultrasonic_data__type_support.cpp
[20.108s] -- Installing: /home/sash/smart_cane_ws/install/smart_cane_interfaces/include/smart_cane_interfaces/smart_cane_interfaces/msg/detail/ultrasonic_data__rosidl_typesupport_introspection_cpp.hpp
[20.108s] -- Installing: /home/sash/smart_cane_ws/install/smart_cane_interfaces/include/smart_cane_interfaces/smart_cane_interfaces/msg/detail/detection_result__rosidl_typesupport_introspection_cpp.hpp
[20.108s] -- Installing: /home/sash/smart_cane_ws/install/smart_cane_interfaces/include/smart_cane_interfaces/smart_cane_interfaces/msg/detail/feedback_command__type_support.cpp
[20.109s] -- Installing: /home/sash/smart_cane_ws/install/smart_cane_interfaces/lib/libsmart_cane_interfaces__rosidl_typesupport_introspection_cpp.so
[20.109s] -- Set runtime path of "/home/sash/smart_cane_ws/install/smart_cane_interfaces/lib/libsmart_cane_interfaces__rosidl_typesupport_introspection_cpp.so" to ""
[20.109s] -- Installing: /home/sash/smart_cane_ws/install/smart_cane_interfaces/lib/libsmart_cane_interfaces__rosidl_typesupport_cpp.so
[20.109s] -- Set runtime path of "/home/sash/smart_cane_ws/install/smart_cane_interfaces/lib/libsmart_cane_interfaces__rosidl_typesupport_cpp.so" to ""
[20.110s] -- Installing: /home/sash/smart_cane_ws/install/smart_cane_interfaces/share/smart_cane_interfaces/msg/UltrasonicData.idl
[20.110s] -- Installing: /home/sash/smart_cane_ws/install/smart_cane_interfaces/share/smart_cane_interfaces/msg/DetectionResult.idl
[20.110s] -- Installing: /home/sash/smart_cane_ws/install/smart_cane_interfaces/share/smart_cane_interfaces/msg/FeedbackCommand.idl
[20.111s] -- Installing: /home/sash/smart_cane_ws/install/smart_cane_interfaces/share/smart_cane_interfaces/msg/UltrasonicData.msg
[20.111s] -- Installing: /home/sash/smart_cane_ws/install/smart_cane_interfaces/share/smart_cane_interfaces/msg/DetectionResult.msg
[20.111s] -- Installing: /home/sash/smart_cane_ws/install/smart_cane_interfaces/share/smart_cane_interfaces/msg/FeedbackCommand.msg
[20.111s] -- Installing: /home/sash/smart_cane_ws/install/smart_cane_interfaces/share/ament_index/resource_index/package_run_dependencies/smart_cane_interfaces
[20.111s] -- Installing: /home/sash/smart_cane_ws/install/smart_cane_interfaces/share/ament_index/resource_index/parent_prefix_path/smart_cane_interfaces
[20.112s] -- Installing: /home/sash/smart_cane_ws/install/smart_cane_interfaces/share/smart_cane_interfaces/environment/ament_prefix_path.sh
[20.112s] -- Installing: /home/sash/smart_cane_ws/install/smart_cane_interfaces/share/smart_cane_interfaces/environment/ament_prefix_path.dsv
[20.113s] -- Installing: /home/sash/smart_cane_ws/install/smart_cane_interfaces/share/smart_cane_interfaces/environment/path.sh
[20.113s] -- Installing: /home/sash/smart_cane_ws/install/smart_cane_interfaces/share/smart_cane_interfaces/environment/path.dsv
[20.113s] -- Installing: /home/sash/smart_cane_ws/install/smart_cane_interfaces/share/smart_cane_interfaces/local_setup.bash
[20.114s] -- Installing: /home/sash/smart_cane_ws/install/smart_cane_interfaces/share/smart_cane_interfaces/local_setup.sh
[20.114s] -- Installing: /home/sash/smart_cane_ws/install/smart_cane_interfaces/share/smart_cane_interfaces/local_setup.zsh
[20.115s] -- Installing: /home/sash/smart_cane_ws/install/smart_cane_interfaces/share/smart_cane_interfaces/local_setup.dsv
[20.115s] -- Installing: /home/sash/smart_cane_ws/install/smart_cane_interfaces/share/smart_cane_interfaces/package.dsv
[20.116s] -- Installing: /home/sash/smart_cane_ws/install/smart_cane_interfaces/share/ament_index/resource_index/packages/smart_cane_interfaces
[20.116s] -- Installing: /home/sash/smart_cane_ws/install/smart_cane_interfaces/share/smart_cane_interfaces/cmake/export_smart_cane_interfaces__rosidl_generator_cExport.cmake
[20.116s] -- Installing: /home/sash/smart_cane_ws/install/smart_cane_interfaces/share/smart_cane_interfaces/cmake/export_smart_cane_interfaces__rosidl_generator_cExport-noconfig.cmake
[20.117s] -- Installing: /home/sash/smart_cane_ws/install/smart_cane_interfaces/share/smart_cane_interfaces/cmake/export_smart_cane_interfaces__rosidl_typesupport_fastrtps_cExport.cmake
[20.117s] -- Installing: /home/sash/smart_cane_ws/install/smart_cane_interfaces/share/smart_cane_interfaces/cmake/export_smart_cane_interfaces__rosidl_typesupport_fastrtps_cExport-noconfig.cmake
[20.117s] -- Installing: /home/sash/smart_cane_ws/install/smart_cane_interfaces/share/smart_cane_interfaces/cmake/export_smart_cane_interfaces__rosidl_generator_cppExport.cmake
[20.117s] -- Installing: /home/sash/smart_cane_ws/install/smart_cane_interfaces/share/smart_cane_interfaces/cmake/export_smart_cane_interfaces__rosidl_typesupport_fastrtps_cppExport.cmake
[20.118s] -- Installing: /home/sash/smart_cane_ws/install/smart_cane_interfaces/share/smart_cane_interfaces/cmake/export_smart_cane_interfaces__rosidl_typesupport_fastrtps_cppExport-noconfig.cmake
[20.118s] -- Installing: /home/sash/smart_cane_ws/install/smart_cane_interfaces/share/smart_cane_interfaces/cmake/smart_cane_interfaces__rosidl_typesupport_introspection_cExport.cmake
[20.118s] -- Installing: /home/sash/smart_cane_ws/install/smart_cane_interfaces/share/smart_cane_interfaces/cmake/smart_cane_interfaces__rosidl_typesupport_introspection_cExport-noconfig.cmake
[20.119s] -- Installing: /home/sash/smart_cane_ws/install/smart_cane_interfaces/share/smart_cane_interfaces/cmake/smart_cane_interfaces__rosidl_typesupport_cExport.cmake
[20.119s] -- Installing: /home/sash/smart_cane_ws/install/smart_cane_interfaces/share/smart_cane_interfaces/cmake/smart_cane_interfaces__rosidl_typesupport_cExport-noconfig.cmake
[20.119s] -- Installing: /home/sash/smart_cane_ws/install/smart_cane_interfaces/share/smart_cane_interfaces/cmake/smart_cane_interfaces__rosidl_typesupport_introspection_cppExport.cmake
[20.120s] -- Installing: /home/sash/smart_cane_ws/install/smart_cane_interfaces/share/smart_cane_interfaces/cmake/smart_cane_interfaces__rosidl_typesupport_introspection_cppExport-noconfig.cmake
[20.120s] -- Installing: /home/sash/smart_cane_ws/install/smart_cane_interfaces/share/smart_cane_interfaces/cmake/smart_cane_interfaces__rosidl_typesupport_cppExport.cmake
[20.120s] -- Installing: /home/sash/smart_cane_ws/install/smart_cane_interfaces/share/smart_cane_interfaces/cmake/smart_cane_interfaces__rosidl_typesupport_cppExport-noconfig.cmake
[20.121s] -- Installing: /home/sash/smart_cane_ws/install/smart_cane_interfaces/share/smart_cane_interfaces/cmake/rosidl_cmake-extras.cmake
[20.121s] -- Installing: /home/sash/smart_cane_ws/install/smart_cane_interfaces/share/smart_cane_interfaces/cmake/ament_cmake_export_dependencies-extras.cmake
[20.121s] -- Installing: /home/sash/smart_cane_ws/install/smart_cane_interfaces/share/smart_cane_interfaces/cmake/ament_cmake_export_include_directories-extras.cmake
[20.122s] -- Installing: /home/sash/smart_cane_ws/install/smart_cane_interfaces/share/smart_cane_interfaces/cmake/ament_cmake_export_libraries-extras.cmake
[20.122s] -- Installing: /home/sash/smart_cane_ws/install/smart_cane_interfaces/share/smart_cane_interfaces/cmake/ament_cmake_export_targets-extras.cmake
[20.122s] -- Installing: /home/sash/smart_cane_ws/install/smart_cane_interfaces/share/smart_cane_interfaces/cmake/rosidl_cmake_export_typesupport_targets-extras.cmake
[20.123s] -- Installing: /home/sash/smart_cane_ws/install/smart_cane_interfaces/share/smart_cane_interfaces/cmake/rosidl_cmake_export_typesupport_libraries-extras.cmake
[20.123s] -- Installing: /home/sash/smart_cane_ws/install/smart_cane_interfaces/share/smart_cane_interfaces/cmake/smart_cane_interfacesConfig.cmake
[20.124s] -- Installing: /home/sash/smart_cane_ws/install/smart_cane_interfaces/share/smart_cane_interfaces/cmake/smart_cane_interfacesConfig-version.cmake
[20.124s] -- Installing: /home/sash/smart_cane_ws/install/smart_cane_interfaces/share/smart_cane_interfaces/package.xml
[20.127s] Invoked command in '/home/sash/smart_cane_ws/build/smart_cane_interfaces' returned '0': CMAKE_PREFIX_PATH=/home/sash/smart_cane_ws/install/smart_cane_system:/opt/ros/humble /usr/bin/cmake --install /home/sash/smart_cane_ws/build/smart_cane_interfaces
