running egg_info
writing ../../build/smart_cane_system/smart_cane_system.egg-info/PKG-INFO
writing dependency_links to ../../build/smart_cane_system/smart_cane_system.egg-info/dependency_links.txt
writing entry points to ../../build/smart_cane_system/smart_cane_system.egg-info/entry_points.txt
writing requirements to ../../build/smart_cane_system/smart_cane_system.egg-info/requires.txt
writing top-level names to ../../build/smart_cane_system/smart_cane_system.egg-info/top_level.txt
reading manifest file '../../build/smart_cane_system/smart_cane_system.egg-info/SOURCES.txt'
writing manifest file '../../build/smart_cane_system/smart_cane_system.egg-info/SOURCES.txt'
running build
running build_py
copying smart_cane_system/camera_node.py -> /home/sash/smart_cane_ws/build/smart_cane_system/build/lib/smart_cane_system
copying smart_cane_system/ultrasonic_node.py -> /home/sash/smart_cane_ws/build/smart_cane_system/build/lib/smart_cane_system
copying smart_cane_system/detection_node.py -> /home/sash/smart_cane_ws/build/smart_cane_system/build/lib/smart_cane_system
copying smart_cane_system/feedback_node.py -> /home/sash/smart_cane_ws/build/smart_cane_system/build/lib/smart_cane_system
running install
running install_lib
copying /home/sash/smart_cane_ws/build/smart_cane_system/build/lib/smart_cane_system/camera_node.py -> /home/sash/smart_cane_ws/install/smart_cane_system/lib/python3.10/site-packages/smart_cane_system
copying /home/sash/smart_cane_ws/build/smart_cane_system/build/lib/smart_cane_system/ultrasonic_node.py -> /home/sash/smart_cane_ws/install/smart_cane_system/lib/python3.10/site-packages/smart_cane_system
copying /home/sash/smart_cane_ws/build/smart_cane_system/build/lib/smart_cane_system/detection_node.py -> /home/sash/smart_cane_ws/install/smart_cane_system/lib/python3.10/site-packages/smart_cane_system
copying /home/sash/smart_cane_ws/build/smart_cane_system/build/lib/smart_cane_system/feedback_node.py -> /home/sash/smart_cane_ws/install/smart_cane_system/lib/python3.10/site-packages/smart_cane_system
byte-compiling /home/sash/smart_cane_ws/install/smart_cane_system/lib/python3.10/site-packages/smart_cane_system/camera_node.py to camera_node.cpython-310.pyc
byte-compiling /home/sash/smart_cane_ws/install/smart_cane_system/lib/python3.10/site-packages/smart_cane_system/ultrasonic_node.py to ultrasonic_node.cpython-310.pyc
byte-compiling /home/sash/smart_cane_ws/install/smart_cane_system/lib/python3.10/site-packages/smart_cane_system/detection_node.py to detection_node.cpython-310.pyc
byte-compiling /home/sash/smart_cane_ws/install/smart_cane_system/lib/python3.10/site-packages/smart_cane_system/feedback_node.py to feedback_node.cpython-310.pyc
running install_data
copying package.xml -> /home/sash/smart_cane_ws/install/smart_cane_system/share/smart_cane_system
creating /home/sash/smart_cane_ws/install/smart_cane_system/share/smart_cane_system/launch
running install_egg_info
removing '/home/sash/smart_cane_ws/install/smart_cane_system/lib/python3.10/site-packages/smart_cane_system-0.0.0-py3.10.egg-info' (and everything under it)
Copying ../../build/smart_cane_system/smart_cane_system.egg-info to /home/sash/smart_cane_ws/install/smart_cane_system/lib/python3.10/site-packages/smart_cane_system-0.0.0-py3.10.egg-info
running install_scripts
writing list of installed files to '/home/sash/smart_cane_ws/build/smart_cane_system/install.log'
