[0.023s] Invoking command in '/home/sash/smart_cane_ws/build/smart_cane_interfaces': CMAKE_PREFIX_PATH=${CMAKE_PREFIX_PATH}:/home/sash/smart_cane_ws/install/smart_cane_system:/opt/ros/humble /usr/bin/cmake --build /home/sash/smart_cane_ws/build/smart_cane_interfaces -- -j4 -l4
[1.602s] [ 13%] Built target smart_cane_interfaces__rosidl_generator_c
[1.644s] [ 16%] Built target smart_cane_interfaces__cpp
[1.820s] [ 30%] Built target smart_cane_interfaces__rosidl_typesupport_c
[1.874s] [ 44%] Built target smart_cane_interfaces__rosidl_typesupport_cpp
[1.906s] [ 58%] Built target smart_cane_interfaces__rosidl_typesupport_fastrtps_cpp
[2.430s] [ 72%] Built target smart_cane_interfaces__rosidl_typesupport_introspection_cpp
[2.512s] [ 86%] Built target smart_cane_interfaces__rosidl_typesupport_introspection_c
[3.103s] [100%] Built target smart_cane_interfaces__rosidl_typesupport_fastrtps_c
[3.146s] [100%] Built target smart_cane_interfaces
[3.164s] Invoked command in '/home/sash/smart_cane_ws/build/smart_cane_interfaces' returned '0': CMAKE_PREFIX_PATH=${CMAKE_PREFIX_PATH}:/home/sash/smart_cane_ws/install/smart_cane_system:/opt/ros/humble /usr/bin/cmake --build /home/sash/smart_cane_ws/build/smart_cane_interfaces -- -j4 -l4
[3.176s] Invoking command in '/home/sash/smart_cane_ws/build/smart_cane_interfaces': CMAKE_PREFIX_PATH=${CMAKE_PREFIX_PATH}:/home/sash/smart_cane_ws/install/smart_cane_system:/opt/ros/humble /usr/bin/cmake --install /home/sash/smart_cane_ws/build/smart_cane_interfaces
[3.186s] -- Install configuration: ""
[3.187s] -- Up-to-date: /home/sash/smart_cane_ws/install/smart_cane_interfaces/share/ament_index/resource_index/rosidl_interfaces/smart_cane_interfaces
[3.187s] -- Up-to-date: /home/sash/smart_cane_ws/install/smart_cane_interfaces/include/smart_cane_interfaces/smart_cane_interfaces
[3.187s] -- Up-to-date: /home/sash/smart_cane_ws/install/smart_cane_interfaces/include/smart_cane_interfaces/smart_cane_interfaces/msg
[3.188s] -- Up-to-date: /home/sash/smart_cane_ws/install/smart_cane_interfaces/include/smart_cane_interfaces/smart_cane_interfaces/msg/detection_result.h
[3.188s] -- Up-to-date: /home/sash/smart_cane_ws/install/smart_cane_interfaces/include/smart_cane_interfaces/smart_cane_interfaces/msg/feedback_command.h
[3.188s] -- Up-to-date: /home/sash/smart_cane_ws/install/smart_cane_interfaces/include/smart_cane_interfaces/smart_cane_interfaces/msg/detail
[3.188s] -- Up-to-date: /home/sash/smart_cane_ws/install/smart_cane_interfaces/include/smart_cane_interfaces/smart_cane_interfaces/msg/detail/detection_result__type_support.h
[3.189s] -- Up-to-date: /home/sash/smart_cane_ws/install/smart_cane_interfaces/include/smart_cane_interfaces/smart_cane_interfaces/msg/detail/detection_result__struct.h
[3.189s] -- Up-to-date: /home/sash/smart_cane_ws/install/smart_cane_interfaces/include/smart_cane_interfaces/smart_cane_interfaces/msg/detail/ultrasonic_data__functions.h
[3.189s] -- Up-to-date: /home/sash/smart_cane_ws/install/smart_cane_interfaces/include/smart_cane_interfaces/smart_cane_interfaces/msg/detail/feedback_command__type_support.h
[3.190s] -- Up-to-date: /home/sash/smart_cane_ws/install/smart_cane_interfaces/include/smart_cane_interfaces/smart_cane_interfaces/msg/detail/ultrasonic_data__struct.h
[3.190s] -- Up-to-date: /home/sash/smart_cane_ws/install/smart_cane_interfaces/include/smart_cane_interfaces/smart_cane_interfaces/msg/detail/detection_result__functions.h
[3.190s] -- Up-to-date: /home/sash/smart_cane_ws/install/smart_cane_interfaces/include/smart_cane_interfaces/smart_cane_interfaces/msg/detail/ultrasonic_data__functions.c
[3.191s] -- Up-to-date: /home/sash/smart_cane_ws/install/smart_cane_interfaces/include/smart_cane_interfaces/smart_cane_interfaces/msg/detail/feedback_command__struct.h
[3.191s] -- Up-to-date: /home/sash/smart_cane_ws/install/smart_cane_interfaces/include/smart_cane_interfaces/smart_cane_interfaces/msg/detail/feedback_command__functions.c
[3.191s] -- Up-to-date: /home/sash/smart_cane_ws/install/smart_cane_interfaces/include/smart_cane_interfaces/smart_cane_interfaces/msg/detail/ultrasonic_data__type_support.h
[3.191s] -- Up-to-date: /home/sash/smart_cane_ws/install/smart_cane_interfaces/include/smart_cane_interfaces/smart_cane_interfaces/msg/detail/feedback_command__functions.h
[3.192s] -- Up-to-date: /home/sash/smart_cane_ws/install/smart_cane_interfaces/include/smart_cane_interfaces/smart_cane_interfaces/msg/detail/detection_result__functions.c
[3.192s] -- Up-to-date: /home/sash/smart_cane_ws/install/smart_cane_interfaces/include/smart_cane_interfaces/smart_cane_interfaces/msg/rosidl_generator_c__visibility_control.h
[3.192s] -- Up-to-date: /home/sash/smart_cane_ws/install/smart_cane_interfaces/include/smart_cane_interfaces/smart_cane_interfaces/msg/ultrasonic_data.h
[3.192s] -- Up-to-date: /home/sash/smart_cane_ws/install/smart_cane_interfaces/share/smart_cane_interfaces/environment/library_path.sh
[3.193s] -- Up-to-date: /home/sash/smart_cane_ws/install/smart_cane_interfaces/share/smart_cane_interfaces/environment/library_path.dsv
[3.193s] -- Up-to-date: /home/sash/smart_cane_ws/install/smart_cane_interfaces/lib/libsmart_cane_interfaces__rosidl_generator_c.so
[3.193s] -- Up-to-date: /home/sash/smart_cane_ws/install/smart_cane_interfaces/include/smart_cane_interfaces/smart_cane_interfaces
[3.194s] -- Up-to-date: /home/sash/smart_cane_ws/install/smart_cane_interfaces/include/smart_cane_interfaces/smart_cane_interfaces/msg
[3.194s] -- Up-to-date: /home/sash/smart_cane_ws/install/smart_cane_interfaces/include/smart_cane_interfaces/smart_cane_interfaces/msg/rosidl_typesupport_fastrtps_c__visibility_control.h
[3.194s] -- Up-to-date: /home/sash/smart_cane_ws/install/smart_cane_interfaces/include/smart_cane_interfaces/smart_cane_interfaces/msg/detail
[3.195s] -- Up-to-date: /home/sash/smart_cane_ws/install/smart_cane_interfaces/include/smart_cane_interfaces/smart_cane_interfaces/msg/detail/detection_result__rosidl_typesupport_fastrtps_c.h
[3.195s] -- Up-to-date: /home/sash/smart_cane_ws/install/smart_cane_interfaces/include/smart_cane_interfaces/smart_cane_interfaces/msg/detail/ultrasonic_data__rosidl_typesupport_fastrtps_c.h
[3.196s] -- Up-to-date: /home/sash/smart_cane_ws/install/smart_cane_interfaces/include/smart_cane_interfaces/smart_cane_interfaces/msg/detail/feedback_command__rosidl_typesupport_fastrtps_c.h
[3.196s] -- Up-to-date: /home/sash/smart_cane_ws/install/smart_cane_interfaces/lib/libsmart_cane_interfaces__rosidl_typesupport_fastrtps_c.so
[3.196s] -- Up-to-date: /home/sash/smart_cane_ws/install/smart_cane_interfaces/include/smart_cane_interfaces/smart_cane_interfaces
[3.197s] -- Up-to-date: /home/sash/smart_cane_ws/install/smart_cane_interfaces/include/smart_cane_interfaces/smart_cane_interfaces/msg
[3.197s] -- Up-to-date: /home/sash/smart_cane_ws/install/smart_cane_interfaces/include/smart_cane_interfaces/smart_cane_interfaces/msg/feedback_command.hpp
[3.197s] -- Up-to-date: /home/sash/smart_cane_ws/install/smart_cane_interfaces/include/smart_cane_interfaces/smart_cane_interfaces/msg/detail
[3.198s] -- Up-to-date: /home/sash/smart_cane_ws/install/smart_cane_interfaces/include/smart_cane_interfaces/smart_cane_interfaces/msg/detail/ultrasonic_data__traits.hpp
[3.198s] -- Up-to-date: /home/sash/smart_cane_ws/install/smart_cane_interfaces/include/smart_cane_interfaces/smart_cane_interfaces/msg/detail/feedback_command__type_support.hpp
[3.198s] -- Up-to-date: /home/sash/smart_cane_ws/install/smart_cane_interfaces/include/smart_cane_interfaces/smart_cane_interfaces/msg/detail/ultrasonic_data__struct.hpp
[3.198s] -- Up-to-date: /home/sash/smart_cane_ws/install/smart_cane_interfaces/include/smart_cane_interfaces/smart_cane_interfaces/msg/detail/feedback_command__traits.hpp
[3.199s] -- Up-to-date: /home/sash/smart_cane_ws/install/smart_cane_interfaces/include/smart_cane_interfaces/smart_cane_interfaces/msg/detail/detection_result__builder.hpp
[3.199s] -- Up-to-date: /home/sash/smart_cane_ws/install/smart_cane_interfaces/include/smart_cane_interfaces/smart_cane_interfaces/msg/detail/ultrasonic_data__type_support.hpp
[3.199s] -- Up-to-date: /home/sash/smart_cane_ws/install/smart_cane_interfaces/include/smart_cane_interfaces/smart_cane_interfaces/msg/detail/detection_result__type_support.hpp
[3.200s] -- Up-to-date: /home/sash/smart_cane_ws/install/smart_cane_interfaces/include/smart_cane_interfaces/smart_cane_interfaces/msg/detail/ultrasonic_data__builder.hpp
[3.200s] -- Up-to-date: /home/sash/smart_cane_ws/install/smart_cane_interfaces/include/smart_cane_interfaces/smart_cane_interfaces/msg/detail/detection_result__struct.hpp
[3.200s] -- Up-to-date: /home/sash/smart_cane_ws/install/smart_cane_interfaces/include/smart_cane_interfaces/smart_cane_interfaces/msg/detail/feedback_command__builder.hpp
[3.201s] -- Up-to-date: /home/sash/smart_cane_ws/install/smart_cane_interfaces/include/smart_cane_interfaces/smart_cane_interfaces/msg/detail/detection_result__traits.hpp
[3.201s] -- Up-to-date: /home/sash/smart_cane_ws/install/smart_cane_interfaces/include/smart_cane_interfaces/smart_cane_interfaces/msg/detail/feedback_command__struct.hpp
[3.201s] -- Up-to-date: /home/sash/smart_cane_ws/install/smart_cane_interfaces/include/smart_cane_interfaces/smart_cane_interfaces/msg/rosidl_generator_cpp__visibility_control.hpp
[3.202s] -- Up-to-date: /home/sash/smart_cane_ws/install/smart_cane_interfaces/include/smart_cane_interfaces/smart_cane_interfaces/msg/detection_result.hpp
[3.202s] -- Up-to-date: /home/sash/smart_cane_ws/install/smart_cane_interfaces/include/smart_cane_interfaces/smart_cane_interfaces/msg/ultrasonic_data.hpp
[3.202s] -- Up-to-date: /home/sash/smart_cane_ws/install/smart_cane_interfaces/include/smart_cane_interfaces/smart_cane_interfaces
[3.203s] -- Up-to-date: /home/sash/smart_cane_ws/install/smart_cane_interfaces/include/smart_cane_interfaces/smart_cane_interfaces/msg
[3.203s] -- Up-to-date: /home/sash/smart_cane_ws/install/smart_cane_interfaces/include/smart_cane_interfaces/smart_cane_interfaces/msg/detail
[3.203s] -- Up-to-date: /home/sash/smart_cane_ws/install/smart_cane_interfaces/include/smart_cane_interfaces/smart_cane_interfaces/msg/detail/ultrasonic_data__rosidl_typesupport_fastrtps_cpp.hpp
[3.203s] -- Up-to-date: /home/sash/smart_cane_ws/install/smart_cane_interfaces/include/smart_cane_interfaces/smart_cane_interfaces/msg/detail/dds_fastrtps
[3.204s] -- Up-to-date: /home/sash/smart_cane_ws/install/smart_cane_interfaces/include/smart_cane_interfaces/smart_cane_interfaces/msg/detail/feedback_command__rosidl_typesupport_fastrtps_cpp.hpp
[3.204s] -- Up-to-date: /home/sash/smart_cane_ws/install/smart_cane_interfaces/include/smart_cane_interfaces/smart_cane_interfaces/msg/detail/detection_result__rosidl_typesupport_fastrtps_cpp.hpp
[3.204s] -- Up-to-date: /home/sash/smart_cane_ws/install/smart_cane_interfaces/include/smart_cane_interfaces/smart_cane_interfaces/msg/rosidl_typesupport_fastrtps_cpp__visibility_control.h
[3.204s] -- Up-to-date: /home/sash/smart_cane_ws/install/smart_cane_interfaces/lib/libsmart_cane_interfaces__rosidl_typesupport_fastrtps_cpp.so
[3.204s] -- Up-to-date: /home/sash/smart_cane_ws/install/smart_cane_interfaces/include/smart_cane_interfaces/smart_cane_interfaces
[3.205s] -- Up-to-date: /home/sash/smart_cane_ws/install/smart_cane_interfaces/include/smart_cane_interfaces/smart_cane_interfaces/msg
[3.205s] -- Up-to-date: /home/sash/smart_cane_ws/install/smart_cane_interfaces/include/smart_cane_interfaces/smart_cane_interfaces/msg/rosidl_typesupport_introspection_c__visibility_control.h
[3.205s] -- Up-to-date: /home/sash/smart_cane_ws/install/smart_cane_interfaces/include/smart_cane_interfaces/smart_cane_interfaces/msg/detail
[3.206s] -- Up-to-date: /home/sash/smart_cane_ws/install/smart_cane_interfaces/include/smart_cane_interfaces/smart_cane_interfaces/msg/detail/feedback_command__rosidl_typesupport_introspection_c.h
[3.206s] -- Up-to-date: /home/sash/smart_cane_ws/install/smart_cane_interfaces/include/smart_cane_interfaces/smart_cane_interfaces/msg/detail/detection_result__type_support.c
[3.207s] -- Up-to-date: /home/sash/smart_cane_ws/install/smart_cane_interfaces/include/smart_cane_interfaces/smart_cane_interfaces/msg/detail/feedback_command__type_support.c
[3.207s] -- Up-to-date: /home/sash/smart_cane_ws/install/smart_cane_interfaces/include/smart_cane_interfaces/smart_cane_interfaces/msg/detail/ultrasonic_data__rosidl_typesupport_introspection_c.h
[3.208s] -- Up-to-date: /home/sash/smart_cane_ws/install/smart_cane_interfaces/include/smart_cane_interfaces/smart_cane_interfaces/msg/detail/ultrasonic_data__type_support.c
[3.208s] -- Up-to-date: /home/sash/smart_cane_ws/install/smart_cane_interfaces/include/smart_cane_interfaces/smart_cane_interfaces/msg/detail/detection_result__rosidl_typesupport_introspection_c.h
[3.209s] -- Up-to-date: /home/sash/smart_cane_ws/install/smart_cane_interfaces/lib/libsmart_cane_interfaces__rosidl_typesupport_introspection_c.so
[3.210s] -- Up-to-date: /home/sash/smart_cane_ws/install/smart_cane_interfaces/lib/libsmart_cane_interfaces__rosidl_typesupport_c.so
[3.210s] -- Up-to-date: /home/sash/smart_cane_ws/install/smart_cane_interfaces/include/smart_cane_interfaces/smart_cane_interfaces
[3.210s] -- Up-to-date: /home/sash/smart_cane_ws/install/smart_cane_interfaces/include/smart_cane_interfaces/smart_cane_interfaces/msg
[3.211s] -- Up-to-date: /home/sash/smart_cane_ws/install/smart_cane_interfaces/include/smart_cane_interfaces/smart_cane_interfaces/msg/detail
[3.211s] -- Up-to-date: /home/sash/smart_cane_ws/install/smart_cane_interfaces/include/smart_cane_interfaces/smart_cane_interfaces/msg/detail/detection_result__type_support.cpp
[3.211s] -- Up-to-date: /home/sash/smart_cane_ws/install/smart_cane_interfaces/include/smart_cane_interfaces/smart_cane_interfaces/msg/detail/feedback_command__rosidl_typesupport_introspection_cpp.hpp
[3.212s] -- Up-to-date: /home/sash/smart_cane_ws/install/smart_cane_interfaces/include/smart_cane_interfaces/smart_cane_interfaces/msg/detail/ultrasonic_data__type_support.cpp
[3.212s] -- Up-to-date: /home/sash/smart_cane_ws/install/smart_cane_interfaces/include/smart_cane_interfaces/smart_cane_interfaces/msg/detail/ultrasonic_data__rosidl_typesupport_introspection_cpp.hpp
[3.213s] -- Up-to-date: /home/sash/smart_cane_ws/install/smart_cane_interfaces/include/smart_cane_interfaces/smart_cane_interfaces/msg/detail/detection_result__rosidl_typesupport_introspection_cpp.hpp
[3.213s] -- Up-to-date: /home/sash/smart_cane_ws/install/smart_cane_interfaces/include/smart_cane_interfaces/smart_cane_interfaces/msg/detail/feedback_command__type_support.cpp
[3.213s] -- Up-to-date: /home/sash/smart_cane_ws/install/smart_cane_interfaces/lib/libsmart_cane_interfaces__rosidl_typesupport_introspection_cpp.so
[3.213s] -- Up-to-date: /home/sash/smart_cane_ws/install/smart_cane_interfaces/lib/libsmart_cane_interfaces__rosidl_typesupport_cpp.so
[3.214s] -- Up-to-date: /home/sash/smart_cane_ws/install/smart_cane_interfaces/share/smart_cane_interfaces/msg/UltrasonicData.idl
[3.214s] -- Up-to-date: /home/sash/smart_cane_ws/install/smart_cane_interfaces/share/smart_cane_interfaces/msg/DetectionResult.idl
[3.214s] -- Up-to-date: /home/sash/smart_cane_ws/install/smart_cane_interfaces/share/smart_cane_interfaces/msg/FeedbackCommand.idl
[3.215s] -- Up-to-date: /home/sash/smart_cane_ws/install/smart_cane_interfaces/share/smart_cane_interfaces/msg/UltrasonicData.msg
[3.215s] -- Up-to-date: /home/sash/smart_cane_ws/install/smart_cane_interfaces/share/smart_cane_interfaces/msg/DetectionResult.msg
[3.215s] -- Up-to-date: /home/sash/smart_cane_ws/install/smart_cane_interfaces/share/smart_cane_interfaces/msg/FeedbackCommand.msg
[3.216s] -- Up-to-date: /home/sash/smart_cane_ws/install/smart_cane_interfaces/share/ament_index/resource_index/package_run_dependencies/smart_cane_interfaces
[3.216s] -- Up-to-date: /home/sash/smart_cane_ws/install/smart_cane_interfaces/share/ament_index/resource_index/parent_prefix_path/smart_cane_interfaces
[3.216s] -- Up-to-date: /home/sash/smart_cane_ws/install/smart_cane_interfaces/share/smart_cane_interfaces/environment/ament_prefix_path.sh
[3.217s] -- Up-to-date: /home/sash/smart_cane_ws/install/smart_cane_interfaces/share/smart_cane_interfaces/environment/ament_prefix_path.dsv
[3.217s] -- Up-to-date: /home/sash/smart_cane_ws/install/smart_cane_interfaces/share/smart_cane_interfaces/environment/path.sh
[3.217s] -- Up-to-date: /home/sash/smart_cane_ws/install/smart_cane_interfaces/share/smart_cane_interfaces/environment/path.dsv
[3.218s] -- Up-to-date: /home/sash/smart_cane_ws/install/smart_cane_interfaces/share/smart_cane_interfaces/local_setup.bash
[3.218s] -- Up-to-date: /home/sash/smart_cane_ws/install/smart_cane_interfaces/share/smart_cane_interfaces/local_setup.sh
[3.219s] -- Up-to-date: /home/sash/smart_cane_ws/install/smart_cane_interfaces/share/smart_cane_interfaces/local_setup.zsh
[3.219s] -- Up-to-date: /home/sash/smart_cane_ws/install/smart_cane_interfaces/share/smart_cane_interfaces/local_setup.dsv
[3.219s] -- Installing: /home/sash/smart_cane_ws/install/smart_cane_interfaces/share/smart_cane_interfaces/package.dsv
[3.220s] -- Up-to-date: /home/sash/smart_cane_ws/install/smart_cane_interfaces/share/ament_index/resource_index/packages/smart_cane_interfaces
[3.221s] -- Up-to-date: /home/sash/smart_cane_ws/install/smart_cane_interfaces/share/smart_cane_interfaces/cmake/export_smart_cane_interfaces__rosidl_generator_cExport.cmake
[3.221s] -- Up-to-date: /home/sash/smart_cane_ws/install/smart_cane_interfaces/share/smart_cane_interfaces/cmake/export_smart_cane_interfaces__rosidl_generator_cExport-noconfig.cmake
[3.222s] -- Up-to-date: /home/sash/smart_cane_ws/install/smart_cane_interfaces/share/smart_cane_interfaces/cmake/export_smart_cane_interfaces__rosidl_typesupport_fastrtps_cExport.cmake
[3.222s] -- Up-to-date: /home/sash/smart_cane_ws/install/smart_cane_interfaces/share/smart_cane_interfaces/cmake/export_smart_cane_interfaces__rosidl_typesupport_fastrtps_cExport-noconfig.cmake
[3.222s] -- Up-to-date: /home/sash/smart_cane_ws/install/smart_cane_interfaces/share/smart_cane_interfaces/cmake/export_smart_cane_interfaces__rosidl_generator_cppExport.cmake
[3.223s] -- Up-to-date: /home/sash/smart_cane_ws/install/smart_cane_interfaces/share/smart_cane_interfaces/cmake/export_smart_cane_interfaces__rosidl_typesupport_fastrtps_cppExport.cmake
[3.223s] -- Up-to-date: /home/sash/smart_cane_ws/install/smart_cane_interfaces/share/smart_cane_interfaces/cmake/export_smart_cane_interfaces__rosidl_typesupport_fastrtps_cppExport-noconfig.cmake
[3.223s] -- Up-to-date: /home/sash/smart_cane_ws/install/smart_cane_interfaces/share/smart_cane_interfaces/cmake/smart_cane_interfaces__rosidl_typesupport_introspection_cExport.cmake
[3.223s] -- Up-to-date: /home/sash/smart_cane_ws/install/smart_cane_interfaces/share/smart_cane_interfaces/cmake/smart_cane_interfaces__rosidl_typesupport_introspection_cExport-noconfig.cmake
[3.224s] -- Up-to-date: /home/sash/smart_cane_ws/install/smart_cane_interfaces/share/smart_cane_interfaces/cmake/smart_cane_interfaces__rosidl_typesupport_cExport.cmake
[3.224s] -- Up-to-date: /home/sash/smart_cane_ws/install/smart_cane_interfaces/share/smart_cane_interfaces/cmake/smart_cane_interfaces__rosidl_typesupport_cExport-noconfig.cmake
[3.224s] -- Up-to-date: /home/sash/smart_cane_ws/install/smart_cane_interfaces/share/smart_cane_interfaces/cmake/smart_cane_interfaces__rosidl_typesupport_introspection_cppExport.cmake
[3.224s] -- Up-to-date: /home/sash/smart_cane_ws/install/smart_cane_interfaces/share/smart_cane_interfaces/cmake/smart_cane_interfaces__rosidl_typesupport_introspection_cppExport-noconfig.cmake
[3.224s] -- Up-to-date: /home/sash/smart_cane_ws/install/smart_cane_interfaces/share/smart_cane_interfaces/cmake/smart_cane_interfaces__rosidl_typesupport_cppExport.cmake
[3.225s] -- Up-to-date: /home/sash/smart_cane_ws/install/smart_cane_interfaces/share/smart_cane_interfaces/cmake/smart_cane_interfaces__rosidl_typesupport_cppExport-noconfig.cmake
[3.225s] -- Up-to-date: /home/sash/smart_cane_ws/install/smart_cane_interfaces/share/smart_cane_interfaces/cmake/rosidl_cmake-extras.cmake
[3.225s] -- Up-to-date: /home/sash/smart_cane_ws/install/smart_cane_interfaces/share/smart_cane_interfaces/cmake/ament_cmake_export_dependencies-extras.cmake
[3.226s] -- Up-to-date: /home/sash/smart_cane_ws/install/smart_cane_interfaces/share/smart_cane_interfaces/cmake/ament_cmake_export_include_directories-extras.cmake
[3.226s] -- Up-to-date: /home/sash/smart_cane_ws/install/smart_cane_interfaces/share/smart_cane_interfaces/cmake/ament_cmake_export_libraries-extras.cmake
[3.226s] -- Up-to-date: /home/sash/smart_cane_ws/install/smart_cane_interfaces/share/smart_cane_interfaces/cmake/ament_cmake_export_targets-extras.cmake
[3.226s] -- Up-to-date: /home/sash/smart_cane_ws/install/smart_cane_interfaces/share/smart_cane_interfaces/cmake/rosidl_cmake_export_typesupport_targets-extras.cmake
[3.227s] -- Up-to-date: /home/sash/smart_cane_ws/install/smart_cane_interfaces/share/smart_cane_interfaces/cmake/rosidl_cmake_export_typesupport_libraries-extras.cmake
[3.227s] -- Up-to-date: /home/sash/smart_cane_ws/install/smart_cane_interfaces/share/smart_cane_interfaces/cmake/smart_cane_interfacesConfig.cmake
[3.227s] -- Up-to-date: /home/sash/smart_cane_ws/install/smart_cane_interfaces/share/smart_cane_interfaces/cmake/smart_cane_interfacesConfig-version.cmake
[3.227s] -- Up-to-date: /home/sash/smart_cane_ws/install/smart_cane_interfaces/share/smart_cane_interfaces/package.xml
[3.228s] Invoked command in '/home/sash/smart_cane_ws/build/smart_cane_interfaces' returned '0': CMAKE_PREFIX_PATH=${CMAKE_PREFIX_PATH}:/home/sash/smart_cane_ws/install/smart_cane_system:/opt/ros/humble /usr/bin/cmake --install /home/sash/smart_cane_ws/build/smart_cane_interfaces
